[0.071s] Invoking command in '/mnt/d/MOnash/ECE4191/Code/atlas/build/atlas_msgs': CMAKE_PREFIX_PATH=/opt/ros/humble WSLENV=ELECTRON_RUN_AS_NODE/w: /usr/bin/cmake /mnt/d/MOnash/ECE4191/Code/atlas/atlas_ws/src/atlas_msgs -DCMAKE_INSTALL_PREFIX=/mnt/d/MOnash/ECE4191/Code/atlas/install/atlas_msgs
[0.384s] -- The C compiler identification is GNU 11.4.0
[0.895s] -- The CXX compiler identification is GNU 11.4.0
[1.202s] -- Detecting C compiler ABI info
[1.607s] -- Detecting C compiler ABI info - done
[1.626s] -- Check for working C compiler: /usr/bin/cc - skipped
[1.626s] -- Detecting C compile features
[1.627s] -- Detecting C compile features - done
[1.670s] -- Detecting CXX compiler ABI info
[2.074s] -- Detecting CXX compiler ABI info - done
[2.092s] -- Check for working CXX compiler: /usr/bin/c++ - skipped
[2.093s] -- Detecting CXX compile features
[2.094s] -- Detecting CXX compile features - done
[2.136s] -- Found ament_cmake: 1.3.10 (/opt/ros/humble/share/ament_cmake/cmake)
[2.247s] -- Found Python3: /usr/bin/python3 (found version "3.10.12") found components: Interpreter 
[2.378s] -- Found ament_lint_auto: 0.12.11 (/opt/ros/humble/share/ament_lint_auto/cmake)
[2.489s] -- Found geometry_msgs: 4.2.4 (/opt/ros/humble/share/geometry_msgs/cmake)
[2.642s] -- Found rosidl_generator_c: 3.1.5 (/opt/ros/humble/share/rosidl_generator_c/cmake)
[2.646s] -- Found rosidl_adapter: 3.1.5 (/opt/ros/humble/share/rosidl_adapter/cmake)
[2.653s] -- Found rosidl_generator_cpp: 3.1.5 (/opt/ros/humble/share/rosidl_generator_cpp/cmake)
[2.667s] -- Using all available rosidl_typesupport_c: rosidl_typesupport_fastrtps_c;rosidl_typesupport_introspection_c
[2.680s] -- Using all available rosidl_typesupport_cpp: rosidl_typesupport_fastrtps_cpp;rosidl_typesupport_introspection_cpp
[2.711s] -- Found rosidl_default_generators: 1.2.0 (/opt/ros/humble/share/rosidl_default_generators/cmake)
[2.720s] [31mCMake Error at /opt/ros/humble/share/rosidl_cmake/cmake/rosidl_generate_interfaces.cmake:93 (message):
[2.720s]   rosidl_generate_interfaces() the passed file 'srv/AtlasCommand.msg' doesn't
[2.721s]   exist relative to the CMAKE_CURRENT_SOURCE_DIR
[2.721s]   '/mnt/d/MOnash/ECE4191/Code/atlas/atlas_ws/src/atlas_msgs'
[2.722s] Call Stack (most recent call first):
[2.722s]   CMakeLists.txt:29 (rosidl_generate_interfaces)
[2.723s] 
[2.723s] [0m
[2.724s] -- Configuring incomplete, errors occurred!
[2.724s] See also "/mnt/d/MOnash/ECE4191/Code/atlas/build/atlas_msgs/CMakeFiles/CMakeOutput.log".
[2.734s] Invoked command in '/mnt/d/MOnash/ECE4191/Code/atlas/build/atlas_msgs' returned '1': CMAKE_PREFIX_PATH=/opt/ros/humble WSLENV=ELECTRON_RUN_AS_NODE/w: /usr/bin/cmake /mnt/d/MOnash/ECE4191/Code/atlas/atlas_ws/src/atlas_msgs -DCMAKE_INSTALL_PREFIX=/mnt/d/MOnash/ECE4191/Code/atlas/install/atlas_msgs
