-- Found ament_cmake: 1.3.10 (/opt/ros/humble/share/ament_cmake/cmake)
-- Found ament_lint_auto: 0.12.11 (/opt/ros/humble/share/ament_lint_auto/cmake)
-- Found geometry_msgs: 4.2.4 (/opt/ros/humble/share/geometry_msgs/cmake)
-- Found rosidl_generator_c: 3.1.5 (/opt/ros/humble/share/rosidl_generator_c/cmake)
-- Found rosidl_adapter: 3.1.5 (/opt/ros/humble/share/rosidl_adapter/cmake)
-- Found rosidl_generator_cpp: 3.1.5 (/opt/ros/humble/share/rosidl_generator_cpp/cmake)
-- Using all available rosidl_typesupport_c: rosidl_typesupport_fastrtps_c;rosidl_typesupport_introspection_c
-- Using all available rosidl_typesupport_cpp: rosidl_typesupport_fastrtps_cpp;rosidl_typesupport_introspection_cpp
-- Found rosidl_default_generators: 1.2.0 (/opt/ros/humble/share/rosidl_default_generators/cmake)
-- Found ament_cmake_ros: 0.10.0 (/opt/ros/humble/share/ament_cmake_ros/cmake)
-- Using all available rosidl_typesupport_c: rosidl_typesupport_fastrtps_c;rosidl_typesupport_introspection_c
-- Using all available rosidl_typesupport_cpp: rosidl_typesupport_fastrtps_cpp;rosidl_typesupport_introspection_cpp
-- Found python_cmake_module: 0.10.0 (/opt/ros/humble/share/python_cmake_module/cmake)
-- Using PYTHON_EXECUTABLE: /usr/bin/python3
-- Using PYTHON_INCLUDE_DIRS: /usr/include/python3.10
-- Using PYTHON_LIBRARIES: /usr/lib/x86_64-linux-gnu/libpython3.10.so
-- Added test 'lint_cmake' to check CMake code style
-- Added test 'xmllint' to check XML markup files
-- Configuring done
-- Generating done
-- Build files have been written to: /mnt/d/MOnash/ECE4191/Code/atlas/build/atlas_msgs
[  2%] [34m[1mGenerating C code for ROS interfaces[0m
[  5%] [34m[1mGenerating C++ code for ROS interfaces[0m
[  5%] Built target atlas_msgs__cpp
[ 12%] [34m[1mGenerating C++ introspection for ROS interfaces[0m
[ 12%] [34m[1mGenerating C++ type support dispatch for ROS interfaces[0m
[ 12%] [34m[1mGenerating C++ type support for eProsima Fast-RTPS[0m
[35m[1mConsolidate compiler generated dependencies of target atlas_msgs__rosidl_generator_c[0m
[ 12%] Built target ament_cmake_python_copy_atlas_msgs
[ 15%] [32mBuilding C object CMakeFiles/atlas_msgs__rosidl_generator_c.dir/rosidl_generator_c/atlas_msgs/srv/detail/motion_request__functions.c.o[0m
[ 17%] [32mBuilding C object CMakeFiles/atlas_msgs__rosidl_generator_c.dir/rosidl_generator_c/atlas_msgs/srv/detail/detection__functions.c.o[0m
[35m[1mConsolidate compiler generated dependencies of target atlas_msgs__rosidl_typesupport_cpp[0m
[ 20%] [32m[1mLinking C shared library libatlas_msgs__rosidl_generator_c.so[0m
[35m[1mConsolidate compiler generated dependencies of target atlas_msgs__rosidl_typesupport_introspection_cpp[0m
running egg_info
writing atlas_msgs.egg-info/PKG-INFO
writing dependency_links to atlas_msgs.egg-info/dependency_links.txt
writing top-level names to atlas_msgs.egg-info/top_level.txt
[35m[1mConsolidate compiler generated dependencies of target atlas_msgs__rosidl_typesupport_fastrtps_cpp[0m
reading manifest file 'atlas_msgs.egg-info/SOURCES.txt'
writing manifest file 'atlas_msgs.egg-info/SOURCES.txt'
[ 20%] Built target ament_cmake_python_build_atlas_msgs_egg
[ 23%] [32mBuilding CXX object CMakeFiles/atlas_msgs__rosidl_typesupport_cpp.dir/rosidl_typesupport_cpp/atlas_msgs/srv/motion_request__type_support.cpp.o[0m
[ 25%] [32mBuilding CXX object CMakeFiles/atlas_msgs__rosidl_typesupport_cpp.dir/rosidl_typesupport_cpp/atlas_msgs/srv/detection__type_support.cpp.o[0m
[ 25%] Built target atlas_msgs__rosidl_generator_c
[ 28%] [32mBuilding CXX object CMakeFiles/atlas_msgs__rosidl_typesupport_introspection_cpp.dir/rosidl_typesupport_introspection_cpp/atlas_msgs/srv/detail/motion_request__type_support.cpp.o[0m
[ 35%] [34m[1mGenerating C type support for eProsima Fast-RTPS[0m
[ 35%] [34m[1mGenerating C type support dispatch for ROS interfaces[0m
[ 35%] [34m[1mGenerating C introspection for ROS interfaces[0m
[ 38%] [32mBuilding CXX object CMakeFiles/atlas_msgs__rosidl_typesupport_introspection_cpp.dir/rosidl_typesupport_introspection_cpp/atlas_msgs/srv/detail/detection__type_support.cpp.o[0m
[ 41%] [32mBuilding CXX object CMakeFiles/atlas_msgs__rosidl_typesupport_fastrtps_cpp.dir/rosidl_typesupport_fastrtps_cpp/atlas_msgs/srv/detail/dds_fastrtps/motion_request__type_support.cpp.o[0m
[ 43%] [32mBuilding CXX object CMakeFiles/atlas_msgs__rosidl_typesupport_fastrtps_cpp.dir/rosidl_typesupport_fastrtps_cpp/atlas_msgs/srv/detail/dds_fastrtps/detection__type_support.cpp.o[0m
[35m[1mConsolidate compiler generated dependencies of target atlas_msgs__rosidl_typesupport_c[0m
[ 46%] [32m[1mLinking CXX shared library libatlas_msgs__rosidl_typesupport_cpp.so[0m
[35m[1mConsolidate compiler generated dependencies of target atlas_msgs__rosidl_typesupport_introspection_c[0m
[ 48%] [32mBuilding CXX object CMakeFiles/atlas_msgs__rosidl_typesupport_c.dir/rosidl_typesupport_c/atlas_msgs/srv/motion_request__type_support.cpp.o[0m
[35m[1mConsolidate compiler generated dependencies of target atlas_msgs__rosidl_typesupport_fastrtps_c[0m
[ 51%] [32mBuilding CXX object CMakeFiles/atlas_msgs__rosidl_typesupport_c.dir/rosidl_typesupport_c/atlas_msgs/srv/detection__type_support.cpp.o[0m
[ 53%] [32mBuilding C object CMakeFiles/atlas_msgs__rosidl_typesupport_introspection_c.dir/rosidl_typesupport_introspection_c/atlas_msgs/srv/detail/motion_request__type_support.c.o[0m
[ 56%] [32mBuilding C object CMakeFiles/atlas_msgs__rosidl_typesupport_introspection_c.dir/rosidl_typesupport_introspection_c/atlas_msgs/srv/detail/detection__type_support.c.o[0m
[ 58%] [32m[1mLinking CXX shared library libatlas_msgs__rosidl_typesupport_c.so[0m
[ 58%] Built target atlas_msgs__rosidl_typesupport_cpp
[ 61%] [32m[1mLinking CXX shared library libatlas_msgs__rosidl_typesupport_introspection_cpp.so[0m
[ 64%] [32mBuilding CXX object CMakeFiles/atlas_msgs__rosidl_typesupport_fastrtps_c.dir/rosidl_typesupport_fastrtps_c/atlas_msgs/srv/detail/motion_request__type_support_c.cpp.o[0m
[ 66%] [32mBuilding CXX object CMakeFiles/atlas_msgs__rosidl_typesupport_fastrtps_c.dir/rosidl_typesupport_fastrtps_c/atlas_msgs/srv/detail/detection__type_support_c.cpp.o[0m
[ 69%] [32m[1mLinking C shared library libatlas_msgs__rosidl_typesupport_introspection_c.so[0m
[ 69%] Built target atlas_msgs__rosidl_typesupport_c
[ 71%] [32m[1mLinking CXX shared library libatlas_msgs__rosidl_typesupport_fastrtps_cpp.so[0m
[ 71%] Built target atlas_msgs__rosidl_typesupport_introspection_cpp
[ 71%] Built target atlas_msgs__rosidl_typesupport_introspection_c
[ 71%] Built target atlas_msgs__rosidl_typesupport_fastrtps_cpp
[ 74%] [32m[1mLinking CXX shared library libatlas_msgs__rosidl_typesupport_fastrtps_c.so[0m
[ 74%] Built target atlas_msgs__rosidl_typesupport_fastrtps_c
[ 74%] Built target atlas_msgs
[ 76%] [34m[1mGenerating Python code for ROS interfaces[0m
[ 76%] Built target atlas_msgs__py
[35m[1mConsolidate compiler generated dependencies of target atlas_msgs__rosidl_generator_py[0m
[ 79%] [32mBuilding C object CMakeFiles/atlas_msgs__rosidl_generator_py.dir/rosidl_generator_py/atlas_msgs/srv/_motion_request_s.c.o[0m
[ 82%] [32mBuilding C object CMakeFiles/atlas_msgs__rosidl_generator_py.dir/rosidl_generator_py/atlas_msgs/srv/_detection_s.c.o[0m
[ 84%] [32m[1mLinking C shared library rosidl_generator_py/atlas_msgs/libatlas_msgs__rosidl_generator_py.so[0m
[ 84%] Built target atlas_msgs__rosidl_generator_py
[35m[1mConsolidate compiler generated dependencies of target atlas_msgs__rosidl_typesupport_introspection_c__pyext[0m
[35m[1mConsolidate compiler generated dependencies of target atlas_msgs__rosidl_typesupport_c__pyext[0m
[35m[1mConsolidate compiler generated dependencies of target atlas_msgs__rosidl_typesupport_fastrtps_c__pyext[0m
[ 92%] [32mBuilding C object CMakeFiles/atlas_msgs__rosidl_typesupport_fastrtps_c__pyext.dir/rosidl_generator_py/atlas_msgs/_atlas_msgs_s.ep.rosidl_typesupport_fastrtps_c.c.o[0m
[ 92%] [32mBuilding C object CMakeFiles/atlas_msgs__rosidl_typesupport_introspection_c__pyext.dir/rosidl_generator_py/atlas_msgs/_atlas_msgs_s.ep.rosidl_typesupport_introspection_c.c.o[0m
[ 92%] [32mBuilding C object CMakeFiles/atlas_msgs__rosidl_typesupport_c__pyext.dir/rosidl_generator_py/atlas_msgs/_atlas_msgs_s.ep.rosidl_typesupport_c.c.o[0m
[ 94%] [32m[1mLinking C shared library rosidl_generator_py/atlas_msgs/atlas_msgs_s__rosidl_typesupport_c.cpython-310-x86_64-linux-gnu.so[0m
[100%] [32m[1mLinking C shared library rosidl_generator_py/atlas_msgs/atlas_msgs_s__rosidl_typesupport_fastrtps_c.cpython-310-x86_64-linux-gnu.so[0m
[100%] [32m[1mLinking C shared library rosidl_generator_py/atlas_msgs/atlas_msgs_s__rosidl_typesupport_introspection_c.cpython-310-x86_64-linux-gnu.so[0m
[100%] Built target atlas_msgs__rosidl_typesupport_c__pyext
[100%] Built target atlas_msgs__rosidl_typesupport_introspection_c__pyext
[100%] Built target atlas_msgs__rosidl_typesupport_fastrtps_c__pyext
-- Install configuration: ""
-- Up-to-date: /mnt/d/MOnash/ECE4191/Code/atlas/install/atlas_msgs/share/ament_index/resource_index/rosidl_interfaces/atlas_msgs
-- Up-to-date: /mnt/d/MOnash/ECE4191/Code/atlas/install/atlas_msgs/include/atlas_msgs/atlas_msgs
-- Up-to-date: /mnt/d/MOnash/ECE4191/Code/atlas/install/atlas_msgs/include/atlas_msgs/atlas_msgs/msg
-- Up-to-date: /mnt/d/MOnash/ECE4191/Code/atlas/install/atlas_msgs/include/atlas_msgs/atlas_msgs/msg/rosidl_generator_c__visibility_control.h
-- Up-to-date: /mnt/d/MOnash/ECE4191/Code/atlas/install/atlas_msgs/include/atlas_msgs/atlas_msgs/srv
-- Up-to-date: /mnt/d/MOnash/ECE4191/Code/atlas/install/atlas_msgs/include/atlas_msgs/atlas_msgs/srv/detail
-- Installing: /mnt/d/MOnash/ECE4191/Code/atlas/install/atlas_msgs/include/atlas_msgs/atlas_msgs/srv/detail/detection__functions.c
-- Installing: /mnt/d/MOnash/ECE4191/Code/atlas/install/atlas_msgs/include/atlas_msgs/atlas_msgs/srv/detail/detection__functions.h
-- Installing: /mnt/d/MOnash/ECE4191/Code/atlas/install/atlas_msgs/include/atlas_msgs/atlas_msgs/srv/detail/detection__struct.h
-- Installing: /mnt/d/MOnash/ECE4191/Code/atlas/install/atlas_msgs/include/atlas_msgs/atlas_msgs/srv/detail/detection__type_support.h
-- Installing: /mnt/d/MOnash/ECE4191/Code/atlas/install/atlas_msgs/include/atlas_msgs/atlas_msgs/srv/detail/motion_request__functions.c
-- Installing: /mnt/d/MOnash/ECE4191/Code/atlas/install/atlas_msgs/include/atlas_msgs/atlas_msgs/srv/detail/motion_request__functions.h
-- Installing: /mnt/d/MOnash/ECE4191/Code/atlas/install/atlas_msgs/include/atlas_msgs/atlas_msgs/srv/detail/motion_request__struct.h
-- Installing: /mnt/d/MOnash/ECE4191/Code/atlas/install/atlas_msgs/include/atlas_msgs/atlas_msgs/srv/detail/motion_request__type_support.h
-- Installing: /mnt/d/MOnash/ECE4191/Code/atlas/install/atlas_msgs/include/atlas_msgs/atlas_msgs/srv/detection.h
-- Installing: /mnt/d/MOnash/ECE4191/Code/atlas/install/atlas_msgs/include/atlas_msgs/atlas_msgs/srv/motion_request.h
-- Up-to-date: /mnt/d/MOnash/ECE4191/Code/atlas/install/atlas_msgs/share/atlas_msgs/environment/library_path.sh
-- Installing: /mnt/d/MOnash/ECE4191/Code/atlas/install/atlas_msgs/share/atlas_msgs/environment/library_path.dsv
-- Installing: /mnt/d/MOnash/ECE4191/Code/atlas/install/atlas_msgs/lib/libatlas_msgs__rosidl_generator_c.so
-- Set runtime path of "/mnt/d/MOnash/ECE4191/Code/atlas/install/atlas_msgs/lib/libatlas_msgs__rosidl_generator_c.so" to ""
-- Up-to-date: /mnt/d/MOnash/ECE4191/Code/atlas/install/atlas_msgs/include/atlas_msgs/atlas_msgs
-- Up-to-date: /mnt/d/MOnash/ECE4191/Code/atlas/install/atlas_msgs/include/atlas_msgs/atlas_msgs/msg
-- Up-to-date: /mnt/d/MOnash/ECE4191/Code/atlas/install/atlas_msgs/include/atlas_msgs/atlas_msgs/msg/rosidl_typesupport_fastrtps_c__visibility_control.h
-- Up-to-date: /mnt/d/MOnash/ECE4191/Code/atlas/install/atlas_msgs/include/atlas_msgs/atlas_msgs/srv
-- Up-to-date: /mnt/d/MOnash/ECE4191/Code/atlas/install/atlas_msgs/include/atlas_msgs/atlas_msgs/srv/detail
-- Installing: /mnt/d/MOnash/ECE4191/Code/atlas/install/atlas_msgs/include/atlas_msgs/atlas_msgs/srv/detail/detection__rosidl_typesupport_fastrtps_c.h
-- Installing: /mnt/d/MOnash/ECE4191/Code/atlas/install/atlas_msgs/include/atlas_msgs/atlas_msgs/srv/detail/motion_request__rosidl_typesupport_fastrtps_c.h
-- Installing: /mnt/d/MOnash/ECE4191/Code/atlas/install/atlas_msgs/lib/libatlas_msgs__rosidl_typesupport_fastrtps_c.so
-- Set runtime path of "/mnt/d/MOnash/ECE4191/Code/atlas/install/atlas_msgs/lib/libatlas_msgs__rosidl_typesupport_fastrtps_c.so" to ""
-- Up-to-date: /mnt/d/MOnash/ECE4191/Code/atlas/install/atlas_msgs/include/atlas_msgs/atlas_msgs
-- Up-to-date: /mnt/d/MOnash/ECE4191/Code/atlas/install/atlas_msgs/include/atlas_msgs/atlas_msgs/srv
-- Up-to-date: /mnt/d/MOnash/ECE4191/Code/atlas/install/atlas_msgs/include/atlas_msgs/atlas_msgs/srv/detail
-- Installing: /mnt/d/MOnash/ECE4191/Code/atlas/install/atlas_msgs/include/atlas_msgs/atlas_msgs/srv/detail/detection__builder.hpp
-- Installing: /mnt/d/MOnash/ECE4191/Code/atlas/install/atlas_msgs/include/atlas_msgs/atlas_msgs/srv/detail/detection__struct.hpp
-- Installing: /mnt/d/MOnash/ECE4191/Code/atlas/install/atlas_msgs/include/atlas_msgs/atlas_msgs/srv/detail/detection__traits.hpp
-- Installing: /mnt/d/MOnash/ECE4191/Code/atlas/install/atlas_msgs/include/atlas_msgs/atlas_msgs/srv/detail/motion_request__builder.hpp
-- Installing: /mnt/d/MOnash/ECE4191/Code/atlas/install/atlas_msgs/include/atlas_msgs/atlas_msgs/srv/detail/motion_request__struct.hpp
-- Installing: /mnt/d/MOnash/ECE4191/Code/atlas/install/atlas_msgs/include/atlas_msgs/atlas_msgs/srv/detail/motion_request__traits.hpp
-- Installing: /mnt/d/MOnash/ECE4191/Code/atlas/install/atlas_msgs/include/atlas_msgs/atlas_msgs/srv/detection.hpp
-- Installing: /mnt/d/MOnash/ECE4191/Code/atlas/install/atlas_msgs/include/atlas_msgs/atlas_msgs/srv/motion_request.hpp
-- Up-to-date: /mnt/d/MOnash/ECE4191/Code/atlas/install/atlas_msgs/include/atlas_msgs/atlas_msgs
-- Up-to-date: /mnt/d/MOnash/ECE4191/Code/atlas/install/atlas_msgs/include/atlas_msgs/atlas_msgs/msg
-- Up-to-date: /mnt/d/MOnash/ECE4191/Code/atlas/install/atlas_msgs/include/atlas_msgs/atlas_msgs/msg/rosidl_typesupport_fastrtps_cpp__visibility_control.h
-- Up-to-date: /mnt/d/MOnash/ECE4191/Code/atlas/install/atlas_msgs/include/atlas_msgs/atlas_msgs/srv
-- Up-to-date: /mnt/d/MOnash/ECE4191/Code/atlas/install/atlas_msgs/include/atlas_msgs/atlas_msgs/srv/detail
-- Up-to-date: /mnt/d/MOnash/ECE4191/Code/atlas/install/atlas_msgs/include/atlas_msgs/atlas_msgs/srv/detail/dds_fastrtps
-- Installing: /mnt/d/MOnash/ECE4191/Code/atlas/install/atlas_msgs/include/atlas_msgs/atlas_msgs/srv/detail/detection__rosidl_typesupport_fastrtps_cpp.hpp
-- Installing: /mnt/d/MOnash/ECE4191/Code/atlas/install/atlas_msgs/include/atlas_msgs/atlas_msgs/srv/detail/motion_request__rosidl_typesupport_fastrtps_cpp.hpp
-- Installing: /mnt/d/MOnash/ECE4191/Code/atlas/install/atlas_msgs/lib/libatlas_msgs__rosidl_typesupport_fastrtps_cpp.so
-- Set runtime path of "/mnt/d/MOnash/ECE4191/Code/atlas/install/atlas_msgs/lib/libatlas_msgs__rosidl_typesupport_fastrtps_cpp.so" to ""
-- Up-to-date: /mnt/d/MOnash/ECE4191/Code/atlas/install/atlas_msgs/include/atlas_msgs/atlas_msgs
-- Up-to-date: /mnt/d/MOnash/ECE4191/Code/atlas/install/atlas_msgs/include/atlas_msgs/atlas_msgs/msg
-- Up-to-date: /mnt/d/MOnash/ECE4191/Code/atlas/install/atlas_msgs/include/atlas_msgs/atlas_msgs/msg/rosidl_typesupport_introspection_c__visibility_control.h
-- Up-to-date: /mnt/d/MOnash/ECE4191/Code/atlas/install/atlas_msgs/include/atlas_msgs/atlas_msgs/srv
-- Up-to-date: /mnt/d/MOnash/ECE4191/Code/atlas/install/atlas_msgs/include/atlas_msgs/atlas_msgs/srv/detail
-- Installing: /mnt/d/MOnash/ECE4191/Code/atlas/install/atlas_msgs/include/atlas_msgs/atlas_msgs/srv/detail/detection__rosidl_typesupport_introspection_c.h
-- Installing: /mnt/d/MOnash/ECE4191/Code/atlas/install/atlas_msgs/include/atlas_msgs/atlas_msgs/srv/detail/detection__type_support.c
-- Installing: /mnt/d/MOnash/ECE4191/Code/atlas/install/atlas_msgs/include/atlas_msgs/atlas_msgs/srv/detail/motion_request__rosidl_typesupport_introspection_c.h
-- Installing: /mnt/d/MOnash/ECE4191/Code/atlas/install/atlas_msgs/include/atlas_msgs/atlas_msgs/srv/detail/motion_request__type_support.c
-- Installing: /mnt/d/MOnash/ECE4191/Code/atlas/install/atlas_msgs/lib/libatlas_msgs__rosidl_typesupport_introspection_c.so
-- Set runtime path of "/mnt/d/MOnash/ECE4191/Code/atlas/install/atlas_msgs/lib/libatlas_msgs__rosidl_typesupport_introspection_c.so" to ""
-- Installing: /mnt/d/MOnash/ECE4191/Code/atlas/install/atlas_msgs/lib/libatlas_msgs__rosidl_typesupport_c.so
-- Set runtime path of "/mnt/d/MOnash/ECE4191/Code/atlas/install/atlas_msgs/lib/libatlas_msgs__rosidl_typesupport_c.so" to ""
-- Up-to-date: /mnt/d/MOnash/ECE4191/Code/atlas/install/atlas_msgs/include/atlas_msgs/atlas_msgs
-- Up-to-date: /mnt/d/MOnash/ECE4191/Code/atlas/install/atlas_msgs/include/atlas_msgs/atlas_msgs/srv
-- Up-to-date: /mnt/d/MOnash/ECE4191/Code/atlas/install/atlas_msgs/include/atlas_msgs/atlas_msgs/srv/detail
-- Installing: /mnt/d/MOnash/ECE4191/Code/atlas/install/atlas_msgs/include/atlas_msgs/atlas_msgs/srv/detail/detection__rosidl_typesupport_introspection_cpp.hpp
-- Installing: /mnt/d/MOnash/ECE4191/Code/atlas/install/atlas_msgs/include/atlas_msgs/atlas_msgs/srv/detail/detection__type_support.cpp
-- Installing: /mnt/d/MOnash/ECE4191/Code/atlas/install/atlas_msgs/include/atlas_msgs/atlas_msgs/srv/detail/motion_request__rosidl_typesupport_introspection_cpp.hpp
-- Installing: /mnt/d/MOnash/ECE4191/Code/atlas/install/atlas_msgs/include/atlas_msgs/atlas_msgs/srv/detail/motion_request__type_support.cpp
-- Installing: /mnt/d/MOnash/ECE4191/Code/atlas/install/atlas_msgs/lib/libatlas_msgs__rosidl_typesupport_introspection_cpp.so
-- Set runtime path of "/mnt/d/MOnash/ECE4191/Code/atlas/install/atlas_msgs/lib/libatlas_msgs__rosidl_typesupport_introspection_cpp.so" to ""
-- Installing: /mnt/d/MOnash/ECE4191/Code/atlas/install/atlas_msgs/lib/libatlas_msgs__rosidl_typesupport_cpp.so
-- Set runtime path of "/mnt/d/MOnash/ECE4191/Code/atlas/install/atlas_msgs/lib/libatlas_msgs__rosidl_typesupport_cpp.so" to ""
-- Up-to-date: /mnt/d/MOnash/ECE4191/Code/atlas/install/atlas_msgs/share/atlas_msgs/environment/pythonpath.sh
-- Installing: /mnt/d/MOnash/ECE4191/Code/atlas/install/atlas_msgs/share/atlas_msgs/environment/pythonpath.dsv
-- Up-to-date: /mnt/d/MOnash/ECE4191/Code/atlas/install/atlas_msgs/local/lib/python3.10/dist-packages/atlas_msgs-0.0.0-py3.10.egg-info
-- Installing: /mnt/d/MOnash/ECE4191/Code/atlas/install/atlas_msgs/local/lib/python3.10/dist-packages/atlas_msgs-0.0.0-py3.10.egg-info/dependency_links.txt
-- Installing: /mnt/d/MOnash/ECE4191/Code/atlas/install/atlas_msgs/local/lib/python3.10/dist-packages/atlas_msgs-0.0.0-py3.10.egg-info/PKG-INFO
-- Installing: /mnt/d/MOnash/ECE4191/Code/atlas/install/atlas_msgs/local/lib/python3.10/dist-packages/atlas_msgs-0.0.0-py3.10.egg-info/SOURCES.txt
-- Installing: /mnt/d/MOnash/ECE4191/Code/atlas/install/atlas_msgs/local/lib/python3.10/dist-packages/atlas_msgs-0.0.0-py3.10.egg-info/top_level.txt
-- Up-to-date: /mnt/d/MOnash/ECE4191/Code/atlas/install/atlas_msgs/local/lib/python3.10/dist-packages/atlas_msgs
-- Installing: /mnt/d/MOnash/ECE4191/Code/atlas/install/atlas_msgs/local/lib/python3.10/dist-packages/atlas_msgs/atlas_msgs_s__rosidl_typesupport_c.cpython-310-x86_64-linux-gnu.so
-- Installing: /mnt/d/MOnash/ECE4191/Code/atlas/install/atlas_msgs/local/lib/python3.10/dist-packages/atlas_msgs/atlas_msgs_s__rosidl_typesupport_fastrtps_c.cpython-310-x86_64-linux-gnu.so
-- Installing: /mnt/d/MOnash/ECE4191/Code/atlas/install/atlas_msgs/local/lib/python3.10/dist-packages/atlas_msgs/atlas_msgs_s__rosidl_typesupport_introspection_c.cpython-310-x86_64-linux-gnu.so
-- Installing: /mnt/d/MOnash/ECE4191/Code/atlas/install/atlas_msgs/local/lib/python3.10/dist-packages/atlas_msgs/libatlas_msgs__rosidl_generator_py.so
-- Up-to-date: /mnt/d/MOnash/ECE4191/Code/atlas/install/atlas_msgs/local/lib/python3.10/dist-packages/atlas_msgs/srv
-- Installing: /mnt/d/MOnash/ECE4191/Code/atlas/install/atlas_msgs/local/lib/python3.10/dist-packages/atlas_msgs/srv/_detection.py
-- Installing: /mnt/d/MOnash/ECE4191/Code/atlas/install/atlas_msgs/local/lib/python3.10/dist-packages/atlas_msgs/srv/_detection_s.c
-- Installing: /mnt/d/MOnash/ECE4191/Code/atlas/install/atlas_msgs/local/lib/python3.10/dist-packages/atlas_msgs/srv/_motion_request.py
-- Installing: /mnt/d/MOnash/ECE4191/Code/atlas/install/atlas_msgs/local/lib/python3.10/dist-packages/atlas_msgs/srv/_motion_request_s.c
-- Installing: /mnt/d/MOnash/ECE4191/Code/atlas/install/atlas_msgs/local/lib/python3.10/dist-packages/atlas_msgs/srv/__init__.py
-- Installing: /mnt/d/MOnash/ECE4191/Code/atlas/install/atlas_msgs/local/lib/python3.10/dist-packages/atlas_msgs/_atlas_msgs_s.ep.rosidl_typesupport_c.c
-- Installing: /mnt/d/MOnash/ECE4191/Code/atlas/install/atlas_msgs/local/lib/python3.10/dist-packages/atlas_msgs/_atlas_msgs_s.ep.rosidl_typesupport_fastrtps_c.c
-- Installing: /mnt/d/MOnash/ECE4191/Code/atlas/install/atlas_msgs/local/lib/python3.10/dist-packages/atlas_msgs/_atlas_msgs_s.ep.rosidl_typesupport_introspection_c.c
-- Installing: /mnt/d/MOnash/ECE4191/Code/atlas/install/atlas_msgs/local/lib/python3.10/dist-packages/atlas_msgs/__init__.py
Listing '/mnt/d/MOnash/ECE4191/Code/atlas/install/atlas_msgs/local/lib/python3.10/dist-packages/atlas_msgs'...
Compiling '/mnt/d/MOnash/ECE4191/Code/atlas/install/atlas_msgs/local/lib/python3.10/dist-packages/atlas_msgs/__init__.py'...
Listing '/mnt/d/MOnash/ECE4191/Code/atlas/install/atlas_msgs/local/lib/python3.10/dist-packages/atlas_msgs/srv'...
Compiling '/mnt/d/MOnash/ECE4191/Code/atlas/install/atlas_msgs/local/lib/python3.10/dist-packages/atlas_msgs/srv/__init__.py'...
Compiling '/mnt/d/MOnash/ECE4191/Code/atlas/install/atlas_msgs/local/lib/python3.10/dist-packages/atlas_msgs/srv/_detection.py'...
Compiling '/mnt/d/MOnash/ECE4191/Code/atlas/install/atlas_msgs/local/lib/python3.10/dist-packages/atlas_msgs/srv/_motion_request.py'...
-- Installing: /mnt/d/MOnash/ECE4191/Code/atlas/install/atlas_msgs/local/lib/python3.10/dist-packages/atlas_msgs/atlas_msgs_s__rosidl_typesupport_fastrtps_c.cpython-310-x86_64-linux-gnu.so
-- Set runtime path of "/mnt/d/MOnash/ECE4191/Code/atlas/install/atlas_msgs/local/lib/python3.10/dist-packages/atlas_msgs/atlas_msgs_s__rosidl_typesupport_fastrtps_c.cpython-310-x86_64-linux-gnu.so" to ""
-- Installing: /mnt/d/MOnash/ECE4191/Code/atlas/install/atlas_msgs/local/lib/python3.10/dist-packages/atlas_msgs/atlas_msgs_s__rosidl_typesupport_introspection_c.cpython-310-x86_64-linux-gnu.so
-- Set runtime path of "/mnt/d/MOnash/ECE4191/Code/atlas/install/atlas_msgs/local/lib/python3.10/dist-packages/atlas_msgs/atlas_msgs_s__rosidl_typesupport_introspection_c.cpython-310-x86_64-linux-gnu.so" to ""
-- Installing: /mnt/d/MOnash/ECE4191/Code/atlas/install/atlas_msgs/local/lib/python3.10/dist-packages/atlas_msgs/atlas_msgs_s__rosidl_typesupport_c.cpython-310-x86_64-linux-gnu.so
-- Set runtime path of "/mnt/d/MOnash/ECE4191/Code/atlas/install/atlas_msgs/local/lib/python3.10/dist-packages/atlas_msgs/atlas_msgs_s__rosidl_typesupport_c.cpython-310-x86_64-linux-gnu.so" to ""
-- Installing: /mnt/d/MOnash/ECE4191/Code/atlas/install/atlas_msgs/lib/libatlas_msgs__rosidl_generator_py.so
-- Set runtime path of "/mnt/d/MOnash/ECE4191/Code/atlas/install/atlas_msgs/lib/libatlas_msgs__rosidl_generator_py.so" to ""
-- Installing: /mnt/d/MOnash/ECE4191/Code/atlas/install/atlas_msgs/share/atlas_msgs/srv/MotionRequest.idl
-- Up-to-date: /mnt/d/MOnash/ECE4191/Code/atlas/install/atlas_msgs/share/atlas_msgs/srv/Detection.idl
-- Installing: /mnt/d/MOnash/ECE4191/Code/atlas/install/atlas_msgs/share/atlas_msgs/srv/MotionRequest.srv
-- Installing: /mnt/d/MOnash/ECE4191/Code/atlas/install/atlas_msgs/share/atlas_msgs/srv/MotionRequest_Request.msg
-- Up-to-date: /mnt/d/MOnash/ECE4191/Code/atlas/install/atlas_msgs/share/atlas_msgs/srv/MotionRequest_Response.msg
-- Up-to-date: /mnt/d/MOnash/ECE4191/Code/atlas/install/atlas_msgs/share/atlas_msgs/srv/Detection.srv
-- Up-to-date: /mnt/d/MOnash/ECE4191/Code/atlas/install/atlas_msgs/share/atlas_msgs/srv/Detection_Request.msg
-- Up-to-date: /mnt/d/MOnash/ECE4191/Code/atlas/install/atlas_msgs/share/atlas_msgs/srv/Detection_Response.msg
-- Up-to-date: /mnt/d/MOnash/ECE4191/Code/atlas/install/atlas_msgs/share/ament_index/resource_index/package_run_dependencies/atlas_msgs
-- Up-to-date: /mnt/d/MOnash/ECE4191/Code/atlas/install/atlas_msgs/share/ament_index/resource_index/parent_prefix_path/atlas_msgs
-- Up-to-date: /mnt/d/MOnash/ECE4191/Code/atlas/install/atlas_msgs/share/atlas_msgs/environment/ament_prefix_path.sh
-- Installing: /mnt/d/MOnash/ECE4191/Code/atlas/install/atlas_msgs/share/atlas_msgs/environment/ament_prefix_path.dsv
-- Up-to-date: /mnt/d/MOnash/ECE4191/Code/atlas/install/atlas_msgs/share/atlas_msgs/environment/path.sh
-- Installing: /mnt/d/MOnash/ECE4191/Code/atlas/install/atlas_msgs/share/atlas_msgs/environment/path.dsv
-- Up-to-date: /mnt/d/MOnash/ECE4191/Code/atlas/install/atlas_msgs/share/atlas_msgs/local_setup.bash
-- Up-to-date: /mnt/d/MOnash/ECE4191/Code/atlas/install/atlas_msgs/share/atlas_msgs/local_setup.sh
-- Up-to-date: /mnt/d/MOnash/ECE4191/Code/atlas/install/atlas_msgs/share/atlas_msgs/local_setup.zsh
-- Installing: /mnt/d/MOnash/ECE4191/Code/atlas/install/atlas_msgs/share/atlas_msgs/local_setup.dsv
-- Installing: /mnt/d/MOnash/ECE4191/Code/atlas/install/atlas_msgs/share/atlas_msgs/package.dsv
-- Up-to-date: /mnt/d/MOnash/ECE4191/Code/atlas/install/atlas_msgs/share/ament_index/resource_index/packages/atlas_msgs
-- Up-to-date: /mnt/d/MOnash/ECE4191/Code/atlas/install/atlas_msgs/share/atlas_msgs/cmake/export_atlas_msgs__rosidl_generator_cExport.cmake
-- Up-to-date: /mnt/d/MOnash/ECE4191/Code/atlas/install/atlas_msgs/share/atlas_msgs/cmake/export_atlas_msgs__rosidl_generator_cExport-noconfig.cmake
-- Up-to-date: /mnt/d/MOnash/ECE4191/Code/atlas/install/atlas_msgs/share/atlas_msgs/cmake/export_atlas_msgs__rosidl_typesupport_fastrtps_cExport.cmake
-- Up-to-date: /mnt/d/MOnash/ECE4191/Code/atlas/install/atlas_msgs/share/atlas_msgs/cmake/export_atlas_msgs__rosidl_typesupport_fastrtps_cExport-noconfig.cmake
-- Up-to-date: /mnt/d/MOnash/ECE4191/Code/atlas/install/atlas_msgs/share/atlas_msgs/cmake/export_atlas_msgs__rosidl_generator_cppExport.cmake
-- Up-to-date: /mnt/d/MOnash/ECE4191/Code/atlas/install/atlas_msgs/share/atlas_msgs/cmake/export_atlas_msgs__rosidl_typesupport_fastrtps_cppExport.cmake
-- Up-to-date: /mnt/d/MOnash/ECE4191/Code/atlas/install/atlas_msgs/share/atlas_msgs/cmake/export_atlas_msgs__rosidl_typesupport_fastrtps_cppExport-noconfig.cmake
-- Up-to-date: /mnt/d/MOnash/ECE4191/Code/atlas/install/atlas_msgs/share/atlas_msgs/cmake/atlas_msgs__rosidl_typesupport_introspection_cExport.cmake
-- Up-to-date: /mnt/d/MOnash/ECE4191/Code/atlas/install/atlas_msgs/share/atlas_msgs/cmake/atlas_msgs__rosidl_typesupport_introspection_cExport-noconfig.cmake
-- Up-to-date: /mnt/d/MOnash/ECE4191/Code/atlas/install/atlas_msgs/share/atlas_msgs/cmake/atlas_msgs__rosidl_typesupport_cExport.cmake
-- Up-to-date: /mnt/d/MOnash/ECE4191/Code/atlas/install/atlas_msgs/share/atlas_msgs/cmake/atlas_msgs__rosidl_typesupport_cExport-noconfig.cmake
-- Up-to-date: /mnt/d/MOnash/ECE4191/Code/atlas/install/atlas_msgs/share/atlas_msgs/cmake/atlas_msgs__rosidl_typesupport_introspection_cppExport.cmake
-- Up-to-date: /mnt/d/MOnash/ECE4191/Code/atlas/install/atlas_msgs/share/atlas_msgs/cmake/atlas_msgs__rosidl_typesupport_introspection_cppExport-noconfig.cmake
-- Up-to-date: /mnt/d/MOnash/ECE4191/Code/atlas/install/atlas_msgs/share/atlas_msgs/cmake/atlas_msgs__rosidl_typesupport_cppExport.cmake
-- Up-to-date: /mnt/d/MOnash/ECE4191/Code/atlas/install/atlas_msgs/share/atlas_msgs/cmake/atlas_msgs__rosidl_typesupport_cppExport-noconfig.cmake
-- Up-to-date: /mnt/d/MOnash/ECE4191/Code/atlas/install/atlas_msgs/share/atlas_msgs/cmake/export_atlas_msgs__rosidl_generator_pyExport.cmake
-- Up-to-date: /mnt/d/MOnash/ECE4191/Code/atlas/install/atlas_msgs/share/atlas_msgs/cmake/export_atlas_msgs__rosidl_generator_pyExport-noconfig.cmake
-- Up-to-date: /mnt/d/MOnash/ECE4191/Code/atlas/install/atlas_msgs/share/atlas_msgs/cmake/rosidl_cmake-extras.cmake
-- Up-to-date: /mnt/d/MOnash/ECE4191/Code/atlas/install/atlas_msgs/share/atlas_msgs/cmake/ament_cmake_export_include_directories-extras.cmake
-- Up-to-date: /mnt/d/MOnash/ECE4191/Code/atlas/install/atlas_msgs/share/atlas_msgs/cmake/ament_cmake_export_libraries-extras.cmake
-- Up-to-date: /mnt/d/MOnash/ECE4191/Code/atlas/install/atlas_msgs/share/atlas_msgs/cmake/ament_cmake_export_targets-extras.cmake
-- Up-to-date: /mnt/d/MOnash/ECE4191/Code/atlas/install/atlas_msgs/share/atlas_msgs/cmake/rosidl_cmake_export_typesupport_targets-extras.cmake
-- Up-to-date: /mnt/d/MOnash/ECE4191/Code/atlas/install/atlas_msgs/share/atlas_msgs/cmake/ament_cmake_export_dependencies-extras.cmake
-- Up-to-date: /mnt/d/MOnash/ECE4191/Code/atlas/install/atlas_msgs/share/atlas_msgs/cmake/rosidl_cmake_export_typesupport_libraries-extras.cmake
-- Up-to-date: /mnt/d/MOnash/ECE4191/Code/atlas/install/atlas_msgs/share/atlas_msgs/cmake/atlas_msgsConfig.cmake
-- Up-to-date: /mnt/d/MOnash/ECE4191/Code/atlas/install/atlas_msgs/share/atlas_msgs/cmake/atlas_msgsConfig-version.cmake
-- Up-to-date: /mnt/d/MOnash/ECE4191/Code/atlas/install/atlas_msgs/share/atlas_msgs/package.xml
