[0.100s] Invoking command in '/mnt/d/Monash/ECE4191/Code/atlas/build/atlas_msgs': CMAKE_PREFIX_PATH=/opt/ros/humble WSLENV=ELECTRON_RUN_AS_NODE/w: /usr/bin/cmake --build /mnt/d/Monash/ECE4191/Code/atlas/build/atlas_msgs -- -j16 -l16
[0.342s] -- Found ament_cmake: 1.3.10 (/opt/ros/humble/share/ament_cmake/cmake)
[0.589s] -- Found ament_lint_auto: 0.12.11 (/opt/ros/humble/share/ament_lint_auto/cmake)
[0.744s] -- Found geometry_msgs: 4.2.4 (/opt/ros/humble/share/geometry_msgs/cmake)
[0.871s] -- Found rosidl_generator_c: 3.1.5 (/opt/ros/humble/share/rosidl_generator_c/cmake)
[0.874s] -- Found rosidl_adapter: 3.1.5 (/opt/ros/humble/share/rosidl_adapter/cmake)
[0.883s] -- Found rosidl_generator_cpp: 3.1.5 (/opt/ros/humble/share/rosidl_generator_cpp/cmake)
[0.902s] -- Using all available rosidl_typesupport_c: rosidl_typesupport_fastrtps_c;rosidl_typesupport_introspection_c
[0.926s] -- Using all available rosidl_typesupport_cpp: rosidl_typesupport_fastrtps_cpp;rosidl_typesupport_introspection_cpp
[0.975s] -- Found rosidl_default_generators: 1.2.0 (/opt/ros/humble/share/rosidl_default_generators/cmake)
[1.921s] -- Found ament_cmake_ros: 0.10.0 (/opt/ros/humble/share/ament_cmake_ros/cmake)
[3.755s] -- Using all available rosidl_typesupport_c: rosidl_typesupport_fastrtps_c;rosidl_typesupport_introspection_c
[4.347s] -- Using all available rosidl_typesupport_cpp: rosidl_typesupport_fastrtps_cpp;rosidl_typesupport_introspection_cpp
[4.364s] -- Found python_cmake_module: 0.10.0 (/opt/ros/humble/share/python_cmake_module/cmake)
[4.381s] -- Using PYTHON_EXECUTABLE: /usr/bin/python3
[4.381s] -- Using PYTHON_INCLUDE_DIRS: /usr/include/python3.10
[4.382s] -- Using PYTHON_LIBRARIES: /usr/lib/x86_64-linux-gnu/libpython3.10.so
[5.552s] -- Added test 'lint_cmake' to check CMake code style
[5.883s] -- Added test 'xmllint' to check XML markup files
[6.609s] -- Configuring done
[9.384s] -- Generating done
[9.788s] -- Build files have been written to: /mnt/d/MOnash/ECE4191/Code/atlas/build/atlas_msgs
[9.853s] [  2%] [34m[1mGenerating C code for ROS interfaces[0m
[9.896s] [  5%] [34m[1mGenerating C++ code for ROS interfaces[0m
[10.291s] [  5%] Built target atlas_msgs__cpp
[10.330s] [ 12%] [34m[1mGenerating C++ introspection for ROS interfaces[0m
[10.331s] [ 12%] [34m[1mGenerating C++ type support dispatch for ROS interfaces[0m
[10.331s] [ 12%] [34m[1mGenerating C++ type support for eProsima Fast-RTPS[0m
[10.358s] [35m[1mConsolidate compiler generated dependencies of target atlas_msgs__rosidl_generator_c[0m
[10.410s] [ 12%] Built target ament_cmake_python_copy_atlas_msgs
[10.478s] [ 15%] [32mBuilding C object CMakeFiles/atlas_msgs__rosidl_generator_c.dir/rosidl_generator_c/atlas_msgs/srv/detail/motion_request__functions.c.o[0m
[10.490s] [ 17%] [32mBuilding C object CMakeFiles/atlas_msgs__rosidl_generator_c.dir/rosidl_generator_c/atlas_msgs/srv/detail/detection__functions.c.o[0m
[10.689s] [35m[1mConsolidate compiler generated dependencies of target atlas_msgs__rosidl_typesupport_cpp[0m
[10.703s] [ 20%] [32m[1mLinking C shared library libatlas_msgs__rosidl_generator_c.so[0m
[10.750s] [35m[1mConsolidate compiler generated dependencies of target atlas_msgs__rosidl_typesupport_introspection_cpp[0m
[10.754s] running egg_info
[10.757s] writing atlas_msgs.egg-info/PKG-INFO
[10.761s] writing dependency_links to atlas_msgs.egg-info/dependency_links.txt
[10.768s] writing top-level names to atlas_msgs.egg-info/top_level.txt
[10.779s] [35m[1mConsolidate compiler generated dependencies of target atlas_msgs__rosidl_typesupport_fastrtps_cpp[0m
[10.796s] reading manifest file 'atlas_msgs.egg-info/SOURCES.txt'
[10.831s] writing manifest file 'atlas_msgs.egg-info/SOURCES.txt'
[10.855s] [ 20%] Built target ament_cmake_python_build_atlas_msgs_egg
[10.858s] [ 23%] [32mBuilding CXX object CMakeFiles/atlas_msgs__rosidl_typesupport_cpp.dir/rosidl_typesupport_cpp/atlas_msgs/srv/motion_request__type_support.cpp.o[0m
[10.869s] [ 25%] [32mBuilding CXX object CMakeFiles/atlas_msgs__rosidl_typesupport_cpp.dir/rosidl_typesupport_cpp/atlas_msgs/srv/detection__type_support.cpp.o[0m
[10.907s] [ 25%] Built target atlas_msgs__rosidl_generator_c
[10.939s] [ 28%] [32mBuilding CXX object CMakeFiles/atlas_msgs__rosidl_typesupport_introspection_cpp.dir/rosidl_typesupport_introspection_cpp/atlas_msgs/srv/detail/motion_request__type_support.cpp.o[0m
[10.945s] [ 35%] [34m[1mGenerating C type support for eProsima Fast-RTPS[0m
[10.946s] [ 35%] [34m[1mGenerating C type support dispatch for ROS interfaces[0m
[10.947s] [ 35%] [34m[1mGenerating C introspection for ROS interfaces[0m
[10.950s] [ 38%] [32mBuilding CXX object CMakeFiles/atlas_msgs__rosidl_typesupport_introspection_cpp.dir/rosidl_typesupport_introspection_cpp/atlas_msgs/srv/detail/detection__type_support.cpp.o[0m
[11.019s] [ 41%] [32mBuilding CXX object CMakeFiles/atlas_msgs__rosidl_typesupport_fastrtps_cpp.dir/rosidl_typesupport_fastrtps_cpp/atlas_msgs/srv/detail/dds_fastrtps/motion_request__type_support.cpp.o[0m
[11.032s] [ 43%] [32mBuilding CXX object CMakeFiles/atlas_msgs__rosidl_typesupport_fastrtps_cpp.dir/rosidl_typesupport_fastrtps_cpp/atlas_msgs/srv/detail/dds_fastrtps/detection__type_support.cpp.o[0m
[11.328s] [35m[1mConsolidate compiler generated dependencies of target atlas_msgs__rosidl_typesupport_c[0m
[11.424s] [ 46%] [32m[1mLinking CXX shared library libatlas_msgs__rosidl_typesupport_cpp.so[0m
[11.425s] [35m[1mConsolidate compiler generated dependencies of target atlas_msgs__rosidl_typesupport_introspection_c[0m
[11.441s] [ 48%] [32mBuilding CXX object CMakeFiles/atlas_msgs__rosidl_typesupport_c.dir/rosidl_typesupport_c/atlas_msgs/srv/motion_request__type_support.cpp.o[0m
[11.448s] [35m[1mConsolidate compiler generated dependencies of target atlas_msgs__rosidl_typesupport_fastrtps_c[0m
[11.453s] [ 51%] [32mBuilding CXX object CMakeFiles/atlas_msgs__rosidl_typesupport_c.dir/rosidl_typesupport_c/atlas_msgs/srv/detection__type_support.cpp.o[0m
[11.560s] [ 53%] [32mBuilding C object CMakeFiles/atlas_msgs__rosidl_typesupport_introspection_c.dir/rosidl_typesupport_introspection_c/atlas_msgs/srv/detail/motion_request__type_support.c.o[0m
[11.579s] [ 56%] [32mBuilding C object CMakeFiles/atlas_msgs__rosidl_typesupport_introspection_c.dir/rosidl_typesupport_introspection_c/atlas_msgs/srv/detail/detection__type_support.c.o[0m
[11.584s] [ 58%] [32m[1mLinking CXX shared library libatlas_msgs__rosidl_typesupport_c.so[0m
[11.680s] [ 58%] Built target atlas_msgs__rosidl_typesupport_cpp
[11.723s] [ 61%] [32m[1mLinking CXX shared library libatlas_msgs__rosidl_typesupport_introspection_cpp.so[0m
[11.739s] [ 64%] [32mBuilding CXX object CMakeFiles/atlas_msgs__rosidl_typesupport_fastrtps_c.dir/rosidl_typesupport_fastrtps_c/atlas_msgs/srv/detail/motion_request__type_support_c.cpp.o[0m
[11.759s] [ 66%] [32mBuilding CXX object CMakeFiles/atlas_msgs__rosidl_typesupport_fastrtps_c.dir/rosidl_typesupport_fastrtps_c/atlas_msgs/srv/detail/detection__type_support_c.cpp.o[0m
[11.805s] [ 69%] [32m[1mLinking C shared library libatlas_msgs__rosidl_typesupport_introspection_c.so[0m
[11.825s] [ 69%] Built target atlas_msgs__rosidl_typesupport_c
[11.921s] [ 71%] [32m[1mLinking CXX shared library libatlas_msgs__rosidl_typesupport_fastrtps_cpp.so[0m
[11.944s] [ 71%] Built target atlas_msgs__rosidl_typesupport_introspection_cpp
[12.002s] [ 71%] Built target atlas_msgs__rosidl_typesupport_introspection_c
[12.126s] [ 71%] Built target atlas_msgs__rosidl_typesupport_fastrtps_cpp
[12.427s] [ 74%] [32m[1mLinking CXX shared library libatlas_msgs__rosidl_typesupport_fastrtps_c.so[0m
[12.606s] [ 74%] Built target atlas_msgs__rosidl_typesupport_fastrtps_c
[12.657s] [ 74%] Built target atlas_msgs
[12.726s] [ 76%] [34m[1mGenerating Python code for ROS interfaces[0m
[13.189s] [ 76%] Built target atlas_msgs__py
[13.233s] [35m[1mConsolidate compiler generated dependencies of target atlas_msgs__rosidl_generator_py[0m
[13.366s] [ 79%] [32mBuilding C object CMakeFiles/atlas_msgs__rosidl_generator_py.dir/rosidl_generator_py/atlas_msgs/srv/_motion_request_s.c.o[0m
[13.369s] [ 82%] [32mBuilding C object CMakeFiles/atlas_msgs__rosidl_generator_py.dir/rosidl_generator_py/atlas_msgs/srv/_detection_s.c.o[0m
[13.775s] [ 84%] [32m[1mLinking C shared library rosidl_generator_py/atlas_msgs/libatlas_msgs__rosidl_generator_py.so[0m
[13.952s] [ 84%] Built target atlas_msgs__rosidl_generator_py
[13.992s] [35m[1mConsolidate compiler generated dependencies of target atlas_msgs__rosidl_typesupport_introspection_c__pyext[0m
[13.993s] [35m[1mConsolidate compiler generated dependencies of target atlas_msgs__rosidl_typesupport_c__pyext[0m
[13.993s] [35m[1mConsolidate compiler generated dependencies of target atlas_msgs__rosidl_typesupport_fastrtps_c__pyext[0m
[14.132s] [ 92%] [32mBuilding C object CMakeFiles/atlas_msgs__rosidl_typesupport_fastrtps_c__pyext.dir/rosidl_generator_py/atlas_msgs/_atlas_msgs_s.ep.rosidl_typesupport_fastrtps_c.c.o[0m
[14.133s] [ 92%] [32mBuilding C object CMakeFiles/atlas_msgs__rosidl_typesupport_introspection_c__pyext.dir/rosidl_generator_py/atlas_msgs/_atlas_msgs_s.ep.rosidl_typesupport_introspection_c.c.o[0m
[14.133s] [ 92%] [32mBuilding C object CMakeFiles/atlas_msgs__rosidl_typesupport_c__pyext.dir/rosidl_generator_py/atlas_msgs/_atlas_msgs_s.ep.rosidl_typesupport_c.c.o[0m
[14.450s] [ 94%] [32m[1mLinking C shared library rosidl_generator_py/atlas_msgs/atlas_msgs_s__rosidl_typesupport_c.cpython-310-x86_64-linux-gnu.so[0m
[14.529s] [100%] [32m[1mLinking C shared library rosidl_generator_py/atlas_msgs/atlas_msgs_s__rosidl_typesupport_fastrtps_c.cpython-310-x86_64-linux-gnu.so[0m
[14.530s] [100%] [32m[1mLinking C shared library rosidl_generator_py/atlas_msgs/atlas_msgs_s__rosidl_typesupport_introspection_c.cpython-310-x86_64-linux-gnu.so[0m
[14.682s] [100%] Built target atlas_msgs__rosidl_typesupport_c__pyext
[14.720s] [100%] Built target atlas_msgs__rosidl_typesupport_introspection_c__pyext
[14.725s] [100%] Built target atlas_msgs__rosidl_typesupport_fastrtps_c__pyext
[15.040s] Invoked command in '/mnt/d/Monash/ECE4191/Code/atlas/build/atlas_msgs' returned '0': CMAKE_PREFIX_PATH=/opt/ros/humble WSLENV=ELECTRON_RUN_AS_NODE/w: /usr/bin/cmake --build /mnt/d/Monash/ECE4191/Code/atlas/build/atlas_msgs -- -j16 -l16
[15.148s] Invoking command in '/mnt/d/Monash/ECE4191/Code/atlas/build/atlas_msgs': CMAKE_PREFIX_PATH=/opt/ros/humble WSLENV=ELECTRON_RUN_AS_NODE/w: /usr/bin/cmake --install /mnt/d/Monash/ECE4191/Code/atlas/build/atlas_msgs
[15.155s] -- Install configuration: ""
[15.188s] -- Up-to-date: /mnt/d/MOnash/ECE4191/Code/atlas/install/atlas_msgs/share/ament_index/resource_index/rosidl_interfaces/atlas_msgs
[15.207s] -- Up-to-date: /mnt/d/MOnash/ECE4191/Code/atlas/install/atlas_msgs/include/atlas_msgs/atlas_msgs
[15.234s] -- Up-to-date: /mnt/d/MOnash/ECE4191/Code/atlas/install/atlas_msgs/include/atlas_msgs/atlas_msgs/msg
[15.271s] -- Up-to-date: /mnt/d/MOnash/ECE4191/Code/atlas/install/atlas_msgs/include/atlas_msgs/atlas_msgs/msg/rosidl_generator_c__visibility_control.h
[15.294s] -- Up-to-date: /mnt/d/MOnash/ECE4191/Code/atlas/install/atlas_msgs/include/atlas_msgs/atlas_msgs/srv
[15.324s] -- Up-to-date: /mnt/d/MOnash/ECE4191/Code/atlas/install/atlas_msgs/include/atlas_msgs/atlas_msgs/srv/detail
[15.369s] -- Installing: /mnt/d/MOnash/ECE4191/Code/atlas/install/atlas_msgs/include/atlas_msgs/atlas_msgs/srv/detail/detection__functions.c
[15.518s] -- Installing: /mnt/d/MOnash/ECE4191/Code/atlas/install/atlas_msgs/include/atlas_msgs/atlas_msgs/srv/detail/detection__functions.h
[15.663s] -- Installing: /mnt/d/MOnash/ECE4191/Code/atlas/install/atlas_msgs/include/atlas_msgs/atlas_msgs/srv/detail/detection__struct.h
[15.799s] -- Installing: /mnt/d/MOnash/ECE4191/Code/atlas/install/atlas_msgs/include/atlas_msgs/atlas_msgs/srv/detail/detection__type_support.h
[15.936s] -- Installing: /mnt/d/MOnash/ECE4191/Code/atlas/install/atlas_msgs/include/atlas_msgs/atlas_msgs/srv/detail/motion_request__functions.c
[16.068s] -- Installing: /mnt/d/MOnash/ECE4191/Code/atlas/install/atlas_msgs/include/atlas_msgs/atlas_msgs/srv/detail/motion_request__functions.h
[16.223s] -- Installing: /mnt/d/MOnash/ECE4191/Code/atlas/install/atlas_msgs/include/atlas_msgs/atlas_msgs/srv/detail/motion_request__struct.h
[16.347s] -- Installing: /mnt/d/MOnash/ECE4191/Code/atlas/install/atlas_msgs/include/atlas_msgs/atlas_msgs/srv/detail/motion_request__type_support.h
[16.458s] -- Installing: /mnt/d/MOnash/ECE4191/Code/atlas/install/atlas_msgs/include/atlas_msgs/atlas_msgs/srv/detection.h
[16.563s] -- Installing: /mnt/d/MOnash/ECE4191/Code/atlas/install/atlas_msgs/include/atlas_msgs/atlas_msgs/srv/motion_request.h
[16.651s] -- Up-to-date: /mnt/d/MOnash/ECE4191/Code/atlas/install/atlas_msgs/share/atlas_msgs/environment/library_path.sh
[16.685s] -- Installing: /mnt/d/MOnash/ECE4191/Code/atlas/install/atlas_msgs/share/atlas_msgs/environment/library_path.dsv
[16.820s] -- Installing: /mnt/d/MOnash/ECE4191/Code/atlas/install/atlas_msgs/lib/libatlas_msgs__rosidl_generator_c.so
[16.913s] -- Set runtime path of "/mnt/d/MOnash/ECE4191/Code/atlas/install/atlas_msgs/lib/libatlas_msgs__rosidl_generator_c.so" to ""
[16.931s] -- Up-to-date: /mnt/d/MOnash/ECE4191/Code/atlas/install/atlas_msgs/include/atlas_msgs/atlas_msgs
[16.961s] -- Up-to-date: /mnt/d/MOnash/ECE4191/Code/atlas/install/atlas_msgs/include/atlas_msgs/atlas_msgs/msg
[16.997s] -- Up-to-date: /mnt/d/MOnash/ECE4191/Code/atlas/install/atlas_msgs/include/atlas_msgs/atlas_msgs/msg/rosidl_typesupport_fastrtps_c__visibility_control.h
[17.017s] -- Up-to-date: /mnt/d/MOnash/ECE4191/Code/atlas/install/atlas_msgs/include/atlas_msgs/atlas_msgs/srv
[17.052s] -- Up-to-date: /mnt/d/MOnash/ECE4191/Code/atlas/install/atlas_msgs/include/atlas_msgs/atlas_msgs/srv/detail
[17.101s] -- Installing: /mnt/d/MOnash/ECE4191/Code/atlas/install/atlas_msgs/include/atlas_msgs/atlas_msgs/srv/detail/detection__rosidl_typesupport_fastrtps_c.h
[17.201s] -- Installing: /mnt/d/MOnash/ECE4191/Code/atlas/install/atlas_msgs/include/atlas_msgs/atlas_msgs/srv/detail/motion_request__rosidl_typesupport_fastrtps_c.h
[17.333s] -- Installing: /mnt/d/MOnash/ECE4191/Code/atlas/install/atlas_msgs/lib/libatlas_msgs__rosidl_typesupport_fastrtps_c.so
[17.426s] -- Set runtime path of "/mnt/d/MOnash/ECE4191/Code/atlas/install/atlas_msgs/lib/libatlas_msgs__rosidl_typesupport_fastrtps_c.so" to ""
[17.445s] -- Up-to-date: /mnt/d/MOnash/ECE4191/Code/atlas/install/atlas_msgs/include/atlas_msgs/atlas_msgs
[17.483s] -- Up-to-date: /mnt/d/MOnash/ECE4191/Code/atlas/install/atlas_msgs/include/atlas_msgs/atlas_msgs/srv
[17.524s] -- Up-to-date: /mnt/d/MOnash/ECE4191/Code/atlas/install/atlas_msgs/include/atlas_msgs/atlas_msgs/srv/detail
[17.566s] -- Installing: /mnt/d/MOnash/ECE4191/Code/atlas/install/atlas_msgs/include/atlas_msgs/atlas_msgs/srv/detail/detection__builder.hpp
[17.664s] -- Installing: /mnt/d/MOnash/ECE4191/Code/atlas/install/atlas_msgs/include/atlas_msgs/atlas_msgs/srv/detail/detection__struct.hpp
[17.768s] -- Installing: /mnt/d/MOnash/ECE4191/Code/atlas/install/atlas_msgs/include/atlas_msgs/atlas_msgs/srv/detail/detection__traits.hpp
[17.892s] -- Installing: /mnt/d/MOnash/ECE4191/Code/atlas/install/atlas_msgs/include/atlas_msgs/atlas_msgs/srv/detail/motion_request__builder.hpp
[18.012s] -- Installing: /mnt/d/MOnash/ECE4191/Code/atlas/install/atlas_msgs/include/atlas_msgs/atlas_msgs/srv/detail/motion_request__struct.hpp
[18.112s] -- Installing: /mnt/d/MOnash/ECE4191/Code/atlas/install/atlas_msgs/include/atlas_msgs/atlas_msgs/srv/detail/motion_request__traits.hpp
[18.218s] -- Installing: /mnt/d/MOnash/ECE4191/Code/atlas/install/atlas_msgs/include/atlas_msgs/atlas_msgs/srv/detection.hpp
[18.311s] -- Installing: /mnt/d/MOnash/ECE4191/Code/atlas/install/atlas_msgs/include/atlas_msgs/atlas_msgs/srv/motion_request.hpp
[18.395s] -- Up-to-date: /mnt/d/MOnash/ECE4191/Code/atlas/install/atlas_msgs/include/atlas_msgs/atlas_msgs
[18.424s] -- Up-to-date: /mnt/d/MOnash/ECE4191/Code/atlas/install/atlas_msgs/include/atlas_msgs/atlas_msgs/msg
[18.461s] -- Up-to-date: /mnt/d/MOnash/ECE4191/Code/atlas/install/atlas_msgs/include/atlas_msgs/atlas_msgs/msg/rosidl_typesupport_fastrtps_cpp__visibility_control.h
[18.483s] -- Up-to-date: /mnt/d/MOnash/ECE4191/Code/atlas/install/atlas_msgs/include/atlas_msgs/atlas_msgs/srv
[18.517s] -- Up-to-date: /mnt/d/MOnash/ECE4191/Code/atlas/install/atlas_msgs/include/atlas_msgs/atlas_msgs/srv/detail
[18.551s] -- Up-to-date: /mnt/d/MOnash/ECE4191/Code/atlas/install/atlas_msgs/include/atlas_msgs/atlas_msgs/srv/detail/dds_fastrtps
[18.597s] -- Installing: /mnt/d/MOnash/ECE4191/Code/atlas/install/atlas_msgs/include/atlas_msgs/atlas_msgs/srv/detail/detection__rosidl_typesupport_fastrtps_cpp.hpp
[18.715s] -- Installing: /mnt/d/MOnash/ECE4191/Code/atlas/install/atlas_msgs/include/atlas_msgs/atlas_msgs/srv/detail/motion_request__rosidl_typesupport_fastrtps_cpp.hpp
[18.831s] -- Installing: /mnt/d/MOnash/ECE4191/Code/atlas/install/atlas_msgs/lib/libatlas_msgs__rosidl_typesupport_fastrtps_cpp.so
[18.917s] -- Set runtime path of "/mnt/d/MOnash/ECE4191/Code/atlas/install/atlas_msgs/lib/libatlas_msgs__rosidl_typesupport_fastrtps_cpp.so" to ""
[18.933s] -- Up-to-date: /mnt/d/MOnash/ECE4191/Code/atlas/install/atlas_msgs/include/atlas_msgs/atlas_msgs
[18.963s] -- Up-to-date: /mnt/d/MOnash/ECE4191/Code/atlas/install/atlas_msgs/include/atlas_msgs/atlas_msgs/msg
[19.001s] -- Up-to-date: /mnt/d/MOnash/ECE4191/Code/atlas/install/atlas_msgs/include/atlas_msgs/atlas_msgs/msg/rosidl_typesupport_introspection_c__visibility_control.h
[19.022s] -- Up-to-date: /mnt/d/MOnash/ECE4191/Code/atlas/install/atlas_msgs/include/atlas_msgs/atlas_msgs/srv
[19.051s] -- Up-to-date: /mnt/d/MOnash/ECE4191/Code/atlas/install/atlas_msgs/include/atlas_msgs/atlas_msgs/srv/detail
[19.093s] -- Installing: /mnt/d/MOnash/ECE4191/Code/atlas/install/atlas_msgs/include/atlas_msgs/atlas_msgs/srv/detail/detection__rosidl_typesupport_introspection_c.h
[19.190s] -- Installing: /mnt/d/MOnash/ECE4191/Code/atlas/install/atlas_msgs/include/atlas_msgs/atlas_msgs/srv/detail/detection__type_support.c
[19.297s] -- Installing: /mnt/d/MOnash/ECE4191/Code/atlas/install/atlas_msgs/include/atlas_msgs/atlas_msgs/srv/detail/motion_request__rosidl_typesupport_introspection_c.h
[19.396s] -- Installing: /mnt/d/MOnash/ECE4191/Code/atlas/install/atlas_msgs/include/atlas_msgs/atlas_msgs/srv/detail/motion_request__type_support.c
[19.514s] -- Installing: /mnt/d/MOnash/ECE4191/Code/atlas/install/atlas_msgs/lib/libatlas_msgs__rosidl_typesupport_introspection_c.so
[19.598s] -- Set runtime path of "/mnt/d/MOnash/ECE4191/Code/atlas/install/atlas_msgs/lib/libatlas_msgs__rosidl_typesupport_introspection_c.so" to ""
[19.644s] -- Installing: /mnt/d/MOnash/ECE4191/Code/atlas/install/atlas_msgs/lib/libatlas_msgs__rosidl_typesupport_c.so
[19.725s] -- Set runtime path of "/mnt/d/MOnash/ECE4191/Code/atlas/install/atlas_msgs/lib/libatlas_msgs__rosidl_typesupport_c.so" to ""
[19.739s] -- Up-to-date: /mnt/d/MOnash/ECE4191/Code/atlas/install/atlas_msgs/include/atlas_msgs/atlas_msgs
[19.766s] -- Up-to-date: /mnt/d/MOnash/ECE4191/Code/atlas/install/atlas_msgs/include/atlas_msgs/atlas_msgs/srv
[19.799s] -- Up-to-date: /mnt/d/MOnash/ECE4191/Code/atlas/install/atlas_msgs/include/atlas_msgs/atlas_msgs/srv/detail
[19.838s] -- Installing: /mnt/d/MOnash/ECE4191/Code/atlas/install/atlas_msgs/include/atlas_msgs/atlas_msgs/srv/detail/detection__rosidl_typesupport_introspection_cpp.hpp
[19.934s] -- Installing: /mnt/d/MOnash/ECE4191/Code/atlas/install/atlas_msgs/include/atlas_msgs/atlas_msgs/srv/detail/detection__type_support.cpp
[20.033s] -- Installing: /mnt/d/MOnash/ECE4191/Code/atlas/install/atlas_msgs/include/atlas_msgs/atlas_msgs/srv/detail/motion_request__rosidl_typesupport_introspection_cpp.hpp
[20.129s] -- Installing: /mnt/d/MOnash/ECE4191/Code/atlas/install/atlas_msgs/include/atlas_msgs/atlas_msgs/srv/detail/motion_request__type_support.cpp
[20.245s] -- Installing: /mnt/d/MOnash/ECE4191/Code/atlas/install/atlas_msgs/lib/libatlas_msgs__rosidl_typesupport_introspection_cpp.so
[20.327s] -- Set runtime path of "/mnt/d/MOnash/ECE4191/Code/atlas/install/atlas_msgs/lib/libatlas_msgs__rosidl_typesupport_introspection_cpp.so" to ""
[20.374s] -- Installing: /mnt/d/MOnash/ECE4191/Code/atlas/install/atlas_msgs/lib/libatlas_msgs__rosidl_typesupport_cpp.so
[20.457s] -- Set runtime path of "/mnt/d/MOnash/ECE4191/Code/atlas/install/atlas_msgs/lib/libatlas_msgs__rosidl_typesupport_cpp.so" to ""
[20.484s] -- Up-to-date: /mnt/d/MOnash/ECE4191/Code/atlas/install/atlas_msgs/share/atlas_msgs/environment/pythonpath.sh
[20.514s] -- Installing: /mnt/d/MOnash/ECE4191/Code/atlas/install/atlas_msgs/share/atlas_msgs/environment/pythonpath.dsv
[20.585s] -- Up-to-date: /mnt/d/MOnash/ECE4191/Code/atlas/install/atlas_msgs/local/lib/python3.10/dist-packages/atlas_msgs-0.0.0-py3.10.egg-info
[20.623s] -- Installing: /mnt/d/MOnash/ECE4191/Code/atlas/install/atlas_msgs/local/lib/python3.10/dist-packages/atlas_msgs-0.0.0-py3.10.egg-info/dependency_links.txt
[20.718s] -- Installing: /mnt/d/MOnash/ECE4191/Code/atlas/install/atlas_msgs/local/lib/python3.10/dist-packages/atlas_msgs-0.0.0-py3.10.egg-info/PKG-INFO
[20.809s] -- Installing: /mnt/d/MOnash/ECE4191/Code/atlas/install/atlas_msgs/local/lib/python3.10/dist-packages/atlas_msgs-0.0.0-py3.10.egg-info/SOURCES.txt
[20.904s] -- Installing: /mnt/d/MOnash/ECE4191/Code/atlas/install/atlas_msgs/local/lib/python3.10/dist-packages/atlas_msgs-0.0.0-py3.10.egg-info/top_level.txt
[21.006s] -- Up-to-date: /mnt/d/MOnash/ECE4191/Code/atlas/install/atlas_msgs/local/lib/python3.10/dist-packages/atlas_msgs
[21.043s] -- Installing: /mnt/d/MOnash/ECE4191/Code/atlas/install/atlas_msgs/local/lib/python3.10/dist-packages/atlas_msgs/atlas_msgs_s__rosidl_typesupport_c.cpython-310-x86_64-linux-gnu.so
[21.135s] -- Installing: /mnt/d/MOnash/ECE4191/Code/atlas/install/atlas_msgs/local/lib/python3.10/dist-packages/atlas_msgs/atlas_msgs_s__rosidl_typesupport_fastrtps_c.cpython-310-x86_64-linux-gnu.so
[21.237s] -- Installing: /mnt/d/MOnash/ECE4191/Code/atlas/install/atlas_msgs/local/lib/python3.10/dist-packages/atlas_msgs/atlas_msgs_s__rosidl_typesupport_introspection_c.cpython-310-x86_64-linux-gnu.so
[21.329s] -- Installing: /mnt/d/MOnash/ECE4191/Code/atlas/install/atlas_msgs/local/lib/python3.10/dist-packages/atlas_msgs/libatlas_msgs__rosidl_generator_py.so
[21.418s] -- Up-to-date: /mnt/d/MOnash/ECE4191/Code/atlas/install/atlas_msgs/local/lib/python3.10/dist-packages/atlas_msgs/srv
[21.460s] -- Installing: /mnt/d/MOnash/ECE4191/Code/atlas/install/atlas_msgs/local/lib/python3.10/dist-packages/atlas_msgs/srv/_detection.py
[21.577s] -- Installing: /mnt/d/MOnash/ECE4191/Code/atlas/install/atlas_msgs/local/lib/python3.10/dist-packages/atlas_msgs/srv/_detection_s.c
[21.689s] -- Installing: /mnt/d/MOnash/ECE4191/Code/atlas/install/atlas_msgs/local/lib/python3.10/dist-packages/atlas_msgs/srv/_motion_request.py
[21.792s] -- Installing: /mnt/d/MOnash/ECE4191/Code/atlas/install/atlas_msgs/local/lib/python3.10/dist-packages/atlas_msgs/srv/_motion_request_s.c
[21.896s] -- Installing: /mnt/d/MOnash/ECE4191/Code/atlas/install/atlas_msgs/local/lib/python3.10/dist-packages/atlas_msgs/srv/__init__.py
[21.997s] -- Installing: /mnt/d/MOnash/ECE4191/Code/atlas/install/atlas_msgs/local/lib/python3.10/dist-packages/atlas_msgs/_atlas_msgs_s.ep.rosidl_typesupport_c.c
[22.092s] -- Installing: /mnt/d/MOnash/ECE4191/Code/atlas/install/atlas_msgs/local/lib/python3.10/dist-packages/atlas_msgs/_atlas_msgs_s.ep.rosidl_typesupport_fastrtps_c.c
[22.190s] -- Installing: /mnt/d/MOnash/ECE4191/Code/atlas/install/atlas_msgs/local/lib/python3.10/dist-packages/atlas_msgs/_atlas_msgs_s.ep.rosidl_typesupport_introspection_c.c
[22.289s] -- Installing: /mnt/d/MOnash/ECE4191/Code/atlas/install/atlas_msgs/local/lib/python3.10/dist-packages/atlas_msgs/__init__.py
[22.741s] Listing '/mnt/d/MOnash/ECE4191/Code/atlas/install/atlas_msgs/local/lib/python3.10/dist-packages/atlas_msgs'...
[22.741s] Compiling '/mnt/d/MOnash/ECE4191/Code/atlas/install/atlas_msgs/local/lib/python3.10/dist-packages/atlas_msgs/__init__.py'...
[22.742s] Listing '/mnt/d/MOnash/ECE4191/Code/atlas/install/atlas_msgs/local/lib/python3.10/dist-packages/atlas_msgs/srv'...
[22.742s] Compiling '/mnt/d/MOnash/ECE4191/Code/atlas/install/atlas_msgs/local/lib/python3.10/dist-packages/atlas_msgs/srv/__init__.py'...
[22.743s] Compiling '/mnt/d/MOnash/ECE4191/Code/atlas/install/atlas_msgs/local/lib/python3.10/dist-packages/atlas_msgs/srv/_detection.py'...
[22.743s] Compiling '/mnt/d/MOnash/ECE4191/Code/atlas/install/atlas_msgs/local/lib/python3.10/dist-packages/atlas_msgs/srv/_motion_request.py'...
[22.803s] -- Installing: /mnt/d/MOnash/ECE4191/Code/atlas/install/atlas_msgs/local/lib/python3.10/dist-packages/atlas_msgs/atlas_msgs_s__rosidl_typesupport_fastrtps_c.cpython-310-x86_64-linux-gnu.so
[22.932s] -- Set runtime path of "/mnt/d/MOnash/ECE4191/Code/atlas/install/atlas_msgs/local/lib/python3.10/dist-packages/atlas_msgs/atlas_msgs_s__rosidl_typesupport_fastrtps_c.cpython-310-x86_64-linux-gnu.so" to ""
[22.999s] -- Installing: /mnt/d/MOnash/ECE4191/Code/atlas/install/atlas_msgs/local/lib/python3.10/dist-packages/atlas_msgs/atlas_msgs_s__rosidl_typesupport_introspection_c.cpython-310-x86_64-linux-gnu.so
[23.119s] -- Set runtime path of "/mnt/d/MOnash/ECE4191/Code/atlas/install/atlas_msgs/local/lib/python3.10/dist-packages/atlas_msgs/atlas_msgs_s__rosidl_typesupport_introspection_c.cpython-310-x86_64-linux-gnu.so" to ""
[23.178s] -- Installing: /mnt/d/MOnash/ECE4191/Code/atlas/install/atlas_msgs/local/lib/python3.10/dist-packages/atlas_msgs/atlas_msgs_s__rosidl_typesupport_c.cpython-310-x86_64-linux-gnu.so
[23.296s] -- Set runtime path of "/mnt/d/MOnash/ECE4191/Code/atlas/install/atlas_msgs/local/lib/python3.10/dist-packages/atlas_msgs/atlas_msgs_s__rosidl_typesupport_c.cpython-310-x86_64-linux-gnu.so" to ""
[23.355s] -- Installing: /mnt/d/MOnash/ECE4191/Code/atlas/install/atlas_msgs/lib/libatlas_msgs__rosidl_generator_py.so
[23.477s] -- Set runtime path of "/mnt/d/MOnash/ECE4191/Code/atlas/install/atlas_msgs/lib/libatlas_msgs__rosidl_generator_py.so" to ""
[23.509s] -- Installing: /mnt/d/MOnash/ECE4191/Code/atlas/install/atlas_msgs/share/atlas_msgs/srv/MotionRequest.idl
[23.595s] -- Up-to-date: /mnt/d/MOnash/ECE4191/Code/atlas/install/atlas_msgs/share/atlas_msgs/srv/Detection.idl
[23.630s] -- Installing: /mnt/d/MOnash/ECE4191/Code/atlas/install/atlas_msgs/share/atlas_msgs/srv/MotionRequest.srv
[23.736s] -- Installing: /mnt/d/MOnash/ECE4191/Code/atlas/install/atlas_msgs/share/atlas_msgs/srv/MotionRequest_Request.msg
[23.837s] -- Up-to-date: /mnt/d/MOnash/ECE4191/Code/atlas/install/atlas_msgs/share/atlas_msgs/srv/MotionRequest_Response.msg
[23.871s] -- Up-to-date: /mnt/d/MOnash/ECE4191/Code/atlas/install/atlas_msgs/share/atlas_msgs/srv/Detection.srv
[23.903s] -- Up-to-date: /mnt/d/MOnash/ECE4191/Code/atlas/install/atlas_msgs/share/atlas_msgs/srv/Detection_Request.msg
[23.934s] -- Up-to-date: /mnt/d/MOnash/ECE4191/Code/atlas/install/atlas_msgs/share/atlas_msgs/srv/Detection_Response.msg
[23.971s] -- Up-to-date: /mnt/d/MOnash/ECE4191/Code/atlas/install/atlas_msgs/share/ament_index/resource_index/package_run_dependencies/atlas_msgs
[24.011s] -- Up-to-date: /mnt/d/MOnash/ECE4191/Code/atlas/install/atlas_msgs/share/ament_index/resource_index/parent_prefix_path/atlas_msgs
[24.029s] -- Up-to-date: /mnt/d/MOnash/ECE4191/Code/atlas/install/atlas_msgs/share/atlas_msgs/environment/ament_prefix_path.sh
[24.060s] -- Installing: /mnt/d/MOnash/ECE4191/Code/atlas/install/atlas_msgs/share/atlas_msgs/environment/ament_prefix_path.dsv
[24.136s] -- Up-to-date: /mnt/d/MOnash/ECE4191/Code/atlas/install/atlas_msgs/share/atlas_msgs/environment/path.sh
[24.167s] -- Installing: /mnt/d/MOnash/ECE4191/Code/atlas/install/atlas_msgs/share/atlas_msgs/environment/path.dsv
[24.250s] -- Up-to-date: /mnt/d/MOnash/ECE4191/Code/atlas/install/atlas_msgs/share/atlas_msgs/local_setup.bash
[24.277s] -- Up-to-date: /mnt/d/MOnash/ECE4191/Code/atlas/install/atlas_msgs/share/atlas_msgs/local_setup.sh
[24.306s] -- Up-to-date: /mnt/d/MOnash/ECE4191/Code/atlas/install/atlas_msgs/share/atlas_msgs/local_setup.zsh
[24.334s] -- Installing: /mnt/d/MOnash/ECE4191/Code/atlas/install/atlas_msgs/share/atlas_msgs/local_setup.dsv
[24.410s] -- Installing: /mnt/d/MOnash/ECE4191/Code/atlas/install/atlas_msgs/share/atlas_msgs/package.dsv
[24.495s] -- Up-to-date: /mnt/d/MOnash/ECE4191/Code/atlas/install/atlas_msgs/share/ament_index/resource_index/packages/atlas_msgs
[24.545s] -- Up-to-date: /mnt/d/MOnash/ECE4191/Code/atlas/install/atlas_msgs/share/atlas_msgs/cmake/export_atlas_msgs__rosidl_generator_cExport.cmake
[24.579s] -- Up-to-date: /mnt/d/MOnash/ECE4191/Code/atlas/install/atlas_msgs/share/atlas_msgs/cmake/export_atlas_msgs__rosidl_generator_cExport-noconfig.cmake
[24.631s] -- Up-to-date: /mnt/d/MOnash/ECE4191/Code/atlas/install/atlas_msgs/share/atlas_msgs/cmake/export_atlas_msgs__rosidl_typesupport_fastrtps_cExport.cmake
[24.671s] -- Up-to-date: /mnt/d/MOnash/ECE4191/Code/atlas/install/atlas_msgs/share/atlas_msgs/cmake/export_atlas_msgs__rosidl_typesupport_fastrtps_cExport-noconfig.cmake
[24.770s] -- Up-to-date: /mnt/d/MOnash/ECE4191/Code/atlas/install/atlas_msgs/share/atlas_msgs/cmake/export_atlas_msgs__rosidl_generator_cppExport.cmake
[24.833s] -- Up-to-date: /mnt/d/MOnash/ECE4191/Code/atlas/install/atlas_msgs/share/atlas_msgs/cmake/export_atlas_msgs__rosidl_typesupport_fastrtps_cppExport.cmake
[24.870s] -- Up-to-date: /mnt/d/MOnash/ECE4191/Code/atlas/install/atlas_msgs/share/atlas_msgs/cmake/export_atlas_msgs__rosidl_typesupport_fastrtps_cppExport-noconfig.cmake
[24.938s] -- Up-to-date: /mnt/d/MOnash/ECE4191/Code/atlas/install/atlas_msgs/share/atlas_msgs/cmake/atlas_msgs__rosidl_typesupport_introspection_cExport.cmake
[24.986s] -- Up-to-date: /mnt/d/MOnash/ECE4191/Code/atlas/install/atlas_msgs/share/atlas_msgs/cmake/atlas_msgs__rosidl_typesupport_introspection_cExport-noconfig.cmake
[25.055s] -- Up-to-date: /mnt/d/MOnash/ECE4191/Code/atlas/install/atlas_msgs/share/atlas_msgs/cmake/atlas_msgs__rosidl_typesupport_cExport.cmake
[25.098s] -- Up-to-date: /mnt/d/MOnash/ECE4191/Code/atlas/install/atlas_msgs/share/atlas_msgs/cmake/atlas_msgs__rosidl_typesupport_cExport-noconfig.cmake
[25.160s] -- Up-to-date: /mnt/d/MOnash/ECE4191/Code/atlas/install/atlas_msgs/share/atlas_msgs/cmake/atlas_msgs__rosidl_typesupport_introspection_cppExport.cmake
[25.206s] -- Up-to-date: /mnt/d/MOnash/ECE4191/Code/atlas/install/atlas_msgs/share/atlas_msgs/cmake/atlas_msgs__rosidl_typesupport_introspection_cppExport-noconfig.cmake
[25.273s] -- Up-to-date: /mnt/d/MOnash/ECE4191/Code/atlas/install/atlas_msgs/share/atlas_msgs/cmake/atlas_msgs__rosidl_typesupport_cppExport.cmake
[25.317s] -- Up-to-date: /mnt/d/MOnash/ECE4191/Code/atlas/install/atlas_msgs/share/atlas_msgs/cmake/atlas_msgs__rosidl_typesupport_cppExport-noconfig.cmake
[25.384s] -- Up-to-date: /mnt/d/MOnash/ECE4191/Code/atlas/install/atlas_msgs/share/atlas_msgs/cmake/export_atlas_msgs__rosidl_generator_pyExport.cmake
[25.431s] -- Up-to-date: /mnt/d/MOnash/ECE4191/Code/atlas/install/atlas_msgs/share/atlas_msgs/cmake/export_atlas_msgs__rosidl_generator_pyExport-noconfig.cmake
[25.468s] -- Up-to-date: /mnt/d/MOnash/ECE4191/Code/atlas/install/atlas_msgs/share/atlas_msgs/cmake/rosidl_cmake-extras.cmake
[25.508s] -- Up-to-date: /mnt/d/MOnash/ECE4191/Code/atlas/install/atlas_msgs/share/atlas_msgs/cmake/ament_cmake_export_include_directories-extras.cmake
[25.543s] -- Up-to-date: /mnt/d/MOnash/ECE4191/Code/atlas/install/atlas_msgs/share/atlas_msgs/cmake/ament_cmake_export_libraries-extras.cmake
[25.577s] -- Up-to-date: /mnt/d/MOnash/ECE4191/Code/atlas/install/atlas_msgs/share/atlas_msgs/cmake/ament_cmake_export_targets-extras.cmake
[25.614s] -- Up-to-date: /mnt/d/MOnash/ECE4191/Code/atlas/install/atlas_msgs/share/atlas_msgs/cmake/rosidl_cmake_export_typesupport_targets-extras.cmake
[25.648s] -- Up-to-date: /mnt/d/MOnash/ECE4191/Code/atlas/install/atlas_msgs/share/atlas_msgs/cmake/ament_cmake_export_dependencies-extras.cmake
[25.683s] -- Up-to-date: /mnt/d/MOnash/ECE4191/Code/atlas/install/atlas_msgs/share/atlas_msgs/cmake/rosidl_cmake_export_typesupport_libraries-extras.cmake
[25.721s] -- Up-to-date: /mnt/d/MOnash/ECE4191/Code/atlas/install/atlas_msgs/share/atlas_msgs/cmake/atlas_msgsConfig.cmake
[25.747s] -- Up-to-date: /mnt/d/MOnash/ECE4191/Code/atlas/install/atlas_msgs/share/atlas_msgs/cmake/atlas_msgsConfig-version.cmake
[25.776s] -- Up-to-date: /mnt/d/MOnash/ECE4191/Code/atlas/install/atlas_msgs/share/atlas_msgs/package.xml
[25.808s] Invoked command in '/mnt/d/Monash/ECE4191/Code/atlas/build/atlas_msgs' returned '0': CMAKE_PREFIX_PATH=/opt/ros/humble WSLENV=ELECTRON_RUN_AS_NODE/w: /usr/bin/cmake --install /mnt/d/Monash/ECE4191/Code/atlas/build/atlas_msgs
