[0.193s] DEBUG:colcon:Command line arguments: ['/home/anhdau/.local/bin/colcon', 'build']
[0.193s] DEBUG:colcon:Parsed command line arguments: Namespace(log_base=None, log_level=None, verb_name='build', build_base='build', install_base='install', merge_install=False, symlink_install=False, test_result_base=None, continue_on_error=False, executor='parallel', parallel_workers=16, event_handlers=None, ignore_user_meta=False, metas=['./colcon.meta'], base_paths=['.'], packages_ignore=None, packages_ignore_regex=None, paths=None, packages_up_to=None, packages_up_to_regex=None, packages_above=None, packages_above_and_dependencies=None, packages_above_depth=None, packages_select_by_dep=None, packages_skip_by_dep=None, packages_skip_up_to=None, packages_select_build_failed=False, packages_skip_build_finished=False, packages_select_test_failures=False, packages_skip_test_passed=False, packages_select=None, packages_skip=None, packages_select_regex=None, packages_skip_regex=None, packages_start=None, packages_end=None, allow_overriding=[], cmake_args=None, cmake_target=None, cmake_target_skip_unavailable=False, cmake_clean_cache=False, cmake_clean_first=False, cmake_force_configure=False, ament_cmake_args=None, catkin_cmake_args=None, catkin_skip_building_tests=False, mixin_files=None, mixin=None, verb_parser=<colcon_mixin.mixin.mixin_argument.MixinArgumentDecorator object at 0x7f1d324d80d0>, verb_extension=<colcon_core.verb.build.BuildVerb object at 0x7f1d32639840>, main=<bound method BuildVerb.main of <colcon_core.verb.build.BuildVerb object at 0x7f1d32639840>>, mixin_verb=('build',))
[0.307s] Level 1:colcon.colcon_core.package_discovery:discover_packages(colcon_meta) check parameters
[0.308s] Level 1:colcon.colcon_core.package_discovery:discover_packages(recursive) check parameters
[0.309s] Level 1:colcon.colcon_core.package_discovery:discover_packages(ignore) check parameters
[0.309s] Level 1:colcon.colcon_core.package_discovery:discover_packages(path) check parameters
[0.309s] Level 1:colcon.colcon_core.package_discovery:discover_packages(colcon_meta) discover
[0.310s] Level 1:colcon.colcon_core.package_discovery:discover_packages(recursive) discover
[0.310s] INFO:colcon.colcon_core.package_discovery:Crawling recursively for packages in '/mnt/d/Monash/ECE4191/Code/atlas'
[0.312s] Level 1:colcon.colcon_core.package_identification:_identify(.) by extensions ['ignore', 'ignore_ament_install']
[0.312s] Level 1:colcon.colcon_core.package_identification:_identify(.) by extension 'ignore'
[0.313s] Level 1:colcon.colcon_core.package_identification:_identify(.) by extension 'ignore_ament_install'
[0.314s] Level 1:colcon.colcon_core.package_identification:_identify(.) by extensions ['colcon_pkg']
[0.314s] Level 1:colcon.colcon_core.package_identification:_identify(.) by extension 'colcon_pkg'
[0.315s] Level 1:colcon.colcon_core.package_identification:_identify(.) by extensions ['colcon_meta']
[0.315s] Level 1:colcon.colcon_core.package_identification:_identify(.) by extension 'colcon_meta'
[0.315s] Level 1:colcon.colcon_core.package_identification:_identify(.) by extensions ['ros']
[0.315s] Level 1:colcon.colcon_core.package_identification:_identify(.) by extension 'ros'
[0.326s] Level 1:colcon.colcon_core.package_identification:_identify(.) by extensions ['cmake', 'python']
[0.326s] Level 1:colcon.colcon_core.package_identification:_identify(.) by extension 'cmake'
[0.326s] Level 1:colcon.colcon_core.package_identification:_identify(.) by extension 'python'
[0.327s] Level 1:colcon.colcon_core.package_identification:_identify(.) by extensions ['python_setup_py']
[0.327s] Level 1:colcon.colcon_core.package_identification:_identify(.) by extension 'python_setup_py'
[0.329s] Level 1:colcon.colcon_core.package_identification:_identify(atlas_duino) by extensions ['ignore', 'ignore_ament_install']
[0.329s] Level 1:colcon.colcon_core.package_identification:_identify(atlas_duino) by extension 'ignore'
[0.330s] Level 1:colcon.colcon_core.package_identification:_identify(atlas_duino) by extension 'ignore_ament_install'
[0.331s] Level 1:colcon.colcon_core.package_identification:_identify(atlas_duino) by extensions ['colcon_pkg']
[0.331s] Level 1:colcon.colcon_core.package_identification:_identify(atlas_duino) by extension 'colcon_pkg'
[0.331s] Level 1:colcon.colcon_core.package_identification:_identify(atlas_duino) by extensions ['colcon_meta']
[0.331s] Level 1:colcon.colcon_core.package_identification:_identify(atlas_duino) by extension 'colcon_meta'
[0.332s] Level 1:colcon.colcon_core.package_identification:_identify(atlas_duino) by extensions ['ros']
[0.332s] Level 1:colcon.colcon_core.package_identification:_identify(atlas_duino) by extension 'ros'
[0.334s] Level 1:colcon.colcon_core.package_identification:_identify(atlas_duino) by extensions ['cmake', 'python']
[0.334s] Level 1:colcon.colcon_core.package_identification:_identify(atlas_duino) by extension 'cmake'
[0.334s] Level 1:colcon.colcon_core.package_identification:_identify(atlas_duino) by extension 'python'
[0.335s] Level 1:colcon.colcon_core.package_identification:_identify(atlas_duino) by extensions ['python_setup_py']
[0.335s] Level 1:colcon.colcon_core.package_identification:_identify(atlas_duino) by extension 'python_setup_py'
[0.337s] Level 1:colcon.colcon_core.package_identification:_identify(atlas_ws) by extensions ['ignore', 'ignore_ament_install']
[0.337s] Level 1:colcon.colcon_core.package_identification:_identify(atlas_ws) by extension 'ignore'
[0.337s] Level 1:colcon.colcon_core.package_identification:_identify(atlas_ws) by extension 'ignore_ament_install'
[0.338s] Level 1:colcon.colcon_core.package_identification:_identify(atlas_ws) by extensions ['colcon_pkg']
[0.338s] Level 1:colcon.colcon_core.package_identification:_identify(atlas_ws) by extension 'colcon_pkg'
[0.339s] Level 1:colcon.colcon_core.package_identification:_identify(atlas_ws) by extensions ['colcon_meta']
[0.339s] Level 1:colcon.colcon_core.package_identification:_identify(atlas_ws) by extension 'colcon_meta'
[0.339s] Level 1:colcon.colcon_core.package_identification:_identify(atlas_ws) by extensions ['ros']
[0.339s] Level 1:colcon.colcon_core.package_identification:_identify(atlas_ws) by extension 'ros'
[0.342s] Level 1:colcon.colcon_core.package_identification:_identify(atlas_ws) by extensions ['cmake', 'python']
[0.342s] Level 1:colcon.colcon_core.package_identification:_identify(atlas_ws) by extension 'cmake'
[0.343s] Level 1:colcon.colcon_core.package_identification:_identify(atlas_ws) by extension 'python'
[0.345s] Level 1:colcon.colcon_core.package_identification:_identify(atlas_ws) by extensions ['python_setup_py']
[0.345s] Level 1:colcon.colcon_core.package_identification:_identify(atlas_ws) by extension 'python_setup_py'
[0.351s] Level 1:colcon.colcon_core.package_identification:_identify(atlas_ws/build) by extensions ['ignore', 'ignore_ament_install']
[0.351s] Level 1:colcon.colcon_core.package_identification:_identify(atlas_ws/build) by extension 'ignore'
[0.352s] Level 1:colcon.colcon_core.package_identification:_identify(atlas_ws/build) ignored
[0.355s] Level 1:colcon.colcon_core.package_identification:_identify(atlas_ws/install) by extensions ['ignore', 'ignore_ament_install']
[0.355s] Level 1:colcon.colcon_core.package_identification:_identify(atlas_ws/install) by extension 'ignore'
[0.356s] Level 1:colcon.colcon_core.package_identification:_identify(atlas_ws/install) ignored
[0.362s] Level 1:colcon.colcon_core.package_identification:_identify(atlas_ws/log) by extensions ['ignore', 'ignore_ament_install']
[0.362s] Level 1:colcon.colcon_core.package_identification:_identify(atlas_ws/log) by extension 'ignore'
[0.363s] Level 1:colcon.colcon_core.package_identification:_identify(atlas_ws/log) ignored
[0.365s] Level 1:colcon.colcon_core.package_identification:_identify(atlas_ws/src) by extensions ['ignore', 'ignore_ament_install']
[0.365s] Level 1:colcon.colcon_core.package_identification:_identify(atlas_ws/src) by extension 'ignore'
[0.366s] Level 1:colcon.colcon_core.package_identification:_identify(atlas_ws/src) by extension 'ignore_ament_install'
[0.367s] Level 1:colcon.colcon_core.package_identification:_identify(atlas_ws/src) by extensions ['colcon_pkg']
[0.368s] Level 1:colcon.colcon_core.package_identification:_identify(atlas_ws/src) by extension 'colcon_pkg'
[0.368s] Level 1:colcon.colcon_core.package_identification:_identify(atlas_ws/src) by extensions ['colcon_meta']
[0.368s] Level 1:colcon.colcon_core.package_identification:_identify(atlas_ws/src) by extension 'colcon_meta'
[0.370s] Level 1:colcon.colcon_core.package_identification:_identify(atlas_ws/src) by extensions ['ros']
[0.370s] Level 1:colcon.colcon_core.package_identification:_identify(atlas_ws/src) by extension 'ros'
[0.373s] Level 1:colcon.colcon_core.package_identification:_identify(atlas_ws/src) by extensions ['cmake', 'python']
[0.373s] Level 1:colcon.colcon_core.package_identification:_identify(atlas_ws/src) by extension 'cmake'
[0.374s] Level 1:colcon.colcon_core.package_identification:_identify(atlas_ws/src) by extension 'python'
[0.375s] Level 1:colcon.colcon_core.package_identification:_identify(atlas_ws/src) by extensions ['python_setup_py']
[0.375s] Level 1:colcon.colcon_core.package_identification:_identify(atlas_ws/src) by extension 'python_setup_py'
[0.379s] Level 1:colcon.colcon_core.package_identification:_identify(atlas_ws/src/atlas_msgs) by extensions ['ignore', 'ignore_ament_install']
[0.379s] Level 1:colcon.colcon_core.package_identification:_identify(atlas_ws/src/atlas_msgs) by extension 'ignore'
[0.380s] Level 1:colcon.colcon_core.package_identification:_identify(atlas_ws/src/atlas_msgs) by extension 'ignore_ament_install'
[0.382s] Level 1:colcon.colcon_core.package_identification:_identify(atlas_ws/src/atlas_msgs) by extensions ['colcon_pkg']
[0.382s] Level 1:colcon.colcon_core.package_identification:_identify(atlas_ws/src/atlas_msgs) by extension 'colcon_pkg'
[0.383s] Level 1:colcon.colcon_core.package_identification:_identify(atlas_ws/src/atlas_msgs) by extensions ['colcon_meta']
[0.383s] Level 1:colcon.colcon_core.package_identification:_identify(atlas_ws/src/atlas_msgs) by extension 'colcon_meta'
[0.385s] Level 1:colcon.colcon_core.package_identification:_identify(atlas_ws/src/atlas_msgs) by extensions ['ros']
[0.385s] Level 1:colcon.colcon_core.package_identification:_identify(atlas_ws/src/atlas_msgs) by extension 'ros'
[0.398s] DEBUG:colcon.colcon_core.package_identification:Package 'atlas_ws/src/atlas_msgs' with type 'ros.ament_cmake' and name 'atlas_msgs'
[0.402s] Level 1:colcon.colcon_core.package_identification:_identify(atlas_ws/src/atlas_python) by extensions ['ignore', 'ignore_ament_install']
[0.402s] Level 1:colcon.colcon_core.package_identification:_identify(atlas_ws/src/atlas_python) by extension 'ignore'
[0.403s] Level 1:colcon.colcon_core.package_identification:_identify(atlas_ws/src/atlas_python) by extension 'ignore_ament_install'
[0.405s] Level 1:colcon.colcon_core.package_identification:_identify(atlas_ws/src/atlas_python) by extensions ['colcon_pkg']
[0.406s] Level 1:colcon.colcon_core.package_identification:_identify(atlas_ws/src/atlas_python) by extension 'colcon_pkg'
[0.407s] Level 1:colcon.colcon_core.package_identification:_identify(atlas_ws/src/atlas_python) by extensions ['colcon_meta']
[0.407s] Level 1:colcon.colcon_core.package_identification:_identify(atlas_ws/src/atlas_python) by extension 'colcon_meta'
[0.409s] Level 1:colcon.colcon_core.package_identification:_identify(atlas_ws/src/atlas_python) by extensions ['ros']
[0.409s] Level 1:colcon.colcon_core.package_identification:_identify(atlas_ws/src/atlas_python) by extension 'ros'
[0.419s] DEBUG:colcon.colcon_core.package_identification:Package 'atlas_ws/src/atlas_python' with type 'ros.ament_python' and name 'atlas_python'
[0.421s] Level 1:colcon.colcon_core.package_identification:_identify(build) by extensions ['ignore', 'ignore_ament_install']
[0.421s] Level 1:colcon.colcon_core.package_identification:_identify(build) by extension 'ignore'
[0.423s] Level 1:colcon.colcon_core.package_identification:_identify(build) ignored
[0.425s] Level 1:colcon.colcon_core.package_identification:_identify(install) by extensions ['ignore', 'ignore_ament_install']
[0.425s] Level 1:colcon.colcon_core.package_identification:_identify(install) by extension 'ignore'
[0.426s] Level 1:colcon.colcon_core.package_identification:_identify(install) ignored
[0.428s] Level 1:colcon.colcon_core.package_identification:_identify(log) by extensions ['ignore', 'ignore_ament_install']
[0.428s] Level 1:colcon.colcon_core.package_identification:_identify(log) by extension 'ignore'
[0.429s] Level 1:colcon.colcon_core.package_identification:_identify(log) ignored
[0.430s] Level 1:colcon.colcon_core.package_identification:_identify(scripts) by extensions ['ignore', 'ignore_ament_install']
[0.430s] Level 1:colcon.colcon_core.package_identification:_identify(scripts) by extension 'ignore'
[0.431s] Level 1:colcon.colcon_core.package_identification:_identify(scripts) by extension 'ignore_ament_install'
[0.432s] Level 1:colcon.colcon_core.package_identification:_identify(scripts) by extensions ['colcon_pkg']
[0.432s] Level 1:colcon.colcon_core.package_identification:_identify(scripts) by extension 'colcon_pkg'
[0.432s] Level 1:colcon.colcon_core.package_identification:_identify(scripts) by extensions ['colcon_meta']
[0.432s] Level 1:colcon.colcon_core.package_identification:_identify(scripts) by extension 'colcon_meta'
[0.433s] Level 1:colcon.colcon_core.package_identification:_identify(scripts) by extensions ['ros']
[0.433s] Level 1:colcon.colcon_core.package_identification:_identify(scripts) by extension 'ros'
[0.435s] Level 1:colcon.colcon_core.package_identification:_identify(scripts) by extensions ['cmake', 'python']
[0.435s] Level 1:colcon.colcon_core.package_identification:_identify(scripts) by extension 'cmake'
[0.435s] Level 1:colcon.colcon_core.package_identification:_identify(scripts) by extension 'python'
[0.436s] Level 1:colcon.colcon_core.package_identification:_identify(scripts) by extensions ['python_setup_py']
[0.436s] Level 1:colcon.colcon_core.package_identification:_identify(scripts) by extension 'python_setup_py'
[0.440s] Level 1:colcon.colcon_core.package_identification:_identify(scripts/ball_detection) by extensions ['ignore', 'ignore_ament_install']
[0.440s] Level 1:colcon.colcon_core.package_identification:_identify(scripts/ball_detection) by extension 'ignore'
[0.441s] Level 1:colcon.colcon_core.package_identification:_identify(scripts/ball_detection) by extension 'ignore_ament_install'
[0.442s] Level 1:colcon.colcon_core.package_identification:_identify(scripts/ball_detection) by extensions ['colcon_pkg']
[0.442s] Level 1:colcon.colcon_core.package_identification:_identify(scripts/ball_detection) by extension 'colcon_pkg'
[0.443s] Level 1:colcon.colcon_core.package_identification:_identify(scripts/ball_detection) by extensions ['colcon_meta']
[0.443s] Level 1:colcon.colcon_core.package_identification:_identify(scripts/ball_detection) by extension 'colcon_meta'
[0.444s] Level 1:colcon.colcon_core.package_identification:_identify(scripts/ball_detection) by extensions ['ros']
[0.444s] Level 1:colcon.colcon_core.package_identification:_identify(scripts/ball_detection) by extension 'ros'
[0.448s] Level 1:colcon.colcon_core.package_identification:_identify(scripts/ball_detection) by extensions ['cmake', 'python']
[0.448s] Level 1:colcon.colcon_core.package_identification:_identify(scripts/ball_detection) by extension 'cmake'
[0.448s] Level 1:colcon.colcon_core.package_identification:_identify(scripts/ball_detection) by extension 'python'
[0.449s] Level 1:colcon.colcon_core.package_identification:_identify(scripts/ball_detection) by extensions ['python_setup_py']
[0.449s] Level 1:colcon.colcon_core.package_identification:_identify(scripts/ball_detection) by extension 'python_setup_py'
[0.450s] Level 1:colcon.colcon_core.package_discovery:discover_packages(recursive) using defaults
[0.450s] Level 1:colcon.colcon_core.package_discovery:discover_packages(ignore) discover
[0.450s] Level 1:colcon.colcon_core.package_discovery:discover_packages(ignore) using defaults
[0.450s] Level 1:colcon.colcon_core.package_discovery:discover_packages(path) discover
[0.450s] Level 1:colcon.colcon_core.package_discovery:discover_packages(path) using defaults
[0.478s] Level 1:colcon.colcon_core.package_discovery:discover_packages(prefix_path) check parameters
[0.478s] Level 1:colcon.colcon_core.package_discovery:discover_packages(prefix_path) discover
[0.481s] DEBUG:colcon.colcon_installed_package_information.package_discovery:Found 348 installed packages in /opt/ros/humble
[0.483s] Level 1:colcon.colcon_core.package_discovery:discover_packages(prefix_path) using defaults
[0.524s] Level 5:colcon.colcon_core.verb:set package 'atlas_msgs' build argument 'cmake_args' from command line to 'None'
[0.524s] Level 5:colcon.colcon_core.verb:set package 'atlas_msgs' build argument 'cmake_target' from command line to 'None'
[0.525s] Level 5:colcon.colcon_core.verb:set package 'atlas_msgs' build argument 'cmake_target_skip_unavailable' from command line to 'False'
[0.525s] Level 5:colcon.colcon_core.verb:set package 'atlas_msgs' build argument 'cmake_clean_cache' from command line to 'False'
[0.525s] Level 5:colcon.colcon_core.verb:set package 'atlas_msgs' build argument 'cmake_clean_first' from command line to 'False'
[0.525s] Level 5:colcon.colcon_core.verb:set package 'atlas_msgs' build argument 'cmake_force_configure' from command line to 'False'
[0.525s] Level 5:colcon.colcon_core.verb:set package 'atlas_msgs' build argument 'ament_cmake_args' from command line to 'None'
[0.526s] Level 5:colcon.colcon_core.verb:set package 'atlas_msgs' build argument 'catkin_cmake_args' from command line to 'None'
[0.526s] Level 5:colcon.colcon_core.verb:set package 'atlas_msgs' build argument 'catkin_skip_building_tests' from command line to 'False'
[0.526s] DEBUG:colcon.colcon_core.verb:Building package 'atlas_msgs' with the following arguments: {'ament_cmake_args': None, 'build_base': '/mnt/d/Monash/ECE4191/Code/atlas/build/atlas_msgs', 'catkin_cmake_args': None, 'catkin_skip_building_tests': False, 'cmake_args': None, 'cmake_clean_cache': False, 'cmake_clean_first': False, 'cmake_force_configure': False, 'cmake_target': None, 'cmake_target_skip_unavailable': False, 'install_base': '/mnt/d/Monash/ECE4191/Code/atlas/install/atlas_msgs', 'merge_install': False, 'path': '/mnt/d/Monash/ECE4191/Code/atlas/atlas_ws/src/atlas_msgs', 'symlink_install': False, 'test_result_base': None}
[0.526s] Level 5:colcon.colcon_core.verb:set package 'atlas_python' build argument 'cmake_args' from command line to 'None'
[0.526s] Level 5:colcon.colcon_core.verb:set package 'atlas_python' build argument 'cmake_target' from command line to 'None'
[0.526s] Level 5:colcon.colcon_core.verb:set package 'atlas_python' build argument 'cmake_target_skip_unavailable' from command line to 'False'
[0.526s] Level 5:colcon.colcon_core.verb:set package 'atlas_python' build argument 'cmake_clean_cache' from command line to 'False'
[0.527s] Level 5:colcon.colcon_core.verb:set package 'atlas_python' build argument 'cmake_clean_first' from command line to 'False'
[0.527s] Level 5:colcon.colcon_core.verb:set package 'atlas_python' build argument 'cmake_force_configure' from command line to 'False'
[0.527s] Level 5:colcon.colcon_core.verb:set package 'atlas_python' build argument 'ament_cmake_args' from command line to 'None'
[0.527s] Level 5:colcon.colcon_core.verb:set package 'atlas_python' build argument 'catkin_cmake_args' from command line to 'None'
[0.527s] Level 5:colcon.colcon_core.verb:set package 'atlas_python' build argument 'catkin_skip_building_tests' from command line to 'False'
[0.527s] DEBUG:colcon.colcon_core.verb:Building package 'atlas_python' with the following arguments: {'ament_cmake_args': None, 'build_base': '/mnt/d/Monash/ECE4191/Code/atlas/build/atlas_python', 'catkin_cmake_args': None, 'catkin_skip_building_tests': False, 'cmake_args': None, 'cmake_clean_cache': False, 'cmake_clean_first': False, 'cmake_force_configure': False, 'cmake_target': None, 'cmake_target_skip_unavailable': False, 'install_base': '/mnt/d/Monash/ECE4191/Code/atlas/install/atlas_python', 'merge_install': False, 'path': '/mnt/d/Monash/ECE4191/Code/atlas/atlas_ws/src/atlas_python', 'symlink_install': False, 'test_result_base': None}
[0.527s] INFO:colcon.colcon_core.executor:Executing jobs using 'parallel' executor
[0.528s] DEBUG:colcon.colcon_parallel_executor.executor.parallel:run_until_complete
[0.528s] INFO:colcon.colcon_ros.task.ament_cmake.build:Building ROS package in '/mnt/d/Monash/ECE4191/Code/atlas/atlas_ws/src/atlas_msgs' with build type 'ament_cmake'
[0.528s] INFO:colcon.colcon_cmake.task.cmake.build:Building CMake package in '/mnt/d/Monash/ECE4191/Code/atlas/atlas_ws/src/atlas_msgs'
[0.532s] INFO:colcon.colcon_core.plugin_system:Skipping extension 'colcon_core.shell.bat': Not used on non-Windows systems
[0.533s] INFO:colcon.colcon_core.shell:Skip shell extension 'powershell' for command environment: Not usable outside of PowerShell
[0.533s] DEBUG:colcon.colcon_core.shell:Skip shell extension 'dsv' for command environment
[0.541s] INFO:colcon.colcon_ros.task.ament_python.build:Building ROS package in '/mnt/d/Monash/ECE4191/Code/atlas/atlas_ws/src/atlas_python' with build type 'ament_python'
[0.542s] Level 1:colcon.colcon_core.shell:create_environment_hook('atlas_python', 'ament_prefix_path')
[0.542s] INFO:colcon.colcon_core.shell:Creating environment hook '/mnt/d/Monash/ECE4191/Code/atlas/install/atlas_python/share/atlas_python/hook/ament_prefix_path.ps1'
[0.558s] INFO:colcon.colcon_core.shell:Creating environment descriptor '/mnt/d/Monash/ECE4191/Code/atlas/install/atlas_python/share/atlas_python/hook/ament_prefix_path.dsv'
[0.572s] INFO:colcon.colcon_core.shell:Creating environment hook '/mnt/d/Monash/ECE4191/Code/atlas/install/atlas_python/share/atlas_python/hook/ament_prefix_path.sh'
[0.584s] INFO:colcon.colcon_core.shell:Skip shell extension 'powershell' for command environment: Not usable outside of PowerShell
[0.584s] DEBUG:colcon.colcon_core.shell:Skip shell extension 'dsv' for command environment
[0.630s] DEBUG:colcon.colcon_core.event_handler.log_command:Invoking command in '/mnt/d/Monash/ECE4191/Code/atlas/build/atlas_msgs': CMAKE_PREFIX_PATH=/opt/ros/humble WSLENV=ELECTRON_RUN_AS_NODE/w: /usr/bin/cmake --build /mnt/d/Monash/ECE4191/Code/atlas/build/atlas_msgs -- -j16 -l16
[0.849s] INFO:colcon.colcon_core.task.python.build:Building Python package in '/mnt/d/Monash/ECE4191/Code/atlas/atlas_ws/src/atlas_python'
[0.849s] INFO:colcon.colcon_core.shell:Skip shell extension 'powershell' for command environment: Not usable outside of PowerShell
[0.849s] DEBUG:colcon.colcon_core.shell:Skip shell extension 'dsv' for command environment
[1.750s] DEBUG:colcon.colcon_core.event_handler.log_command:Invoking command in '/mnt/d/Monash/ECE4191/Code/atlas/atlas_ws/src/atlas_python': PYTHONPATH=/mnt/d/Monash/ECE4191/Code/atlas/build/atlas_python/prefix_override:/home/anhdau/.local/lib/python3.10/site-packages/colcon_core/task/python/colcon_distutils_commands:/mnt/d/Monash/ECE4191/Code/atlas/install/atlas_python/lib/python3.10/site-packages:${PYTHONPATH} WSLENV=ELECTRON_RUN_AS_NODE/w: /usr/bin/python3 -W ignore:setup.py install is deprecated setup.py egg_info --egg-base ../../../build/atlas_python build --build-base /mnt/d/Monash/ECE4191/Code/atlas/build/atlas_python/build install --record /mnt/d/Monash/ECE4191/Code/atlas/build/atlas_python/install.log --single-version-externally-managed install_data
[3.344s] DEBUG:colcon.colcon_core.event_handler.log_command:Invoked command in '/mnt/d/Monash/ECE4191/Code/atlas/atlas_ws/src/atlas_python' returned '0': PYTHONPATH=/mnt/d/Monash/ECE4191/Code/atlas/build/atlas_python/prefix_override:/home/anhdau/.local/lib/python3.10/site-packages/colcon_core/task/python/colcon_distutils_commands:/mnt/d/Monash/ECE4191/Code/atlas/install/atlas_python/lib/python3.10/site-packages:${PYTHONPATH} WSLENV=ELECTRON_RUN_AS_NODE/w: /usr/bin/python3 -W ignore:setup.py install is deprecated setup.py egg_info --egg-base ../../../build/atlas_python build --build-base /mnt/d/Monash/ECE4191/Code/atlas/build/atlas_python/build install --record /mnt/d/Monash/ECE4191/Code/atlas/build/atlas_python/install.log --single-version-externally-managed install_data
[3.350s] Level 1:colcon.colcon_core.environment:checking '/mnt/d/Monash/ECE4191/Code/atlas/install/atlas_python' for CMake module files
[3.399s] Level 1:colcon.colcon_core.environment:checking '/mnt/d/Monash/ECE4191/Code/atlas/install/atlas_python' for CMake config files
[3.469s] Level 1:colcon.colcon_core.environment:checking '/mnt/d/Monash/ECE4191/Code/atlas/install/atlas_python/lib'
[3.472s] Level 1:colcon.colcon_core.environment:checking '/mnt/d/Monash/ECE4191/Code/atlas/install/atlas_python/bin'
[3.473s] Level 1:colcon.colcon_core.environment:checking '/mnt/d/Monash/ECE4191/Code/atlas/install/atlas_python/lib/pkgconfig/atlas_python.pc'
[3.474s] Level 1:colcon.colcon_core.environment:checking '/mnt/d/Monash/ECE4191/Code/atlas/install/atlas_python/lib/python3.10/site-packages'
[3.476s] Level 1:colcon.colcon_core.shell:create_environment_hook('atlas_python', 'pythonpath')
[3.476s] INFO:colcon.colcon_core.shell:Creating environment hook '/mnt/d/Monash/ECE4191/Code/atlas/install/atlas_python/share/atlas_python/hook/pythonpath.ps1'
[3.487s] INFO:colcon.colcon_core.shell:Creating environment descriptor '/mnt/d/Monash/ECE4191/Code/atlas/install/atlas_python/share/atlas_python/hook/pythonpath.dsv'
[3.497s] INFO:colcon.colcon_core.shell:Creating environment hook '/mnt/d/Monash/ECE4191/Code/atlas/install/atlas_python/share/atlas_python/hook/pythonpath.sh'
[3.507s] Level 1:colcon.colcon_core.environment:checking '/mnt/d/Monash/ECE4191/Code/atlas/install/atlas_python/bin'
[3.508s] Level 1:colcon.colcon_core.environment:create_environment_scripts_only(atlas_python)
[3.508s] INFO:colcon.colcon_core.shell:Creating package script '/mnt/d/Monash/ECE4191/Code/atlas/install/atlas_python/share/atlas_python/package.ps1'
[3.518s] INFO:colcon.colcon_core.shell:Creating package descriptor '/mnt/d/Monash/ECE4191/Code/atlas/install/atlas_python/share/atlas_python/package.dsv'
[3.527s] INFO:colcon.colcon_core.shell:Creating package script '/mnt/d/Monash/ECE4191/Code/atlas/install/atlas_python/share/atlas_python/package.sh'
[3.535s] INFO:colcon.colcon_core.shell:Creating package script '/mnt/d/Monash/ECE4191/Code/atlas/install/atlas_python/share/atlas_python/package.bash'
[3.544s] INFO:colcon.colcon_core.shell:Creating package script '/mnt/d/Monash/ECE4191/Code/atlas/install/atlas_python/share/atlas_python/package.zsh'
[3.555s] Level 1:colcon.colcon_core.environment:create_file_with_runtime_dependencies(/mnt/d/Monash/ECE4191/Code/atlas/install/atlas_python/share/colcon-core/packages/atlas_python)
[15.570s] DEBUG:colcon.colcon_core.event_handler.log_command:Invoked command in '/mnt/d/Monash/ECE4191/Code/atlas/build/atlas_msgs' returned '0': CMAKE_PREFIX_PATH=/opt/ros/humble WSLENV=ELECTRON_RUN_AS_NODE/w: /usr/bin/cmake --build /mnt/d/Monash/ECE4191/Code/atlas/build/atlas_msgs -- -j16 -l16
[15.678s] DEBUG:colcon.colcon_core.event_handler.log_command:Invoking command in '/mnt/d/Monash/ECE4191/Code/atlas/build/atlas_msgs': CMAKE_PREFIX_PATH=/opt/ros/humble WSLENV=ELECTRON_RUN_AS_NODE/w: /usr/bin/cmake --install /mnt/d/Monash/ECE4191/Code/atlas/build/atlas_msgs
[26.337s] Level 1:colcon.colcon_core.environment:create_environment_scripts_only(atlas_msgs)
[26.337s] Level 1:colcon.colcon_core.environment:checking '/mnt/d/Monash/ECE4191/Code/atlas/install/atlas_msgs' for CMake module files
[26.338s] DEBUG:colcon.colcon_core.event_handler.log_command:Invoked command in '/mnt/d/Monash/ECE4191/Code/atlas/build/atlas_msgs' returned '0': CMAKE_PREFIX_PATH=/opt/ros/humble WSLENV=ELECTRON_RUN_AS_NODE/w: /usr/bin/cmake --install /mnt/d/Monash/ECE4191/Code/atlas/build/atlas_msgs
[26.486s] Level 1:colcon.colcon_core.environment:checking '/mnt/d/Monash/ECE4191/Code/atlas/install/atlas_msgs' for CMake config files
[26.594s] Level 1:colcon.colcon_core.shell:create_environment_hook('atlas_msgs', 'cmake_prefix_path')
[26.595s] INFO:colcon.colcon_core.shell:Creating environment hook '/mnt/d/Monash/ECE4191/Code/atlas/install/atlas_msgs/share/atlas_msgs/hook/cmake_prefix_path.ps1'
[26.605s] INFO:colcon.colcon_core.shell:Creating environment descriptor '/mnt/d/Monash/ECE4191/Code/atlas/install/atlas_msgs/share/atlas_msgs/hook/cmake_prefix_path.dsv'
[26.615s] INFO:colcon.colcon_core.shell:Creating environment hook '/mnt/d/Monash/ECE4191/Code/atlas/install/atlas_msgs/share/atlas_msgs/hook/cmake_prefix_path.sh'
[26.628s] Level 1:colcon.colcon_core.environment:checking '/mnt/d/Monash/ECE4191/Code/atlas/install/atlas_msgs/lib'
[26.631s] Level 1:colcon.colcon_core.shell:create_environment_hook('atlas_msgs', 'ld_library_path_lib')
[26.632s] INFO:colcon.colcon_core.shell:Creating environment hook '/mnt/d/Monash/ECE4191/Code/atlas/install/atlas_msgs/share/atlas_msgs/hook/ld_library_path_lib.ps1'
[26.642s] INFO:colcon.colcon_core.shell:Creating environment descriptor '/mnt/d/Monash/ECE4191/Code/atlas/install/atlas_msgs/share/atlas_msgs/hook/ld_library_path_lib.dsv'
[26.651s] INFO:colcon.colcon_core.shell:Creating environment hook '/mnt/d/Monash/ECE4191/Code/atlas/install/atlas_msgs/share/atlas_msgs/hook/ld_library_path_lib.sh'
[26.660s] Level 1:colcon.colcon_core.environment:checking '/mnt/d/Monash/ECE4191/Code/atlas/install/atlas_msgs/bin'
[26.660s] Level 1:colcon.colcon_core.environment:checking '/mnt/d/Monash/ECE4191/Code/atlas/install/atlas_msgs/lib/pkgconfig/atlas_msgs.pc'
[26.662s] Level 1:colcon.colcon_core.environment:checking '/mnt/d/Monash/ECE4191/Code/atlas/install/atlas_msgs/lib/python3.10/site-packages'
[26.663s] Level 1:colcon.colcon_core.environment:checking '/mnt/d/Monash/ECE4191/Code/atlas/install/atlas_msgs/bin'
[26.664s] INFO:colcon.colcon_core.shell:Creating package script '/mnt/d/Monash/ECE4191/Code/atlas/install/atlas_msgs/share/atlas_msgs/package.ps1'
[26.672s] INFO:colcon.colcon_core.shell:Creating package descriptor '/mnt/d/Monash/ECE4191/Code/atlas/install/atlas_msgs/share/atlas_msgs/package.dsv'
[26.679s] INFO:colcon.colcon_core.shell:Creating package script '/mnt/d/Monash/ECE4191/Code/atlas/install/atlas_msgs/share/atlas_msgs/package.sh'
[26.687s] INFO:colcon.colcon_core.shell:Creating package script '/mnt/d/Monash/ECE4191/Code/atlas/install/atlas_msgs/share/atlas_msgs/package.bash'
[26.694s] INFO:colcon.colcon_core.shell:Creating package script '/mnt/d/Monash/ECE4191/Code/atlas/install/atlas_msgs/share/atlas_msgs/package.zsh'
[26.702s] Level 1:colcon.colcon_core.environment:create_file_with_runtime_dependencies(/mnt/d/Monash/ECE4191/Code/atlas/install/atlas_msgs/share/colcon-core/packages/atlas_msgs)
[26.792s] Level 1:colcon.colcon_core.environment:create_environment_scripts_only(atlas_msgs)
[26.793s] Level 1:colcon.colcon_core.environment:checking '/mnt/d/Monash/ECE4191/Code/atlas/install/atlas_msgs' for CMake module files
[26.939s] Level 1:colcon.colcon_core.environment:checking '/mnt/d/Monash/ECE4191/Code/atlas/install/atlas_msgs' for CMake config files
[27.041s] Level 1:colcon.colcon_core.shell:create_environment_hook('atlas_msgs', 'cmake_prefix_path')
[27.041s] INFO:colcon.colcon_core.shell:Creating environment hook '/mnt/d/Monash/ECE4191/Code/atlas/install/atlas_msgs/share/atlas_msgs/hook/cmake_prefix_path.ps1'
[27.050s] INFO:colcon.colcon_core.shell:Creating environment descriptor '/mnt/d/Monash/ECE4191/Code/atlas/install/atlas_msgs/share/atlas_msgs/hook/cmake_prefix_path.dsv'
[27.059s] INFO:colcon.colcon_core.shell:Creating environment hook '/mnt/d/Monash/ECE4191/Code/atlas/install/atlas_msgs/share/atlas_msgs/hook/cmake_prefix_path.sh'
[27.069s] Level 1:colcon.colcon_core.environment:checking '/mnt/d/Monash/ECE4191/Code/atlas/install/atlas_msgs/lib'
[27.072s] Level 1:colcon.colcon_core.shell:create_environment_hook('atlas_msgs', 'ld_library_path_lib')
[27.072s] INFO:colcon.colcon_core.shell:Creating environment hook '/mnt/d/Monash/ECE4191/Code/atlas/install/atlas_msgs/share/atlas_msgs/hook/ld_library_path_lib.ps1'
[27.081s] INFO:colcon.colcon_core.shell:Creating environment descriptor '/mnt/d/Monash/ECE4191/Code/atlas/install/atlas_msgs/share/atlas_msgs/hook/ld_library_path_lib.dsv'
[27.090s] INFO:colcon.colcon_core.shell:Creating environment hook '/mnt/d/Monash/ECE4191/Code/atlas/install/atlas_msgs/share/atlas_msgs/hook/ld_library_path_lib.sh'
[27.098s] Level 1:colcon.colcon_core.environment:checking '/mnt/d/Monash/ECE4191/Code/atlas/install/atlas_msgs/bin'
[27.100s] Level 1:colcon.colcon_core.environment:checking '/mnt/d/Monash/ECE4191/Code/atlas/install/atlas_msgs/lib/pkgconfig/atlas_msgs.pc'
[27.101s] Level 1:colcon.colcon_core.environment:checking '/mnt/d/Monash/ECE4191/Code/atlas/install/atlas_msgs/lib/python3.10/site-packages'
[27.102s] Level 1:colcon.colcon_core.environment:checking '/mnt/d/Monash/ECE4191/Code/atlas/install/atlas_msgs/bin'
[27.104s] INFO:colcon.colcon_core.shell:Creating package script '/mnt/d/Monash/ECE4191/Code/atlas/install/atlas_msgs/share/atlas_msgs/package.ps1'
[27.110s] INFO:colcon.colcon_core.shell:Creating package descriptor '/mnt/d/Monash/ECE4191/Code/atlas/install/atlas_msgs/share/atlas_msgs/package.dsv'
[27.117s] INFO:colcon.colcon_core.shell:Creating package script '/mnt/d/Monash/ECE4191/Code/atlas/install/atlas_msgs/share/atlas_msgs/package.sh'
[27.126s] INFO:colcon.colcon_core.shell:Creating package script '/mnt/d/Monash/ECE4191/Code/atlas/install/atlas_msgs/share/atlas_msgs/package.bash'
[27.136s] INFO:colcon.colcon_core.shell:Creating package script '/mnt/d/Monash/ECE4191/Code/atlas/install/atlas_msgs/share/atlas_msgs/package.zsh'
[27.143s] Level 1:colcon.colcon_core.environment:create_file_with_runtime_dependencies(/mnt/d/Monash/ECE4191/Code/atlas/install/atlas_msgs/share/colcon-core/packages/atlas_msgs)
[27.149s] DEBUG:colcon.colcon_parallel_executor.executor.parallel:closing loop
[27.150s] DEBUG:colcon.colcon_parallel_executor.executor.parallel:loop closed
[27.150s] DEBUG:colcon.colcon_parallel_executor.executor.parallel:run_until_complete finished with '0'
[27.150s] DEBUG:colcon.colcon_core.event_reactor:joining thread
[27.193s] INFO:colcon.colcon_core.plugin_system:Skipping extension 'colcon_notification.desktop_notification.notify_send': Could not find 'notify-send'
[27.193s] INFO:colcon.colcon_core.plugin_system:Skipping extension 'colcon_notification.desktop_notification.terminal_notifier': Not used on non-Darwin systems
[27.193s] INFO:colcon.colcon_core.plugin_system:Skipping extension 'colcon_notification.desktop_notification.win32': Not used on non-Windows systems
[27.194s] INFO:colcon.colcon_notification.desktop_notification:Sending desktop notification using 'notify2'
[27.194s] DEBUG:colcon.colcon_notification.desktop_notification.notify2:Failed to initialize notify2: org.freedesktop.DBus.Error.FileNotFound: Failed to connect to socket /run/user/1000/bus: No such file or directory
[27.194s] DEBUG:colcon.colcon_core.event_reactor:joined thread
[27.194s] INFO:colcon.colcon_core.shell:Creating prefix script '/mnt/d/Monash/ECE4191/Code/atlas/install/local_setup.ps1'
[27.199s] INFO:colcon.colcon_core.shell:Creating prefix util module '/mnt/d/Monash/ECE4191/Code/atlas/install/_local_setup_util_ps1.py'
[27.203s] INFO:colcon.colcon_core.shell:Creating prefix chain script '/mnt/d/Monash/ECE4191/Code/atlas/install/setup.ps1'
[27.207s] INFO:colcon.colcon_core.shell:Creating prefix script '/mnt/d/Monash/ECE4191/Code/atlas/install/local_setup.sh'
[27.210s] INFO:colcon.colcon_core.shell:Creating prefix util module '/mnt/d/Monash/ECE4191/Code/atlas/install/_local_setup_util_sh.py'
[27.214s] INFO:colcon.colcon_core.shell:Creating prefix chain script '/mnt/d/Monash/ECE4191/Code/atlas/install/setup.sh'
[27.220s] INFO:colcon.colcon_core.shell:Creating prefix script '/mnt/d/Monash/ECE4191/Code/atlas/install/local_setup.bash'
[27.225s] INFO:colcon.colcon_core.shell:Creating prefix chain script '/mnt/d/Monash/ECE4191/Code/atlas/install/setup.bash'
[27.229s] INFO:colcon.colcon_core.shell:Creating prefix script '/mnt/d/Monash/ECE4191/Code/atlas/install/local_setup.zsh'
[27.234s] INFO:colcon.colcon_core.shell:Creating prefix chain script '/mnt/d/Monash/ECE4191/Code/atlas/install/setup.zsh'
