running egg_info
writing ../../../build/atlas_python/atlas_python.egg-info/PKG-INFO
writing dependency_links to ../../../build/atlas_python/atlas_python.egg-info/dependency_links.txt
writing entry points to ../../../build/atlas_python/atlas_python.egg-info/entry_points.txt
writing requirements to ../../../build/atlas_python/atlas_python.egg-info/requires.txt
writing top-level names to ../../../build/atlas_python/atlas_python.egg-info/top_level.txt
reading manifest file '../../../build/atlas_python/atlas_python.egg-info/SOURCES.txt'
adding license file 'LICENSE'
writing manifest file '../../../build/atlas_python/atlas_python.egg-info/SOURCES.txt'
running build
running build_py
running install
running install_lib
running install_data
running install_egg_info
removing '/mnt/d/MOnash/ECE4191/Code/atlas/install/atlas_python/lib/python3.10/site-packages/atlas_python-0.0.0-py3.10.egg-info' (and everything under it)
Copying ../../../build/atlas_python/atlas_python.egg-info to /mnt/d/MOnash/ECE4191/Code/atlas/install/atlas_python/lib/python3.10/site-packages/atlas_python-0.0.0-py3.10.egg-info
running install_scripts
Installing hello script to /mnt/d/MOnash/ECE4191/Code/atlas/install/atlas_python/lib/atlas_python
Installing object_detection script to /mnt/d/MOnash/ECE4191/Code/atlas/install/atlas_python/lib/atlas_python
Installing pySerialTransfer_test script to /mnt/d/MOnash/ECE4191/Code/atlas/install/atlas_python/lib/atlas_python
writing list of installed files to '/mnt/d/MOnash/ECE4191/Code/atlas/build/atlas_python/install.log'
