[1.141s] Invoking command in '/mnt/d/MOnash/ECE4191/Code/atlas/atlas_ws/src/atlas_python': PYTHONPATH=/mnt/d/MOnash/ECE4191/Code/atlas/build/atlas_python/prefix_override:/home/anhdau/.local/lib/python3.10/site-packages/colcon_core/task/python/colcon_distutils_commands:/mnt/d/MOnash/ECE4191/Code/atlas/install/atlas_python/lib/python3.10/site-packages:${PYTHONPATH} WSLENV=ELECTRON_RUN_AS_NODE/w: /usr/bin/python3 -W ignore:setup.py install is deprecated setup.py egg_info --egg-base ../../../build/atlas_python build --build-base /mnt/d/MOnash/ECE4191/Code/atlas/build/atlas_python/build install --record /mnt/d/MOnash/ECE4191/Code/atlas/build/atlas_python/install.log --single-version-externally-managed install_data
[1.698s] running egg_info
[1.701s] writing ../../../build/atlas_python/atlas_python.egg-info/PKG-INFO
[1.705s] writing dependency_links to ../../../build/atlas_python/atlas_python.egg-info/dependency_links.txt
[1.708s] writing entry points to ../../../build/atlas_python/atlas_python.egg-info/entry_points.txt
[1.711s] writing requirements to ../../../build/atlas_python/atlas_python.egg-info/requires.txt
[1.713s] writing top-level names to ../../../build/atlas_python/atlas_python.egg-info/top_level.txt
[1.745s] reading manifest file '../../../build/atlas_python/atlas_python.egg-info/SOURCES.txt'
[1.779s] adding license file 'LICENSE'
[1.800s] writing manifest file '../../../build/atlas_python/atlas_python.egg-info/SOURCES.txt'
[1.802s] running build
[1.802s] running build_py
[1.849s] running install
[1.849s] running install_lib
[1.992s] running install_data
[2.050s] running install_egg_info
[2.059s] removing '/mnt/d/MOnash/ECE4191/Code/atlas/install/atlas_python/lib/python3.10/site-packages/atlas_python-0.0.0-py3.10.egg-info' (and everything under it)
[2.103s] Copying ../../../build/atlas_python/atlas_python.egg-info to /mnt/d/MOnash/ECE4191/Code/atlas/install/atlas_python/lib/python3.10/site-packages/atlas_python-0.0.0-py3.10.egg-info
[2.283s] running install_scripts
[2.338s] Installing hello script to /mnt/d/MOnash/ECE4191/Code/atlas/install/atlas_python/lib/atlas_python
[2.348s] Installing object_detection script to /mnt/d/MOnash/ECE4191/Code/atlas/install/atlas_python/lib/atlas_python
[2.356s] Installing pySerialTransfer_test script to /mnt/d/MOnash/ECE4191/Code/atlas/install/atlas_python/lib/atlas_python
[2.366s] writing list of installed files to '/mnt/d/MOnash/ECE4191/Code/atlas/build/atlas_python/install.log'
[2.386s] Invoked command in '/mnt/d/MOnash/ECE4191/Code/atlas/atlas_ws/src/atlas_python' returned '0': PYTHONPATH=/mnt/d/MOnash/ECE4191/Code/atlas/build/atlas_python/prefix_override:/home/anhdau/.local/lib/python3.10/site-packages/colcon_core/task/python/colcon_distutils_commands:/mnt/d/MOnash/ECE4191/Code/atlas/install/atlas_python/lib/python3.10/site-packages:${PYTHONPATH} WSLENV=ELECTRON_RUN_AS_NODE/w: /usr/bin/python3 -W ignore:setup.py install is deprecated setup.py egg_info --egg-base ../../../build/atlas_python build --build-base /mnt/d/MOnash/ECE4191/Code/atlas/build/atlas_python/build install --record /mnt/d/MOnash/ECE4191/Code/atlas/build/atlas_python/install.log --single-version-externally-managed install_data
