[0.071s] Invoking command in '/mnt/d/MOnash/ECE4191/Code/atlas/build/atlas_msgs': CMAKE_PREFIX_PATH=/opt/ros/humble WSLENV=ELECTRON_RUN_AS_NODE/w: /usr/bin/cmake /mnt/d/MOnash/ECE4191/Code/atlas/atlas_ws/src/atlas_msgs -DCMAKE_INSTALL_PREFIX=/mnt/d/MOnash/ECE4191/Code/atlas/install/atlas_msgs
[0.100s] -- Found ament_cmake: 1.3.10 (/opt/ros/humble/share/ament_cmake/cmake)
[0.225s] -- Found ament_lint_auto: 0.12.11 (/opt/ros/humble/share/ament_lint_auto/cmake)
[0.301s] -- Found geometry_msgs: 4.2.4 (/opt/ros/humble/share/geometry_msgs/cmake)
[0.415s] -- Found rosidl_generator_c: 3.1.5 (/opt/ros/humble/share/rosidl_generator_c/cmake)
[0.416s] -- Found rosidl_adapter: 3.1.5 (/opt/ros/humble/share/rosidl_adapter/cmake)
[0.420s] -- Found rosidl_generator_cpp: 3.1.5 (/opt/ros/humble/share/rosidl_generator_cpp/cmake)
[0.428s] -- Using all available rosidl_typesupport_c: rosidl_typesupport_fastrtps_c;rosidl_typesupport_introspection_c
[0.437s] -- Using all available rosidl_typesupport_cpp: rosidl_typesupport_fastrtps_cpp;rosidl_typesupport_introspection_cpp
[0.464s] -- Found rosidl_default_generators: 1.2.0 (/opt/ros/humble/share/rosidl_default_generators/cmake)
[0.892s] -- Found ament_cmake_ros: 0.10.0 (/opt/ros/humble/share/ament_cmake_ros/cmake)
[1.475s] -- Using all available rosidl_typesupport_c: rosidl_typesupport_fastrtps_c;rosidl_typesupport_introspection_c
[1.658s] -- Using all available rosidl_typesupport_cpp: rosidl_typesupport_fastrtps_cpp;rosidl_typesupport_introspection_cpp
[1.776s] -- Found PythonInterp: /usr/bin/python3 (found suitable version "3.10.12", minimum required is "3.6") 
[1.777s] -- Found python_cmake_module: 0.10.0 (/opt/ros/humble/share/python_cmake_module/cmake)
[2.103s] -- Found PythonLibs: /usr/lib/x86_64-linux-gnu/libpython3.10.so (found suitable version "3.10.12", minimum required is "3.5") 
[2.103s] -- Using PYTHON_EXECUTABLE: /usr/bin/python3
[2.104s] -- Using PYTHON_INCLUDE_DIRS: /usr/include/python3.10
[2.104s] -- Using PYTHON_LIBRARIES: /usr/lib/x86_64-linux-gnu/libpython3.10.so
[2.121s] -- Found PythonExtra: .so  
[2.710s] -- Added test 'lint_cmake' to check CMake code style
[2.903s] -- Added test 'xmllint' to check XML markup files
[3.269s] -- Configuring done
[4.417s] -- Generating done
[4.572s] -- Build files have been written to: /mnt/d/MOnash/ECE4191/Code/atlas/build/atlas_msgs
[4.579s] Invoked command in '/mnt/d/MOnash/ECE4191/Code/atlas/build/atlas_msgs' returned '0': CMAKE_PREFIX_PATH=/opt/ros/humble WSLENV=ELECTRON_RUN_AS_NODE/w: /usr/bin/cmake /mnt/d/MOnash/ECE4191/Code/atlas/atlas_ws/src/atlas_msgs -DCMAKE_INSTALL_PREFIX=/mnt/d/MOnash/ECE4191/Code/atlas/install/atlas_msgs
[4.587s] Invoking command in '/mnt/d/MOnash/ECE4191/Code/atlas/build/atlas_msgs': CMAKE_PREFIX_PATH=/opt/ros/humble WSLENV=ELECTRON_RUN_AS_NODE/w: /usr/bin/cmake --build /mnt/d/MOnash/ECE4191/Code/atlas/build/atlas_msgs -- -j16 -l16
[4.717s] [  2%] [34m[1mGenerating C code for ROS interfaces[0m
[4.731s] [  5%] [34m[1mGenerating C++ code for ROS interfaces[0m
[4.756s] [  5%] Built target ament_cmake_python_copy_atlas_msgs
[5.021s] running egg_info
[5.023s] creating atlas_msgs.egg-info
[5.024s] writing atlas_msgs.egg-info/PKG-INFO
[5.029s] writing dependency_links to atlas_msgs.egg-info/dependency_links.txt
[5.034s] writing top-level names to atlas_msgs.egg-info/top_level.txt
[5.037s] writing manifest file 'atlas_msgs.egg-info/SOURCES.txt'
[5.051s] reading manifest file 'atlas_msgs.egg-info/SOURCES.txt'
[5.069s] writing manifest file 'atlas_msgs.egg-info/SOURCES.txt'
[5.095s] [  5%] Built target ament_cmake_python_build_atlas_msgs_egg
[5.096s] [  5%] Built target atlas_msgs__cpp
[5.129s] [ 10%] [34m[1mGenerating C++ type support dispatch for ROS interfaces[0m
[5.131s] [ 12%] [34m[1mGenerating C++ introspection for ROS interfaces[0m
[5.133s] [ 12%] [34m[1mGenerating C++ type support for eProsima Fast-RTPS[0m
[5.209s] [ 15%] [32mBuilding C object CMakeFiles/atlas_msgs__rosidl_generator_c.dir/rosidl_generator_c/atlas_msgs/srv/detail/motion_request__functions.c.o[0m
[5.213s] [ 17%] [32mBuilding C object CMakeFiles/atlas_msgs__rosidl_generator_c.dir/rosidl_generator_c/atlas_msgs/srv/detail/detection__functions.c.o[0m
[5.366s] [ 20%] [32m[1mLinking C shared library libatlas_msgs__rosidl_generator_c.so[0m
[5.439s] [ 25%] [32mBuilding CXX object CMakeFiles/atlas_msgs__rosidl_typesupport_cpp.dir/rosidl_typesupport_cpp/atlas_msgs/srv/detection__type_support.cpp.o[0m
[5.440s] [ 25%] [32mBuilding CXX object CMakeFiles/atlas_msgs__rosidl_typesupport_cpp.dir/rosidl_typesupport_cpp/atlas_msgs/srv/motion_request__type_support.cpp.o[0m
[5.504s] [ 28%] [32mBuilding CXX object CMakeFiles/atlas_msgs__rosidl_typesupport_introspection_cpp.dir/rosidl_typesupport_introspection_cpp/atlas_msgs/srv/detail/motion_request__type_support.cpp.o[0m
[5.513s] [ 30%] [32mBuilding CXX object CMakeFiles/atlas_msgs__rosidl_typesupport_introspection_cpp.dir/rosidl_typesupport_introspection_cpp/atlas_msgs/srv/detail/detection__type_support.cpp.o[0m
[5.555s] [ 33%] [32mBuilding CXX object CMakeFiles/atlas_msgs__rosidl_typesupport_fastrtps_cpp.dir/rosidl_typesupport_fastrtps_cpp/atlas_msgs/srv/detail/dds_fastrtps/motion_request__type_support.cpp.o[0m
[5.561s] [ 33%] Built target atlas_msgs__rosidl_generator_c
[5.572s] [ 35%] [32mBuilding CXX object CMakeFiles/atlas_msgs__rosidl_typesupport_fastrtps_cpp.dir/rosidl_typesupport_fastrtps_cpp/atlas_msgs/srv/detail/dds_fastrtps/detection__type_support.cpp.o[0m
[5.606s] [ 43%] [34m[1mGenerating C type support dispatch for ROS interfaces[0m
[5.608s] [ 43%] [34m[1mGenerating C introspection for ROS interfaces[0m
[5.609s] [ 43%] [34m[1mGenerating C type support for eProsima Fast-RTPS[0m
[5.967s] [ 46%] [32m[1mLinking CXX shared library libatlas_msgs__rosidl_typesupport_cpp.so[0m
[6.013s] [ 48%] [32mBuilding CXX object CMakeFiles/atlas_msgs__rosidl_typesupport_c.dir/rosidl_typesupport_c/atlas_msgs/srv/motion_request__type_support.cpp.o[0m
[6.021s] [ 51%] [32mBuilding CXX object CMakeFiles/atlas_msgs__rosidl_typesupport_c.dir/rosidl_typesupport_c/atlas_msgs/srv/detection__type_support.cpp.o[0m
[6.117s] [ 53%] [32mBuilding C object CMakeFiles/atlas_msgs__rosidl_typesupport_introspection_c.dir/rosidl_typesupport_introspection_c/atlas_msgs/srv/detail/motion_request__type_support.c.o[0m
[6.125s] [ 56%] [32mBuilding C object CMakeFiles/atlas_msgs__rosidl_typesupport_introspection_c.dir/rosidl_typesupport_introspection_c/atlas_msgs/srv/detail/detection__type_support.c.o[0m
[6.143s] [ 61%] [32mBuilding CXX object CMakeFiles/atlas_msgs__rosidl_typesupport_fastrtps_c.dir/rosidl_typesupport_fastrtps_c/atlas_msgs/srv/detail/motion_request__type_support_c.cpp.o[0m
[6.144s] [ 61%] [32m[1mLinking CXX shared library libatlas_msgs__rosidl_typesupport_c.so[0m
[6.150s] [ 64%] [32mBuilding CXX object CMakeFiles/atlas_msgs__rosidl_typesupport_fastrtps_c.dir/rosidl_typesupport_fastrtps_c/atlas_msgs/srv/detail/detection__type_support_c.cpp.o[0m
[6.229s] [ 64%] Built target atlas_msgs__rosidl_typesupport_cpp
[6.297s] [ 66%] [32m[1mLinking CXX shared library libatlas_msgs__rosidl_typesupport_introspection_cpp.so[0m
[6.341s] [ 69%] [32m[1mLinking C shared library libatlas_msgs__rosidl_typesupport_introspection_c.so[0m
[6.399s] [ 69%] Built target atlas_msgs__rosidl_typesupport_c
[6.498s] [ 71%] [32m[1mLinking CXX shared library libatlas_msgs__rosidl_typesupport_fastrtps_cpp.so[0m
[6.525s] [ 71%] Built target atlas_msgs__rosidl_typesupport_introspection_cpp
[6.549s] [ 71%] Built target atlas_msgs__rosidl_typesupport_introspection_c
[6.706s] [ 71%] Built target atlas_msgs__rosidl_typesupport_fastrtps_cpp
[6.812s] [ 74%] [32m[1mLinking CXX shared library libatlas_msgs__rosidl_typesupport_fastrtps_c.so[0m
[6.982s] [ 74%] Built target atlas_msgs__rosidl_typesupport_fastrtps_c
[7.023s] [ 74%] Built target atlas_msgs
[7.075s] [ 76%] [34m[1mGenerating Python code for ROS interfaces[0m
[7.533s] [ 76%] Built target atlas_msgs__py
[7.586s] [ 79%] [32mBuilding C object CMakeFiles/atlas_msgs__rosidl_generator_py.dir/rosidl_generator_py/atlas_msgs/srv/_motion_request_s.c.o[0m
[7.591s] [ 82%] [32mBuilding C object CMakeFiles/atlas_msgs__rosidl_generator_py.dir/rosidl_generator_py/atlas_msgs/srv/_detection_s.c.o[0m
[7.855s] [ 84%] [32m[1mLinking C shared library rosidl_generator_py/atlas_msgs/libatlas_msgs__rosidl_generator_py.so[0m
[8.008s] [ 84%] Built target atlas_msgs__rosidl_generator_py
[8.062s] [ 92%] [32mBuilding C object CMakeFiles/atlas_msgs__rosidl_typesupport_fastrtps_c__pyext.dir/rosidl_generator_py/atlas_msgs/_atlas_msgs_s.ep.rosidl_typesupport_fastrtps_c.c.o[0m
[8.062s] [ 92%] [32mBuilding C object CMakeFiles/atlas_msgs__rosidl_typesupport_c__pyext.dir/rosidl_generator_py/atlas_msgs/_atlas_msgs_s.ep.rosidl_typesupport_c.c.o[0m
[8.064s] [ 92%] [32mBuilding C object CMakeFiles/atlas_msgs__rosidl_typesupport_introspection_c__pyext.dir/rosidl_generator_py/atlas_msgs/_atlas_msgs_s.ep.rosidl_typesupport_introspection_c.c.o[0m
[8.314s] [ 94%] [32m[1mLinking C shared library rosidl_generator_py/atlas_msgs/atlas_msgs_s__rosidl_typesupport_c.cpython-310-x86_64-linux-gnu.so[0m
[8.367s] [100%] [32m[1mLinking C shared library rosidl_generator_py/atlas_msgs/atlas_msgs_s__rosidl_typesupport_introspection_c.cpython-310-x86_64-linux-gnu.so[0m
[8.368s] [100%] [32m[1mLinking C shared library rosidl_generator_py/atlas_msgs/atlas_msgs_s__rosidl_typesupport_fastrtps_c.cpython-310-x86_64-linux-gnu.so[0m
[8.471s] [100%] Built target atlas_msgs__rosidl_typesupport_c__pyext
[8.514s] [100%] Built target atlas_msgs__rosidl_typesupport_introspection_c__pyext
[8.517s] [100%] Built target atlas_msgs__rosidl_typesupport_fastrtps_c__pyext
[8.609s] Invoked command in '/mnt/d/MOnash/ECE4191/Code/atlas/build/atlas_msgs' returned '0': CMAKE_PREFIX_PATH=/opt/ros/humble WSLENV=ELECTRON_RUN_AS_NODE/w: /usr/bin/cmake --build /mnt/d/MOnash/ECE4191/Code/atlas/build/atlas_msgs -- -j16 -l16
[8.700s] Invoking command in '/mnt/d/MOnash/ECE4191/Code/atlas/build/atlas_msgs': CMAKE_PREFIX_PATH=/opt/ros/humble WSLENV=ELECTRON_RUN_AS_NODE/w: /usr/bin/cmake --install /mnt/d/MOnash/ECE4191/Code/atlas/build/atlas_msgs
[8.707s] -- Install configuration: ""
[8.732s] -- Installing: /mnt/d/MOnash/ECE4191/Code/atlas/install/atlas_msgs/share/ament_index/resource_index/rosidl_interfaces/atlas_msgs
[8.782s] -- Installing: /mnt/d/MOnash/ECE4191/Code/atlas/install/atlas_msgs/include/atlas_msgs/atlas_msgs
[8.797s] -- Installing: /mnt/d/MOnash/ECE4191/Code/atlas/install/atlas_msgs/include/atlas_msgs/atlas_msgs/msg
[8.821s] -- Installing: /mnt/d/MOnash/ECE4191/Code/atlas/install/atlas_msgs/include/atlas_msgs/atlas_msgs/msg/rosidl_generator_c__visibility_control.h
[8.870s] -- Installing: /mnt/d/MOnash/ECE4191/Code/atlas/install/atlas_msgs/include/atlas_msgs/atlas_msgs/srv
[8.891s] -- Installing: /mnt/d/MOnash/ECE4191/Code/atlas/install/atlas_msgs/include/atlas_msgs/atlas_msgs/srv/detail
[8.921s] -- Installing: /mnt/d/MOnash/ECE4191/Code/atlas/install/atlas_msgs/include/atlas_msgs/atlas_msgs/srv/detail/detection__functions.c
[8.985s] -- Installing: /mnt/d/MOnash/ECE4191/Code/atlas/install/atlas_msgs/include/atlas_msgs/atlas_msgs/srv/detail/detection__functions.h
[9.047s] -- Installing: /mnt/d/MOnash/ECE4191/Code/atlas/install/atlas_msgs/include/atlas_msgs/atlas_msgs/srv/detail/detection__struct.h
[9.110s] -- Installing: /mnt/d/MOnash/ECE4191/Code/atlas/install/atlas_msgs/include/atlas_msgs/atlas_msgs/srv/detail/detection__type_support.h
[9.172s] -- Installing: /mnt/d/MOnash/ECE4191/Code/atlas/install/atlas_msgs/include/atlas_msgs/atlas_msgs/srv/detail/motion_request__functions.c
[9.234s] -- Installing: /mnt/d/MOnash/ECE4191/Code/atlas/install/atlas_msgs/include/atlas_msgs/atlas_msgs/srv/detail/motion_request__functions.h
[9.297s] -- Installing: /mnt/d/MOnash/ECE4191/Code/atlas/install/atlas_msgs/include/atlas_msgs/atlas_msgs/srv/detail/motion_request__struct.h
[9.361s] -- Installing: /mnt/d/MOnash/ECE4191/Code/atlas/install/atlas_msgs/include/atlas_msgs/atlas_msgs/srv/detail/motion_request__type_support.h
[9.422s] -- Installing: /mnt/d/MOnash/ECE4191/Code/atlas/install/atlas_msgs/include/atlas_msgs/atlas_msgs/srv/detection.h
[9.475s] -- Installing: /mnt/d/MOnash/ECE4191/Code/atlas/install/atlas_msgs/include/atlas_msgs/atlas_msgs/srv/motion_request.h
[9.531s] -- Installing: /mnt/d/MOnash/ECE4191/Code/atlas/install/atlas_msgs/share/atlas_msgs/environment/library_path.sh
[9.570s] -- Installing: /mnt/d/MOnash/ECE4191/Code/atlas/install/atlas_msgs/share/atlas_msgs/environment/library_path.dsv
[9.611s] -- Installing: /mnt/d/MOnash/ECE4191/Code/atlas/install/atlas_msgs/lib/libatlas_msgs__rosidl_generator_c.so
[9.665s] -- Set runtime path of "/mnt/d/MOnash/ECE4191/Code/atlas/install/atlas_msgs/lib/libatlas_msgs__rosidl_generator_c.so" to ""
[9.673s] -- Up-to-date: /mnt/d/MOnash/ECE4191/Code/atlas/install/atlas_msgs/include/atlas_msgs/atlas_msgs
[9.688s] -- Up-to-date: /mnt/d/MOnash/ECE4191/Code/atlas/install/atlas_msgs/include/atlas_msgs/atlas_msgs/msg
[9.706s] -- Installing: /mnt/d/MOnash/ECE4191/Code/atlas/install/atlas_msgs/include/atlas_msgs/atlas_msgs/msg/rosidl_typesupport_fastrtps_c__visibility_control.h
[9.759s] -- Up-to-date: /mnt/d/MOnash/ECE4191/Code/atlas/install/atlas_msgs/include/atlas_msgs/atlas_msgs/srv
[9.782s] -- Up-to-date: /mnt/d/MOnash/ECE4191/Code/atlas/install/atlas_msgs/include/atlas_msgs/atlas_msgs/srv/detail
[9.819s] -- Installing: /mnt/d/MOnash/ECE4191/Code/atlas/install/atlas_msgs/include/atlas_msgs/atlas_msgs/srv/detail/detection__rosidl_typesupport_fastrtps_c.h
[9.905s] -- Installing: /mnt/d/MOnash/ECE4191/Code/atlas/install/atlas_msgs/include/atlas_msgs/atlas_msgs/srv/detail/motion_request__rosidl_typesupport_fastrtps_c.h
[9.965s] -- Installing: /mnt/d/MOnash/ECE4191/Code/atlas/install/atlas_msgs/lib/libatlas_msgs__rosidl_typesupport_fastrtps_c.so
[10.021s] -- Set runtime path of "/mnt/d/MOnash/ECE4191/Code/atlas/install/atlas_msgs/lib/libatlas_msgs__rosidl_typesupport_fastrtps_c.so" to ""
[10.028s] -- Up-to-date: /mnt/d/MOnash/ECE4191/Code/atlas/install/atlas_msgs/include/atlas_msgs/atlas_msgs
[10.043s] -- Up-to-date: /mnt/d/MOnash/ECE4191/Code/atlas/install/atlas_msgs/include/atlas_msgs/atlas_msgs/srv
[10.060s] -- Up-to-date: /mnt/d/MOnash/ECE4191/Code/atlas/install/atlas_msgs/include/atlas_msgs/atlas_msgs/srv/detail
[10.083s] -- Installing: /mnt/d/MOnash/ECE4191/Code/atlas/install/atlas_msgs/include/atlas_msgs/atlas_msgs/srv/detail/detection__builder.hpp
[10.151s] -- Installing: /mnt/d/MOnash/ECE4191/Code/atlas/install/atlas_msgs/include/atlas_msgs/atlas_msgs/srv/detail/detection__struct.hpp
[10.212s] -- Installing: /mnt/d/MOnash/ECE4191/Code/atlas/install/atlas_msgs/include/atlas_msgs/atlas_msgs/srv/detail/detection__traits.hpp
[10.276s] -- Installing: /mnt/d/MOnash/ECE4191/Code/atlas/install/atlas_msgs/include/atlas_msgs/atlas_msgs/srv/detail/motion_request__builder.hpp
[10.339s] -- Installing: /mnt/d/MOnash/ECE4191/Code/atlas/install/atlas_msgs/include/atlas_msgs/atlas_msgs/srv/detail/motion_request__struct.hpp
[10.402s] -- Installing: /mnt/d/MOnash/ECE4191/Code/atlas/install/atlas_msgs/include/atlas_msgs/atlas_msgs/srv/detail/motion_request__traits.hpp
[10.459s] -- Installing: /mnt/d/MOnash/ECE4191/Code/atlas/install/atlas_msgs/include/atlas_msgs/atlas_msgs/srv/detection.hpp
[10.514s] -- Installing: /mnt/d/MOnash/ECE4191/Code/atlas/install/atlas_msgs/include/atlas_msgs/atlas_msgs/srv/motion_request.hpp
[10.563s] -- Up-to-date: /mnt/d/MOnash/ECE4191/Code/atlas/install/atlas_msgs/include/atlas_msgs/atlas_msgs
[10.578s] -- Up-to-date: /mnt/d/MOnash/ECE4191/Code/atlas/install/atlas_msgs/include/atlas_msgs/atlas_msgs/msg
[10.596s] -- Installing: /mnt/d/MOnash/ECE4191/Code/atlas/install/atlas_msgs/include/atlas_msgs/atlas_msgs/msg/rosidl_typesupport_fastrtps_cpp__visibility_control.h
[10.643s] -- Up-to-date: /mnt/d/MOnash/ECE4191/Code/atlas/install/atlas_msgs/include/atlas_msgs/atlas_msgs/srv
[10.661s] -- Up-to-date: /mnt/d/MOnash/ECE4191/Code/atlas/install/atlas_msgs/include/atlas_msgs/atlas_msgs/srv/detail
[10.680s] -- Installing: /mnt/d/MOnash/ECE4191/Code/atlas/install/atlas_msgs/include/atlas_msgs/atlas_msgs/srv/detail/dds_fastrtps
[10.712s] -- Installing: /mnt/d/MOnash/ECE4191/Code/atlas/install/atlas_msgs/include/atlas_msgs/atlas_msgs/srv/detail/detection__rosidl_typesupport_fastrtps_cpp.hpp
[10.770s] -- Installing: /mnt/d/MOnash/ECE4191/Code/atlas/install/atlas_msgs/include/atlas_msgs/atlas_msgs/srv/detail/motion_request__rosidl_typesupport_fastrtps_cpp.hpp
[10.826s] -- Installing: /mnt/d/MOnash/ECE4191/Code/atlas/install/atlas_msgs/lib/libatlas_msgs__rosidl_typesupport_fastrtps_cpp.so
[10.876s] -- Set runtime path of "/mnt/d/MOnash/ECE4191/Code/atlas/install/atlas_msgs/lib/libatlas_msgs__rosidl_typesupport_fastrtps_cpp.so" to ""
[10.883s] -- Up-to-date: /mnt/d/MOnash/ECE4191/Code/atlas/install/atlas_msgs/include/atlas_msgs/atlas_msgs
[10.897s] -- Up-to-date: /mnt/d/MOnash/ECE4191/Code/atlas/install/atlas_msgs/include/atlas_msgs/atlas_msgs/msg
[10.915s] -- Installing: /mnt/d/MOnash/ECE4191/Code/atlas/install/atlas_msgs/include/atlas_msgs/atlas_msgs/msg/rosidl_typesupport_introspection_c__visibility_control.h
[10.967s] -- Up-to-date: /mnt/d/MOnash/ECE4191/Code/atlas/install/atlas_msgs/include/atlas_msgs/atlas_msgs/srv
[10.984s] -- Up-to-date: /mnt/d/MOnash/ECE4191/Code/atlas/install/atlas_msgs/include/atlas_msgs/atlas_msgs/srv/detail
[11.008s] -- Installing: /mnt/d/MOnash/ECE4191/Code/atlas/install/atlas_msgs/include/atlas_msgs/atlas_msgs/srv/detail/detection__rosidl_typesupport_introspection_c.h
[11.072s] -- Installing: /mnt/d/MOnash/ECE4191/Code/atlas/install/atlas_msgs/include/atlas_msgs/atlas_msgs/srv/detail/detection__type_support.c
[11.133s] -- Installing: /mnt/d/MOnash/ECE4191/Code/atlas/install/atlas_msgs/include/atlas_msgs/atlas_msgs/srv/detail/motion_request__rosidl_typesupport_introspection_c.h
[11.195s] -- Installing: /mnt/d/MOnash/ECE4191/Code/atlas/install/atlas_msgs/include/atlas_msgs/atlas_msgs/srv/detail/motion_request__type_support.c
[11.251s] -- Installing: /mnt/d/MOnash/ECE4191/Code/atlas/install/atlas_msgs/lib/libatlas_msgs__rosidl_typesupport_introspection_c.so
[11.300s] -- Set runtime path of "/mnt/d/MOnash/ECE4191/Code/atlas/install/atlas_msgs/lib/libatlas_msgs__rosidl_typesupport_introspection_c.so" to ""
[11.310s] -- Installing: /mnt/d/MOnash/ECE4191/Code/atlas/install/atlas_msgs/lib/libatlas_msgs__rosidl_typesupport_c.so
[11.360s] -- Set runtime path of "/mnt/d/MOnash/ECE4191/Code/atlas/install/atlas_msgs/lib/libatlas_msgs__rosidl_typesupport_c.so" to ""
[11.367s] -- Up-to-date: /mnt/d/MOnash/ECE4191/Code/atlas/install/atlas_msgs/include/atlas_msgs/atlas_msgs
[11.380s] -- Up-to-date: /mnt/d/MOnash/ECE4191/Code/atlas/install/atlas_msgs/include/atlas_msgs/atlas_msgs/srv
[11.398s] -- Up-to-date: /mnt/d/MOnash/ECE4191/Code/atlas/install/atlas_msgs/include/atlas_msgs/atlas_msgs/srv/detail
[11.421s] -- Installing: /mnt/d/MOnash/ECE4191/Code/atlas/install/atlas_msgs/include/atlas_msgs/atlas_msgs/srv/detail/detection__rosidl_typesupport_introspection_cpp.hpp
[11.479s] -- Installing: /mnt/d/MOnash/ECE4191/Code/atlas/install/atlas_msgs/include/atlas_msgs/atlas_msgs/srv/detail/detection__type_support.cpp
[11.541s] -- Installing: /mnt/d/MOnash/ECE4191/Code/atlas/install/atlas_msgs/include/atlas_msgs/atlas_msgs/srv/detail/motion_request__rosidl_typesupport_introspection_cpp.hpp
[11.603s] -- Installing: /mnt/d/MOnash/ECE4191/Code/atlas/install/atlas_msgs/include/atlas_msgs/atlas_msgs/srv/detail/motion_request__type_support.cpp
[11.663s] -- Installing: /mnt/d/MOnash/ECE4191/Code/atlas/install/atlas_msgs/lib/libatlas_msgs__rosidl_typesupport_introspection_cpp.so
[11.711s] -- Set runtime path of "/mnt/d/MOnash/ECE4191/Code/atlas/install/atlas_msgs/lib/libatlas_msgs__rosidl_typesupport_introspection_cpp.so" to ""
[11.721s] -- Installing: /mnt/d/MOnash/ECE4191/Code/atlas/install/atlas_msgs/lib/libatlas_msgs__rosidl_typesupport_cpp.so
[11.769s] -- Set runtime path of "/mnt/d/MOnash/ECE4191/Code/atlas/install/atlas_msgs/lib/libatlas_msgs__rosidl_typesupport_cpp.so" to ""
[11.782s] -- Installing: /mnt/d/MOnash/ECE4191/Code/atlas/install/atlas_msgs/share/atlas_msgs/environment/pythonpath.sh
[11.830s] -- Installing: /mnt/d/MOnash/ECE4191/Code/atlas/install/atlas_msgs/share/atlas_msgs/environment/pythonpath.dsv
[11.868s] -- Installing: /mnt/d/MOnash/ECE4191/Code/atlas/install/atlas_msgs/local/lib/python3.10/dist-packages/atlas_msgs-0.0.0-py3.10.egg-info
[11.896s] -- Installing: /mnt/d/MOnash/ECE4191/Code/atlas/install/atlas_msgs/local/lib/python3.10/dist-packages/atlas_msgs-0.0.0-py3.10.egg-info/dependency_links.txt
[11.954s] -- Installing: /mnt/d/MOnash/ECE4191/Code/atlas/install/atlas_msgs/local/lib/python3.10/dist-packages/atlas_msgs-0.0.0-py3.10.egg-info/PKG-INFO
[12.015s] -- Installing: /mnt/d/MOnash/ECE4191/Code/atlas/install/atlas_msgs/local/lib/python3.10/dist-packages/atlas_msgs-0.0.0-py3.10.egg-info/SOURCES.txt
[12.077s] -- Installing: /mnt/d/MOnash/ECE4191/Code/atlas/install/atlas_msgs/local/lib/python3.10/dist-packages/atlas_msgs-0.0.0-py3.10.egg-info/top_level.txt
[12.131s] -- Installing: /mnt/d/MOnash/ECE4191/Code/atlas/install/atlas_msgs/local/lib/python3.10/dist-packages/atlas_msgs
[12.155s] -- Installing: /mnt/d/MOnash/ECE4191/Code/atlas/install/atlas_msgs/local/lib/python3.10/dist-packages/atlas_msgs/atlas_msgs_s__rosidl_typesupport_c.cpython-310-x86_64-linux-gnu.so
[12.209s] -- Installing: /mnt/d/MOnash/ECE4191/Code/atlas/install/atlas_msgs/local/lib/python3.10/dist-packages/atlas_msgs/atlas_msgs_s__rosidl_typesupport_fastrtps_c.cpython-310-x86_64-linux-gnu.so
[12.270s] -- Installing: /mnt/d/MOnash/ECE4191/Code/atlas/install/atlas_msgs/local/lib/python3.10/dist-packages/atlas_msgs/atlas_msgs_s__rosidl_typesupport_introspection_c.cpython-310-x86_64-linux-gnu.so
[12.323s] -- Installing: /mnt/d/MOnash/ECE4191/Code/atlas/install/atlas_msgs/local/lib/python3.10/dist-packages/atlas_msgs/libatlas_msgs__rosidl_generator_py.so
[12.376s] -- Installing: /mnt/d/MOnash/ECE4191/Code/atlas/install/atlas_msgs/local/lib/python3.10/dist-packages/atlas_msgs/srv
[12.407s] -- Installing: /mnt/d/MOnash/ECE4191/Code/atlas/install/atlas_msgs/local/lib/python3.10/dist-packages/atlas_msgs/srv/_detection.py
[12.474s] -- Installing: /mnt/d/MOnash/ECE4191/Code/atlas/install/atlas_msgs/local/lib/python3.10/dist-packages/atlas_msgs/srv/_detection_s.c
[12.539s] -- Installing: /mnt/d/MOnash/ECE4191/Code/atlas/install/atlas_msgs/local/lib/python3.10/dist-packages/atlas_msgs/srv/_motion_request.py
[12.602s] -- Installing: /mnt/d/MOnash/ECE4191/Code/atlas/install/atlas_msgs/local/lib/python3.10/dist-packages/atlas_msgs/srv/_motion_request_s.c
[12.667s] -- Installing: /mnt/d/MOnash/ECE4191/Code/atlas/install/atlas_msgs/local/lib/python3.10/dist-packages/atlas_msgs/srv/__init__.py
[12.731s] -- Installing: /mnt/d/MOnash/ECE4191/Code/atlas/install/atlas_msgs/local/lib/python3.10/dist-packages/atlas_msgs/_atlas_msgs_s.ep.rosidl_typesupport_c.c
[12.785s] -- Installing: /mnt/d/MOnash/ECE4191/Code/atlas/install/atlas_msgs/local/lib/python3.10/dist-packages/atlas_msgs/_atlas_msgs_s.ep.rosidl_typesupport_fastrtps_c.c
[12.842s] -- Installing: /mnt/d/MOnash/ECE4191/Code/atlas/install/atlas_msgs/local/lib/python3.10/dist-packages/atlas_msgs/_atlas_msgs_s.ep.rosidl_typesupport_introspection_c.c
[12.901s] -- Installing: /mnt/d/MOnash/ECE4191/Code/atlas/install/atlas_msgs/local/lib/python3.10/dist-packages/atlas_msgs/__init__.py
[13.194s] Listing '/mnt/d/MOnash/ECE4191/Code/atlas/install/atlas_msgs/local/lib/python3.10/dist-packages/atlas_msgs'...
[13.195s] Compiling '/mnt/d/MOnash/ECE4191/Code/atlas/install/atlas_msgs/local/lib/python3.10/dist-packages/atlas_msgs/__init__.py'...
[13.195s] Listing '/mnt/d/MOnash/ECE4191/Code/atlas/install/atlas_msgs/local/lib/python3.10/dist-packages/atlas_msgs/srv'...
[13.196s] Compiling '/mnt/d/MOnash/ECE4191/Code/atlas/install/atlas_msgs/local/lib/python3.10/dist-packages/atlas_msgs/srv/__init__.py'...
[13.196s] Compiling '/mnt/d/MOnash/ECE4191/Code/atlas/install/atlas_msgs/local/lib/python3.10/dist-packages/atlas_msgs/srv/_detection.py'...
[13.196s] Compiling '/mnt/d/MOnash/ECE4191/Code/atlas/install/atlas_msgs/local/lib/python3.10/dist-packages/atlas_msgs/srv/_motion_request.py'...
[13.237s] -- Installing: /mnt/d/MOnash/ECE4191/Code/atlas/install/atlas_msgs/local/lib/python3.10/dist-packages/atlas_msgs/atlas_msgs_s__rosidl_typesupport_fastrtps_c.cpython-310-x86_64-linux-gnu.so
[13.326s] -- Set runtime path of "/mnt/d/MOnash/ECE4191/Code/atlas/install/atlas_msgs/local/lib/python3.10/dist-packages/atlas_msgs/atlas_msgs_s__rosidl_typesupport_fastrtps_c.cpython-310-x86_64-linux-gnu.so" to ""
[13.364s] -- Installing: /mnt/d/MOnash/ECE4191/Code/atlas/install/atlas_msgs/local/lib/python3.10/dist-packages/atlas_msgs/atlas_msgs_s__rosidl_typesupport_introspection_c.cpython-310-x86_64-linux-gnu.so
[13.451s] -- Set runtime path of "/mnt/d/MOnash/ECE4191/Code/atlas/install/atlas_msgs/local/lib/python3.10/dist-packages/atlas_msgs/atlas_msgs_s__rosidl_typesupport_introspection_c.cpython-310-x86_64-linux-gnu.so" to ""
[13.492s] -- Installing: /mnt/d/MOnash/ECE4191/Code/atlas/install/atlas_msgs/local/lib/python3.10/dist-packages/atlas_msgs/atlas_msgs_s__rosidl_typesupport_c.cpython-310-x86_64-linux-gnu.so
[13.578s] -- Set runtime path of "/mnt/d/MOnash/ECE4191/Code/atlas/install/atlas_msgs/local/lib/python3.10/dist-packages/atlas_msgs/atlas_msgs_s__rosidl_typesupport_c.cpython-310-x86_64-linux-gnu.so" to ""
[13.591s] -- Installing: /mnt/d/MOnash/ECE4191/Code/atlas/install/atlas_msgs/lib/libatlas_msgs__rosidl_generator_py.so
[13.650s] -- Set runtime path of "/mnt/d/MOnash/ECE4191/Code/atlas/install/atlas_msgs/lib/libatlas_msgs__rosidl_generator_py.so" to ""
[13.672s] -- Installing: /mnt/d/MOnash/ECE4191/Code/atlas/install/atlas_msgs/share/atlas_msgs/srv/MotionRequest.idl
[13.723s] -- Installing: /mnt/d/MOnash/ECE4191/Code/atlas/install/atlas_msgs/share/atlas_msgs/srv/Detection.idl
[13.775s] -- Installing: /mnt/d/MOnash/ECE4191/Code/atlas/install/atlas_msgs/share/atlas_msgs/srv/MotionRequest.srv
[13.826s] -- Installing: /mnt/d/MOnash/ECE4191/Code/atlas/install/atlas_msgs/share/atlas_msgs/srv/MotionRequest_Request.msg
[13.873s] -- Installing: /mnt/d/MOnash/ECE4191/Code/atlas/install/atlas_msgs/share/atlas_msgs/srv/MotionRequest_Response.msg
[13.924s] -- Installing: /mnt/d/MOnash/ECE4191/Code/atlas/install/atlas_msgs/share/atlas_msgs/srv/Detection.srv
[13.975s] -- Installing: /mnt/d/MOnash/ECE4191/Code/atlas/install/atlas_msgs/share/atlas_msgs/srv/Detection_Request.msg
[14.026s] -- Installing: /mnt/d/MOnash/ECE4191/Code/atlas/install/atlas_msgs/share/atlas_msgs/srv/Detection_Response.msg
[14.082s] -- Installing: /mnt/d/MOnash/ECE4191/Code/atlas/install/atlas_msgs/share/ament_index/resource_index/package_run_dependencies/atlas_msgs
[14.153s] -- Installing: /mnt/d/MOnash/ECE4191/Code/atlas/install/atlas_msgs/share/ament_index/resource_index/parent_prefix_path/atlas_msgs
[14.203s] -- Installing: /mnt/d/MOnash/ECE4191/Code/atlas/install/atlas_msgs/share/atlas_msgs/environment/ament_prefix_path.sh
[14.242s] -- Installing: /mnt/d/MOnash/ECE4191/Code/atlas/install/atlas_msgs/share/atlas_msgs/environment/ament_prefix_path.dsv
[14.283s] -- Installing: /mnt/d/MOnash/ECE4191/Code/atlas/install/atlas_msgs/share/atlas_msgs/environment/path.sh
[14.322s] -- Installing: /mnt/d/MOnash/ECE4191/Code/atlas/install/atlas_msgs/share/atlas_msgs/environment/path.dsv
[14.365s] -- Installing: /mnt/d/MOnash/ECE4191/Code/atlas/install/atlas_msgs/share/atlas_msgs/local_setup.bash
[14.405s] -- Installing: /mnt/d/MOnash/ECE4191/Code/atlas/install/atlas_msgs/share/atlas_msgs/local_setup.sh
[14.444s] -- Installing: /mnt/d/MOnash/ECE4191/Code/atlas/install/atlas_msgs/share/atlas_msgs/local_setup.zsh
[14.482s] -- Installing: /mnt/d/MOnash/ECE4191/Code/atlas/install/atlas_msgs/share/atlas_msgs/local_setup.dsv
[14.523s] -- Installing: /mnt/d/MOnash/ECE4191/Code/atlas/install/atlas_msgs/share/atlas_msgs/package.dsv
[14.576s] -- Installing: /mnt/d/MOnash/ECE4191/Code/atlas/install/atlas_msgs/share/ament_index/resource_index/packages/atlas_msgs
[14.647s] -- Installing: /mnt/d/MOnash/ECE4191/Code/atlas/install/atlas_msgs/share/atlas_msgs/cmake/export_atlas_msgs__rosidl_generator_cExport.cmake
[14.705s] -- Installing: /mnt/d/MOnash/ECE4191/Code/atlas/install/atlas_msgs/share/atlas_msgs/cmake/export_atlas_msgs__rosidl_generator_cExport-noconfig.cmake
[14.765s] -- Installing: /mnt/d/MOnash/ECE4191/Code/atlas/install/atlas_msgs/share/atlas_msgs/cmake/export_atlas_msgs__rosidl_typesupport_fastrtps_cExport.cmake
[14.822s] -- Installing: /mnt/d/MOnash/ECE4191/Code/atlas/install/atlas_msgs/share/atlas_msgs/cmake/export_atlas_msgs__rosidl_typesupport_fastrtps_cExport-noconfig.cmake
[14.882s] -- Installing: /mnt/d/MOnash/ECE4191/Code/atlas/install/atlas_msgs/share/atlas_msgs/cmake/export_atlas_msgs__rosidl_generator_cppExport.cmake
[14.942s] -- Installing: /mnt/d/MOnash/ECE4191/Code/atlas/install/atlas_msgs/share/atlas_msgs/cmake/export_atlas_msgs__rosidl_typesupport_fastrtps_cppExport.cmake
[14.999s] -- Installing: /mnt/d/MOnash/ECE4191/Code/atlas/install/atlas_msgs/share/atlas_msgs/cmake/export_atlas_msgs__rosidl_typesupport_fastrtps_cppExport-noconfig.cmake
[15.059s] -- Installing: /mnt/d/MOnash/ECE4191/Code/atlas/install/atlas_msgs/share/atlas_msgs/cmake/atlas_msgs__rosidl_typesupport_introspection_cExport.cmake
[15.115s] -- Installing: /mnt/d/MOnash/ECE4191/Code/atlas/install/atlas_msgs/share/atlas_msgs/cmake/atlas_msgs__rosidl_typesupport_introspection_cExport-noconfig.cmake
[15.177s] -- Installing: /mnt/d/MOnash/ECE4191/Code/atlas/install/atlas_msgs/share/atlas_msgs/cmake/atlas_msgs__rosidl_typesupport_cExport.cmake
[15.234s] -- Installing: /mnt/d/MOnash/ECE4191/Code/atlas/install/atlas_msgs/share/atlas_msgs/cmake/atlas_msgs__rosidl_typesupport_cExport-noconfig.cmake
[15.297s] -- Installing: /mnt/d/MOnash/ECE4191/Code/atlas/install/atlas_msgs/share/atlas_msgs/cmake/atlas_msgs__rosidl_typesupport_introspection_cppExport.cmake
[15.354s] -- Installing: /mnt/d/MOnash/ECE4191/Code/atlas/install/atlas_msgs/share/atlas_msgs/cmake/atlas_msgs__rosidl_typesupport_introspection_cppExport-noconfig.cmake
[15.413s] -- Installing: /mnt/d/MOnash/ECE4191/Code/atlas/install/atlas_msgs/share/atlas_msgs/cmake/atlas_msgs__rosidl_typesupport_cppExport.cmake
[15.472s] -- Installing: /mnt/d/MOnash/ECE4191/Code/atlas/install/atlas_msgs/share/atlas_msgs/cmake/atlas_msgs__rosidl_typesupport_cppExport-noconfig.cmake
[15.529s] -- Installing: /mnt/d/MOnash/ECE4191/Code/atlas/install/atlas_msgs/share/atlas_msgs/cmake/export_atlas_msgs__rosidl_generator_pyExport.cmake
[15.586s] -- Installing: /mnt/d/MOnash/ECE4191/Code/atlas/install/atlas_msgs/share/atlas_msgs/cmake/export_atlas_msgs__rosidl_generator_pyExport-noconfig.cmake
[15.640s] -- Installing: /mnt/d/MOnash/ECE4191/Code/atlas/install/atlas_msgs/share/atlas_msgs/cmake/rosidl_cmake-extras.cmake
[15.683s] -- Installing: /mnt/d/MOnash/ECE4191/Code/atlas/install/atlas_msgs/share/atlas_msgs/cmake/ament_cmake_export_include_directories-extras.cmake
[15.727s] -- Installing: /mnt/d/MOnash/ECE4191/Code/atlas/install/atlas_msgs/share/atlas_msgs/cmake/ament_cmake_export_libraries-extras.cmake
[15.772s] -- Installing: /mnt/d/MOnash/ECE4191/Code/atlas/install/atlas_msgs/share/atlas_msgs/cmake/ament_cmake_export_targets-extras.cmake
[15.817s] -- Installing: /mnt/d/MOnash/ECE4191/Code/atlas/install/atlas_msgs/share/atlas_msgs/cmake/rosidl_cmake_export_typesupport_targets-extras.cmake
[15.860s] -- Installing: /mnt/d/MOnash/ECE4191/Code/atlas/install/atlas_msgs/share/atlas_msgs/cmake/ament_cmake_export_dependencies-extras.cmake
[15.911s] -- Installing: /mnt/d/MOnash/ECE4191/Code/atlas/install/atlas_msgs/share/atlas_msgs/cmake/rosidl_cmake_export_typesupport_libraries-extras.cmake
[15.959s] -- Installing: /mnt/d/MOnash/ECE4191/Code/atlas/install/atlas_msgs/share/atlas_msgs/cmake/atlas_msgsConfig.cmake
[16.001s] -- Installing: /mnt/d/MOnash/ECE4191/Code/atlas/install/atlas_msgs/share/atlas_msgs/cmake/atlas_msgsConfig-version.cmake
[16.048s] -- Installing: /mnt/d/MOnash/ECE4191/Code/atlas/install/atlas_msgs/share/atlas_msgs/package.xml
[16.088s] Invoked command in '/mnt/d/MOnash/ECE4191/Code/atlas/build/atlas_msgs' returned '0': CMAKE_PREFIX_PATH=/opt/ros/humble WSLENV=ELECTRON_RUN_AS_NODE/w: /usr/bin/cmake --install /mnt/d/MOnash/ECE4191/Code/atlas/build/atlas_msgs
