running egg_info
writing ../../../build/atlas_python/atlas_python.egg-info/PKG-INFO
writing dependency_links to ../../../build/atlas_python/atlas_python.egg-info/dependency_links.txt
writing entry points to ../../../build/atlas_python/atlas_python.egg-info/entry_points.txt
writing requirements to ../../../build/atlas_python/atlas_python.egg-info/requires.txt
writing top-level names to ../../../build/atlas_python/atlas_python.egg-info/top_level.txt
reading manifest file '../../../build/atlas_python/atlas_python.egg-info/SOURCES.txt'
adding license file 'LICENSE'
writing manifest file '../../../build/atlas_python/atlas_python.egg-info/SOURCES.txt'
running build
running build_py
copying atlas_python/object_detection.py -> /mnt/d/Monash/ECE4191/Code/atlas/build/atlas_python/build/lib/atlas_python
copying atlas_python/planner.py -> /mnt/d/Monash/ECE4191/Code/atlas/build/atlas_python/build/lib/atlas_python
copying atlas_python/serial_comms.py -> /mnt/d/Monash/ECE4191/Code/atlas/build/atlas_python/build/lib/atlas_python
running install
running install_lib
copying /mnt/d/Monash/ECE4191/Code/atlas/build/atlas_python/build/lib/atlas_python/object_detection.py -> /mnt/d/Monash/ECE4191/Code/atlas/install/atlas_python/lib/python3.10/site-packages/atlas_python
copying /mnt/d/Monash/ECE4191/Code/atlas/build/atlas_python/build/lib/atlas_python/planner.py -> /mnt/d/Monash/ECE4191/Code/atlas/install/atlas_python/lib/python3.10/site-packages/atlas_python
copying /mnt/d/Monash/ECE4191/Code/atlas/build/atlas_python/build/lib/atlas_python/serial_comms.py -> /mnt/d/Monash/ECE4191/Code/atlas/install/atlas_python/lib/python3.10/site-packages/atlas_python
byte-compiling /mnt/d/Monash/ECE4191/Code/atlas/install/atlas_python/lib/python3.10/site-packages/atlas_python/object_detection.py to object_detection.cpython-310.pyc
byte-compiling /mnt/d/Monash/ECE4191/Code/atlas/install/atlas_python/lib/python3.10/site-packages/atlas_python/planner.py to planner.cpython-310.pyc
byte-compiling /mnt/d/Monash/ECE4191/Code/atlas/install/atlas_python/lib/python3.10/site-packages/atlas_python/serial_comms.py to serial_comms.cpython-310.pyc
running install_data
copying launch/atlas_launch.py -> /mnt/d/Monash/ECE4191/Code/atlas/install/atlas_python/share/atlas_python/launch
copying resource/models/29_08_640px.onnx -> /mnt/d/Monash/ECE4191/Code/atlas/install/atlas_python/share/atlas_python/models
running install_egg_info
removing '/mnt/d/Monash/ECE4191/Code/atlas/install/atlas_python/lib/python3.10/site-packages/atlas_python-0.0.0-py3.10.egg-info' (and everything under it)
Copying ../../../build/atlas_python/atlas_python.egg-info to /mnt/d/Monash/ECE4191/Code/atlas/install/atlas_python/lib/python3.10/site-packages/atlas_python-0.0.0-py3.10.egg-info
running install_scripts
Installing hello script to /mnt/d/Monash/ECE4191/Code/atlas/install/atlas_python/lib/atlas_python
Installing object_detection script to /mnt/d/Monash/ECE4191/Code/atlas/install/atlas_python/lib/atlas_python
Installing planner script to /mnt/d/Monash/ECE4191/Code/atlas/install/atlas_python/lib/atlas_python
Installing serial_comms script to /mnt/d/Monash/ECE4191/Code/atlas/install/atlas_python/lib/atlas_python
writing list of installed files to '/mnt/d/Monash/ECE4191/Code/atlas/build/atlas_python/install.log'
