[1.208s] Invoking command in '/mnt/d/Monash/ECE4191/Code/atlas/atlas_ws/src/atlas_python': PYTHONPATH=/mnt/d/Monash/ECE4191/Code/atlas/build/atlas_python/prefix_override:/home/anhdau/.local/lib/python3.10/site-packages/colcon_core/task/python/colcon_distutils_commands:/mnt/d/Monash/ECE4191/Code/atlas/install/atlas_python/lib/python3.10/site-packages:${PYTHONPATH} WSLENV=ELECTRON_RUN_AS_NODE/w: /usr/bin/python3 -W ignore:setup.py install is deprecated setup.py egg_info --egg-base ../../../build/atlas_python build --build-base /mnt/d/Monash/ECE4191/Code/atlas/build/atlas_python/build install --record /mnt/d/Monash/ECE4191/Code/atlas/build/atlas_python/install.log --single-version-externally-managed install_data
[1.729s] running egg_info
[1.732s] writing ../../../build/atlas_python/atlas_python.egg-info/PKG-INFO
[1.737s] writing dependency_links to ../../../build/atlas_python/atlas_python.egg-info/dependency_links.txt
[1.741s] writing entry points to ../../../build/atlas_python/atlas_python.egg-info/entry_points.txt
[1.743s] writing requirements to ../../../build/atlas_python/atlas_python.egg-info/requires.txt
[1.746s] writing top-level names to ../../../build/atlas_python/atlas_python.egg-info/top_level.txt
[1.776s] reading manifest file '../../../build/atlas_python/atlas_python.egg-info/SOURCES.txt'
[1.813s] adding license file 'LICENSE'
[1.835s] writing manifest file '../../../build/atlas_python/atlas_python.egg-info/SOURCES.txt'
[1.838s] running build
[1.838s] running build_py
[1.856s] copying atlas_python/object_detection.py -> /mnt/d/Monash/ECE4191/Code/atlas/build/atlas_python/build/lib/atlas_python
[1.874s] copying atlas_python/planner.py -> /mnt/d/Monash/ECE4191/Code/atlas/build/atlas_python/build/lib/atlas_python
[1.890s] copying atlas_python/serial_comms.py -> /mnt/d/Monash/ECE4191/Code/atlas/build/atlas_python/build/lib/atlas_python
[1.910s] running install
[1.910s] running install_lib
[1.950s] copying /mnt/d/Monash/ECE4191/Code/atlas/build/atlas_python/build/lib/atlas_python/object_detection.py -> /mnt/d/Monash/ECE4191/Code/atlas/install/atlas_python/lib/python3.10/site-packages/atlas_python
[1.979s] copying /mnt/d/Monash/ECE4191/Code/atlas/build/atlas_python/build/lib/atlas_python/planner.py -> /mnt/d/Monash/ECE4191/Code/atlas/install/atlas_python/lib/python3.10/site-packages/atlas_python
[2.023s] copying /mnt/d/Monash/ECE4191/Code/atlas/build/atlas_python/build/lib/atlas_python/serial_comms.py -> /mnt/d/Monash/ECE4191/Code/atlas/install/atlas_python/lib/python3.10/site-packages/atlas_python
[2.074s] byte-compiling /mnt/d/Monash/ECE4191/Code/atlas/install/atlas_python/lib/python3.10/site-packages/atlas_python/object_detection.py to object_detection.cpython-310.pyc
[2.120s] byte-compiling /mnt/d/Monash/ECE4191/Code/atlas/install/atlas_python/lib/python3.10/site-packages/atlas_python/planner.py to planner.cpython-310.pyc
[2.173s] byte-compiling /mnt/d/Monash/ECE4191/Code/atlas/install/atlas_python/lib/python3.10/site-packages/atlas_python/serial_comms.py to serial_comms.cpython-310.pyc
[2.209s] running install_data
[2.234s] copying launch/atlas_launch.py -> /mnt/d/Monash/ECE4191/Code/atlas/install/atlas_python/share/atlas_python/launch
[2.282s] copying resource/models/29_08_640px.onnx -> /mnt/d/Monash/ECE4191/Code/atlas/install/atlas_python/share/atlas_python/models
[2.459s] running install_egg_info
[2.468s] removing '/mnt/d/Monash/ECE4191/Code/atlas/install/atlas_python/lib/python3.10/site-packages/atlas_python-0.0.0-py3.10.egg-info' (and everything under it)
[2.513s] Copying ../../../build/atlas_python/atlas_python.egg-info to /mnt/d/Monash/ECE4191/Code/atlas/install/atlas_python/lib/python3.10/site-packages/atlas_python-0.0.0-py3.10.egg-info
[2.695s] running install_scripts
[2.747s] Installing hello script to /mnt/d/Monash/ECE4191/Code/atlas/install/atlas_python/lib/atlas_python
[2.755s] Installing object_detection script to /mnt/d/Monash/ECE4191/Code/atlas/install/atlas_python/lib/atlas_python
[2.764s] Installing planner script to /mnt/d/Monash/ECE4191/Code/atlas/install/atlas_python/lib/atlas_python
[2.772s] Installing serial_comms script to /mnt/d/Monash/ECE4191/Code/atlas/install/atlas_python/lib/atlas_python
[2.782s] writing list of installed files to '/mnt/d/Monash/ECE4191/Code/atlas/build/atlas_python/install.log'
[2.802s] Invoked command in '/mnt/d/Monash/ECE4191/Code/atlas/atlas_ws/src/atlas_python' returned '0': PYTHONPATH=/mnt/d/Monash/ECE4191/Code/atlas/build/atlas_python/prefix_override:/home/anhdau/.local/lib/python3.10/site-packages/colcon_core/task/python/colcon_distutils_commands:/mnt/d/Monash/ECE4191/Code/atlas/install/atlas_python/lib/python3.10/site-packages:${PYTHONPATH} WSLENV=ELECTRON_RUN_AS_NODE/w: /usr/bin/python3 -W ignore:setup.py install is deprecated setup.py egg_info --egg-base ../../../build/atlas_python build --build-base /mnt/d/Monash/ECE4191/Code/atlas/build/atlas_python/build install --record /mnt/d/Monash/ECE4191/Code/atlas/build/atlas_python/install.log --single-version-externally-managed install_data
