[0.258s] DEBUG:colcon:Command line arguments: ['/home/anhdau/.local/bin/colcon', 'build']
[0.258s] DEBUG:colcon:Parsed command line arguments: Namespace(log_base=None, log_level=None, verb_name='build', build_base='build', install_base='install', merge_install=False, symlink_install=False, test_result_base=None, continue_on_error=False, executor='parallel', parallel_workers=16, event_handlers=None, ignore_user_meta=False, metas=['./colcon.meta'], base_paths=['.'], packages_ignore=None, packages_ignore_regex=None, paths=None, packages_up_to=None, packages_up_to_regex=None, packages_above=None, packages_above_and_dependencies=None, packages_above_depth=None, packages_select_by_dep=None, packages_skip_by_dep=None, packages_skip_up_to=None, packages_select_build_failed=False, packages_skip_build_finished=False, packages_select_test_failures=False, packages_skip_test_passed=False, packages_select=None, packages_skip=None, packages_select_regex=None, packages_skip_regex=None, packages_start=None, packages_end=None, allow_overriding=[], cmake_args=None, cmake_target=None, cmake_target_skip_unavailable=False, cmake_clean_cache=False, cmake_clean_first=False, cmake_force_configure=False, ament_cmake_args=None, catkin_cmake_args=None, catkin_skip_building_tests=False, mixin_files=None, mixin=None, verb_parser=<colcon_mixin.mixin.mixin_argument.MixinArgumentDecorator object at 0x7f490e280130>, verb_extension=<colcon_core.verb.build.BuildVerb object at 0x7f490e3e18a0>, main=<bound method BuildVerb.main of <colcon_core.verb.build.BuildVerb object at 0x7f490e3e18a0>>, mixin_verb=('build',))
[0.411s] Level 1:colcon.colcon_core.package_discovery:discover_packages(colcon_meta) check parameters
[0.412s] Level 1:colcon.colcon_core.package_discovery:discover_packages(recursive) check parameters
[0.413s] Level 1:colcon.colcon_core.package_discovery:discover_packages(ignore) check parameters
[0.413s] Level 1:colcon.colcon_core.package_discovery:discover_packages(path) check parameters
[0.414s] Level 1:colcon.colcon_core.package_discovery:discover_packages(colcon_meta) discover
[0.414s] Level 1:colcon.colcon_core.package_discovery:discover_packages(recursive) discover
[0.415s] INFO:colcon.colcon_core.package_discovery:Crawling recursively for packages in '/mnt/d/MOnash/ECE4191/Code/atlas'
[0.416s] Level 1:colcon.colcon_core.package_identification:_identify(.) by extensions ['ignore', 'ignore_ament_install']
[0.417s] Level 1:colcon.colcon_core.package_identification:_identify(.) by extension 'ignore'
[0.417s] Level 1:colcon.colcon_core.package_identification:_identify(.) by extension 'ignore_ament_install'
[0.417s] Level 1:colcon.colcon_core.package_identification:_identify(.) by extensions ['colcon_pkg']
[0.418s] Level 1:colcon.colcon_core.package_identification:_identify(.) by extension 'colcon_pkg'
[0.418s] Level 1:colcon.colcon_core.package_identification:_identify(.) by extensions ['colcon_meta']
[0.418s] Level 1:colcon.colcon_core.package_identification:_identify(.) by extension 'colcon_meta'
[0.418s] Level 1:colcon.colcon_core.package_identification:_identify(.) by extensions ['ros']
[0.418s] Level 1:colcon.colcon_core.package_identification:_identify(.) by extension 'ros'
[0.432s] Level 1:colcon.colcon_core.package_identification:_identify(.) by extensions ['cmake', 'python']
[0.432s] Level 1:colcon.colcon_core.package_identification:_identify(.) by extension 'cmake'
[0.432s] Level 1:colcon.colcon_core.package_identification:_identify(.) by extension 'python'
[0.432s] Level 1:colcon.colcon_core.package_identification:_identify(.) by extensions ['python_setup_py']
[0.432s] Level 1:colcon.colcon_core.package_identification:_identify(.) by extension 'python_setup_py'
[0.434s] Level 1:colcon.colcon_core.package_identification:_identify(atlas_duino) by extensions ['ignore', 'ignore_ament_install']
[0.434s] Level 1:colcon.colcon_core.package_identification:_identify(atlas_duino) by extension 'ignore'
[0.434s] Level 1:colcon.colcon_core.package_identification:_identify(atlas_duino) by extension 'ignore_ament_install'
[0.435s] Level 1:colcon.colcon_core.package_identification:_identify(atlas_duino) by extensions ['colcon_pkg']
[0.435s] Level 1:colcon.colcon_core.package_identification:_identify(atlas_duino) by extension 'colcon_pkg'
[0.436s] Level 1:colcon.colcon_core.package_identification:_identify(atlas_duino) by extensions ['colcon_meta']
[0.436s] Level 1:colcon.colcon_core.package_identification:_identify(atlas_duino) by extension 'colcon_meta'
[0.437s] Level 1:colcon.colcon_core.package_identification:_identify(atlas_duino) by extensions ['ros']
[0.437s] Level 1:colcon.colcon_core.package_identification:_identify(atlas_duino) by extension 'ros'
[0.440s] Level 1:colcon.colcon_core.package_identification:_identify(atlas_duino) by extensions ['cmake', 'python']
[0.440s] Level 1:colcon.colcon_core.package_identification:_identify(atlas_duino) by extension 'cmake'
[0.440s] Level 1:colcon.colcon_core.package_identification:_identify(atlas_duino) by extension 'python'
[0.441s] Level 1:colcon.colcon_core.package_identification:_identify(atlas_duino) by extensions ['python_setup_py']
[0.441s] Level 1:colcon.colcon_core.package_identification:_identify(atlas_duino) by extension 'python_setup_py'
[0.443s] Level 1:colcon.colcon_core.package_identification:_identify(atlas_ws) by extensions ['ignore', 'ignore_ament_install']
[0.443s] Level 1:colcon.colcon_core.package_identification:_identify(atlas_ws) by extension 'ignore'
[0.443s] Level 1:colcon.colcon_core.package_identification:_identify(atlas_ws) by extension 'ignore_ament_install'
[0.444s] Level 1:colcon.colcon_core.package_identification:_identify(atlas_ws) by extensions ['colcon_pkg']
[0.444s] Level 1:colcon.colcon_core.package_identification:_identify(atlas_ws) by extension 'colcon_pkg'
[0.445s] Level 1:colcon.colcon_core.package_identification:_identify(atlas_ws) by extensions ['colcon_meta']
[0.445s] Level 1:colcon.colcon_core.package_identification:_identify(atlas_ws) by extension 'colcon_meta'
[0.445s] Level 1:colcon.colcon_core.package_identification:_identify(atlas_ws) by extensions ['ros']
[0.445s] Level 1:colcon.colcon_core.package_identification:_identify(atlas_ws) by extension 'ros'
[0.447s] Level 1:colcon.colcon_core.package_identification:_identify(atlas_ws) by extensions ['cmake', 'python']
[0.447s] Level 1:colcon.colcon_core.package_identification:_identify(atlas_ws) by extension 'cmake'
[0.448s] Level 1:colcon.colcon_core.package_identification:_identify(atlas_ws) by extension 'python'
[0.448s] Level 1:colcon.colcon_core.package_identification:_identify(atlas_ws) by extensions ['python_setup_py']
[0.448s] Level 1:colcon.colcon_core.package_identification:_identify(atlas_ws) by extension 'python_setup_py'
[0.450s] Level 1:colcon.colcon_core.package_identification:_identify(atlas_ws/build) by extensions ['ignore', 'ignore_ament_install']
[0.450s] Level 1:colcon.colcon_core.package_identification:_identify(atlas_ws/build) by extension 'ignore'
[0.451s] Level 1:colcon.colcon_core.package_identification:_identify(atlas_ws/build) ignored
[0.454s] Level 1:colcon.colcon_core.package_identification:_identify(atlas_ws/install) by extensions ['ignore', 'ignore_ament_install']
[0.454s] Level 1:colcon.colcon_core.package_identification:_identify(atlas_ws/install) by extension 'ignore'
[0.455s] Level 1:colcon.colcon_core.package_identification:_identify(atlas_ws/install) ignored
[0.459s] Level 1:colcon.colcon_core.package_identification:_identify(atlas_ws/log) by extensions ['ignore', 'ignore_ament_install']
[0.459s] Level 1:colcon.colcon_core.package_identification:_identify(atlas_ws/log) by extension 'ignore'
[0.461s] Level 1:colcon.colcon_core.package_identification:_identify(atlas_ws/log) ignored
[0.463s] Level 1:colcon.colcon_core.package_identification:_identify(atlas_ws/src) by extensions ['ignore', 'ignore_ament_install']
[0.463s] Level 1:colcon.colcon_core.package_identification:_identify(atlas_ws/src) by extension 'ignore'
[0.464s] Level 1:colcon.colcon_core.package_identification:_identify(atlas_ws/src) by extension 'ignore_ament_install'
[0.466s] Level 1:colcon.colcon_core.package_identification:_identify(atlas_ws/src) by extensions ['colcon_pkg']
[0.466s] Level 1:colcon.colcon_core.package_identification:_identify(atlas_ws/src) by extension 'colcon_pkg'
[0.467s] Level 1:colcon.colcon_core.package_identification:_identify(atlas_ws/src) by extensions ['colcon_meta']
[0.467s] Level 1:colcon.colcon_core.package_identification:_identify(atlas_ws/src) by extension 'colcon_meta'
[0.468s] Level 1:colcon.colcon_core.package_identification:_identify(atlas_ws/src) by extensions ['ros']
[0.468s] Level 1:colcon.colcon_core.package_identification:_identify(atlas_ws/src) by extension 'ros'
[0.472s] Level 1:colcon.colcon_core.package_identification:_identify(atlas_ws/src) by extensions ['cmake', 'python']
[0.472s] Level 1:colcon.colcon_core.package_identification:_identify(atlas_ws/src) by extension 'cmake'
[0.473s] Level 1:colcon.colcon_core.package_identification:_identify(atlas_ws/src) by extension 'python'
[0.474s] Level 1:colcon.colcon_core.package_identification:_identify(atlas_ws/src) by extensions ['python_setup_py']
[0.474s] Level 1:colcon.colcon_core.package_identification:_identify(atlas_ws/src) by extension 'python_setup_py'
[0.478s] Level 1:colcon.colcon_core.package_identification:_identify(atlas_ws/src/atlas_msgs) by extensions ['ignore', 'ignore_ament_install']
[0.478s] Level 1:colcon.colcon_core.package_identification:_identify(atlas_ws/src/atlas_msgs) by extension 'ignore'
[0.480s] Level 1:colcon.colcon_core.package_identification:_identify(atlas_ws/src/atlas_msgs) by extension 'ignore_ament_install'
[0.481s] Level 1:colcon.colcon_core.package_identification:_identify(atlas_ws/src/atlas_msgs) by extensions ['colcon_pkg']
[0.482s] Level 1:colcon.colcon_core.package_identification:_identify(atlas_ws/src/atlas_msgs) by extension 'colcon_pkg'
[0.482s] Level 1:colcon.colcon_core.package_identification:_identify(atlas_ws/src/atlas_msgs) by extensions ['colcon_meta']
[0.483s] Level 1:colcon.colcon_core.package_identification:_identify(atlas_ws/src/atlas_msgs) by extension 'colcon_meta'
[0.484s] Level 1:colcon.colcon_core.package_identification:_identify(atlas_ws/src/atlas_msgs) by extensions ['ros']
[0.485s] Level 1:colcon.colcon_core.package_identification:_identify(atlas_ws/src/atlas_msgs) by extension 'ros'
[0.508s] DEBUG:colcon.colcon_core.package_identification:Package 'atlas_ws/src/atlas_msgs' with type 'ros.ament_cmake' and name 'atlas_msgs'
[0.512s] Level 1:colcon.colcon_core.package_identification:_identify(atlas_ws/src/atlas_python) by extensions ['ignore', 'ignore_ament_install']
[0.512s] Level 1:colcon.colcon_core.package_identification:_identify(atlas_ws/src/atlas_python) by extension 'ignore'
[0.513s] Level 1:colcon.colcon_core.package_identification:_identify(atlas_ws/src/atlas_python) by extension 'ignore_ament_install'
[0.515s] Level 1:colcon.colcon_core.package_identification:_identify(atlas_ws/src/atlas_python) by extensions ['colcon_pkg']
[0.515s] Level 1:colcon.colcon_core.package_identification:_identify(atlas_ws/src/atlas_python) by extension 'colcon_pkg'
[0.517s] Level 1:colcon.colcon_core.package_identification:_identify(atlas_ws/src/atlas_python) by extensions ['colcon_meta']
[0.517s] Level 1:colcon.colcon_core.package_identification:_identify(atlas_ws/src/atlas_python) by extension 'colcon_meta'
[0.519s] Level 1:colcon.colcon_core.package_identification:_identify(atlas_ws/src/atlas_python) by extensions ['ros']
[0.519s] Level 1:colcon.colcon_core.package_identification:_identify(atlas_ws/src/atlas_python) by extension 'ros'
[0.532s] DEBUG:colcon.colcon_core.package_identification:Package 'atlas_ws/src/atlas_python' with type 'ros.ament_python' and name 'atlas_python'
[0.533s] Level 1:colcon.colcon_core.package_identification:_identify(build) by extensions ['ignore', 'ignore_ament_install']
[0.534s] Level 1:colcon.colcon_core.package_identification:_identify(build) by extension 'ignore'
[0.534s] Level 1:colcon.colcon_core.package_identification:_identify(build) ignored
[0.536s] Level 1:colcon.colcon_core.package_identification:_identify(install) by extensions ['ignore', 'ignore_ament_install']
[0.536s] Level 1:colcon.colcon_core.package_identification:_identify(install) by extension 'ignore'
[0.537s] Level 1:colcon.colcon_core.package_identification:_identify(install) ignored
[0.540s] Level 1:colcon.colcon_core.package_identification:_identify(log) by extensions ['ignore', 'ignore_ament_install']
[0.541s] Level 1:colcon.colcon_core.package_identification:_identify(log) by extension 'ignore'
[0.541s] Level 1:colcon.colcon_core.package_identification:_identify(log) ignored
[0.543s] Level 1:colcon.colcon_core.package_identification:_identify(scripts) by extensions ['ignore', 'ignore_ament_install']
[0.543s] Level 1:colcon.colcon_core.package_identification:_identify(scripts) by extension 'ignore'
[0.543s] Level 1:colcon.colcon_core.package_identification:_identify(scripts) by extension 'ignore_ament_install'
[0.544s] Level 1:colcon.colcon_core.package_identification:_identify(scripts) by extensions ['colcon_pkg']
[0.544s] Level 1:colcon.colcon_core.package_identification:_identify(scripts) by extension 'colcon_pkg'
[0.545s] Level 1:colcon.colcon_core.package_identification:_identify(scripts) by extensions ['colcon_meta']
[0.545s] Level 1:colcon.colcon_core.package_identification:_identify(scripts) by extension 'colcon_meta'
[0.546s] Level 1:colcon.colcon_core.package_identification:_identify(scripts) by extensions ['ros']
[0.546s] Level 1:colcon.colcon_core.package_identification:_identify(scripts) by extension 'ros'
[0.548s] Level 1:colcon.colcon_core.package_identification:_identify(scripts) by extensions ['cmake', 'python']
[0.548s] Level 1:colcon.colcon_core.package_identification:_identify(scripts) by extension 'cmake'
[0.549s] Level 1:colcon.colcon_core.package_identification:_identify(scripts) by extension 'python'
[0.549s] Level 1:colcon.colcon_core.package_identification:_identify(scripts) by extensions ['python_setup_py']
[0.549s] Level 1:colcon.colcon_core.package_identification:_identify(scripts) by extension 'python_setup_py'
[0.552s] Level 1:colcon.colcon_core.package_identification:_identify(scripts/ball_detection) by extensions ['ignore', 'ignore_ament_install']
[0.552s] Level 1:colcon.colcon_core.package_identification:_identify(scripts/ball_detection) by extension 'ignore'
[0.553s] Level 1:colcon.colcon_core.package_identification:_identify(scripts/ball_detection) by extension 'ignore_ament_install'
[0.555s] Level 1:colcon.colcon_core.package_identification:_identify(scripts/ball_detection) by extensions ['colcon_pkg']
[0.555s] Level 1:colcon.colcon_core.package_identification:_identify(scripts/ball_detection) by extension 'colcon_pkg'
[0.556s] Level 1:colcon.colcon_core.package_identification:_identify(scripts/ball_detection) by extensions ['colcon_meta']
[0.556s] Level 1:colcon.colcon_core.package_identification:_identify(scripts/ball_detection) by extension 'colcon_meta'
[0.558s] Level 1:colcon.colcon_core.package_identification:_identify(scripts/ball_detection) by extensions ['ros']
[0.558s] Level 1:colcon.colcon_core.package_identification:_identify(scripts/ball_detection) by extension 'ros'
[0.561s] Level 1:colcon.colcon_core.package_identification:_identify(scripts/ball_detection) by extensions ['cmake', 'python']
[0.562s] Level 1:colcon.colcon_core.package_identification:_identify(scripts/ball_detection) by extension 'cmake'
[0.562s] Level 1:colcon.colcon_core.package_identification:_identify(scripts/ball_detection) by extension 'python'
[0.563s] Level 1:colcon.colcon_core.package_identification:_identify(scripts/ball_detection) by extensions ['python_setup_py']
[0.563s] Level 1:colcon.colcon_core.package_identification:_identify(scripts/ball_detection) by extension 'python_setup_py'
[0.564s] Level 1:colcon.colcon_core.package_discovery:discover_packages(recursive) using defaults
[0.564s] Level 1:colcon.colcon_core.package_discovery:discover_packages(ignore) discover
[0.564s] Level 1:colcon.colcon_core.package_discovery:discover_packages(ignore) using defaults
[0.565s] Level 1:colcon.colcon_core.package_discovery:discover_packages(path) discover
[0.565s] Level 1:colcon.colcon_core.package_discovery:discover_packages(path) using defaults
[0.599s] Level 1:colcon.colcon_core.package_discovery:discover_packages(prefix_path) check parameters
[0.599s] Level 1:colcon.colcon_core.package_discovery:discover_packages(prefix_path) discover
[0.602s] DEBUG:colcon.colcon_installed_package_information.package_discovery:Found 348 installed packages in /opt/ros/humble
[0.604s] Level 1:colcon.colcon_core.package_discovery:discover_packages(prefix_path) using defaults
[0.654s] Level 5:colcon.colcon_core.verb:set package 'atlas_msgs' build argument 'cmake_args' from command line to 'None'
[0.654s] Level 5:colcon.colcon_core.verb:set package 'atlas_msgs' build argument 'cmake_target' from command line to 'None'
[0.654s] Level 5:colcon.colcon_core.verb:set package 'atlas_msgs' build argument 'cmake_target_skip_unavailable' from command line to 'False'
[0.654s] Level 5:colcon.colcon_core.verb:set package 'atlas_msgs' build argument 'cmake_clean_cache' from command line to 'False'
[0.655s] Level 5:colcon.colcon_core.verb:set package 'atlas_msgs' build argument 'cmake_clean_first' from command line to 'False'
[0.655s] Level 5:colcon.colcon_core.verb:set package 'atlas_msgs' build argument 'cmake_force_configure' from command line to 'False'
[0.655s] Level 5:colcon.colcon_core.verb:set package 'atlas_msgs' build argument 'ament_cmake_args' from command line to 'None'
[0.655s] Level 5:colcon.colcon_core.verb:set package 'atlas_msgs' build argument 'catkin_cmake_args' from command line to 'None'
[0.655s] Level 5:colcon.colcon_core.verb:set package 'atlas_msgs' build argument 'catkin_skip_building_tests' from command line to 'False'
[0.656s] DEBUG:colcon.colcon_core.verb:Building package 'atlas_msgs' with the following arguments: {'ament_cmake_args': None, 'build_base': '/mnt/d/MOnash/ECE4191/Code/atlas/build/atlas_msgs', 'catkin_cmake_args': None, 'catkin_skip_building_tests': False, 'cmake_args': None, 'cmake_clean_cache': False, 'cmake_clean_first': False, 'cmake_force_configure': False, 'cmake_target': None, 'cmake_target_skip_unavailable': False, 'install_base': '/mnt/d/MOnash/ECE4191/Code/atlas/install/atlas_msgs', 'merge_install': False, 'path': '/mnt/d/MOnash/ECE4191/Code/atlas/atlas_ws/src/atlas_msgs', 'symlink_install': False, 'test_result_base': None}
[0.656s] Level 5:colcon.colcon_core.verb:set package 'atlas_python' build argument 'cmake_args' from command line to 'None'
[0.656s] Level 5:colcon.colcon_core.verb:set package 'atlas_python' build argument 'cmake_target' from command line to 'None'
[0.657s] Level 5:colcon.colcon_core.verb:set package 'atlas_python' build argument 'cmake_target_skip_unavailable' from command line to 'False'
[0.657s] Level 5:colcon.colcon_core.verb:set package 'atlas_python' build argument 'cmake_clean_cache' from command line to 'False'
[0.657s] Level 5:colcon.colcon_core.verb:set package 'atlas_python' build argument 'cmake_clean_first' from command line to 'False'
[0.657s] Level 5:colcon.colcon_core.verb:set package 'atlas_python' build argument 'cmake_force_configure' from command line to 'False'
[0.657s] Level 5:colcon.colcon_core.verb:set package 'atlas_python' build argument 'ament_cmake_args' from command line to 'None'
[0.657s] Level 5:colcon.colcon_core.verb:set package 'atlas_python' build argument 'catkin_cmake_args' from command line to 'None'
[0.658s] Level 5:colcon.colcon_core.verb:set package 'atlas_python' build argument 'catkin_skip_building_tests' from command line to 'False'
[0.658s] DEBUG:colcon.colcon_core.verb:Building package 'atlas_python' with the following arguments: {'ament_cmake_args': None, 'build_base': '/mnt/d/MOnash/ECE4191/Code/atlas/build/atlas_python', 'catkin_cmake_args': None, 'catkin_skip_building_tests': False, 'cmake_args': None, 'cmake_clean_cache': False, 'cmake_clean_first': False, 'cmake_force_configure': False, 'cmake_target': None, 'cmake_target_skip_unavailable': False, 'install_base': '/mnt/d/MOnash/ECE4191/Code/atlas/install/atlas_python', 'merge_install': False, 'path': '/mnt/d/MOnash/ECE4191/Code/atlas/atlas_ws/src/atlas_python', 'symlink_install': False, 'test_result_base': None}
[0.658s] INFO:colcon.colcon_core.executor:Executing jobs using 'parallel' executor
[0.659s] DEBUG:colcon.colcon_parallel_executor.executor.parallel:run_until_complete
[0.660s] INFO:colcon.colcon_ros.task.ament_cmake.build:Building ROS package in '/mnt/d/MOnash/ECE4191/Code/atlas/atlas_ws/src/atlas_msgs' with build type 'ament_cmake'
[0.660s] INFO:colcon.colcon_cmake.task.cmake.build:Building CMake package in '/mnt/d/MOnash/ECE4191/Code/atlas/atlas_ws/src/atlas_msgs'
[0.663s] INFO:colcon.colcon_core.plugin_system:Skipping extension 'colcon_core.shell.bat': Not used on non-Windows systems
[0.663s] INFO:colcon.colcon_core.shell:Skip shell extension 'powershell' for command environment: Not usable outside of PowerShell
[0.663s] DEBUG:colcon.colcon_core.shell:Skip shell extension 'dsv' for command environment
[0.670s] INFO:colcon.colcon_ros.task.ament_python.build:Building ROS package in '/mnt/d/MOnash/ECE4191/Code/atlas/atlas_ws/src/atlas_python' with build type 'ament_python'
[0.670s] Level 1:colcon.colcon_core.shell:create_environment_hook('atlas_python', 'ament_prefix_path')
[0.671s] INFO:colcon.colcon_core.shell:Creating environment hook '/mnt/d/MOnash/ECE4191/Code/atlas/install/atlas_python/share/atlas_python/hook/ament_prefix_path.ps1'
[0.684s] INFO:colcon.colcon_core.shell:Creating environment descriptor '/mnt/d/MOnash/ECE4191/Code/atlas/install/atlas_python/share/atlas_python/hook/ament_prefix_path.dsv'
[0.694s] INFO:colcon.colcon_core.shell:Creating environment hook '/mnt/d/MOnash/ECE4191/Code/atlas/install/atlas_python/share/atlas_python/hook/ament_prefix_path.sh'
[0.704s] INFO:colcon.colcon_core.shell:Skip shell extension 'powershell' for command environment: Not usable outside of PowerShell
[0.705s] DEBUG:colcon.colcon_core.shell:Skip shell extension 'dsv' for command environment
[0.733s] DEBUG:colcon.colcon_core.event_handler.log_command:Invoking command in '/mnt/d/MOnash/ECE4191/Code/atlas/build/atlas_msgs': CMAKE_PREFIX_PATH=/opt/ros/humble WSLENV=ELECTRON_RUN_AS_NODE/w: /usr/bin/cmake /mnt/d/MOnash/ECE4191/Code/atlas/atlas_ws/src/atlas_msgs -DCMAKE_INSTALL_PREFIX=/mnt/d/MOnash/ECE4191/Code/atlas/install/atlas_msgs
[0.962s] INFO:colcon.colcon_core.task.python.build:Building Python package in '/mnt/d/MOnash/ECE4191/Code/atlas/atlas_ws/src/atlas_python'
[0.962s] INFO:colcon.colcon_core.shell:Skip shell extension 'powershell' for command environment: Not usable outside of PowerShell
[0.962s] DEBUG:colcon.colcon_core.shell:Skip shell extension 'dsv' for command environment
[1.775s] DEBUG:colcon.colcon_core.event_handler.log_command:Invoking command in '/mnt/d/MOnash/ECE4191/Code/atlas/atlas_ws/src/atlas_python': PYTHONPATH=/mnt/d/MOnash/ECE4191/Code/atlas/build/atlas_python/prefix_override:/home/anhdau/.local/lib/python3.10/site-packages/colcon_core/task/python/colcon_distutils_commands:/mnt/d/MOnash/ECE4191/Code/atlas/install/atlas_python/lib/python3.10/site-packages:${PYTHONPATH} WSLENV=ELECTRON_RUN_AS_NODE/w: /usr/bin/python3 -W ignore:setup.py install is deprecated setup.py egg_info --egg-base ../../../build/atlas_python build --build-base /mnt/d/MOnash/ECE4191/Code/atlas/build/atlas_python/build install --record /mnt/d/MOnash/ECE4191/Code/atlas/build/atlas_python/install.log --single-version-externally-managed install_data
[3.396s] DEBUG:colcon.colcon_core.event_handler.log_command:Invoked command in '/mnt/d/MOnash/ECE4191/Code/atlas/build/atlas_msgs' returned '1': CMAKE_PREFIX_PATH=/opt/ros/humble WSLENV=ELECTRON_RUN_AS_NODE/w: /usr/bin/cmake /mnt/d/MOnash/ECE4191/Code/atlas/atlas_ws/src/atlas_msgs -DCMAKE_INSTALL_PREFIX=/mnt/d/MOnash/ECE4191/Code/atlas/install/atlas_msgs
[3.416s] Level 1:colcon.colcon_core.environment:create_environment_scripts_only(atlas_msgs)
[3.418s] Level 1:colcon.colcon_core.environment:checking '/mnt/d/MOnash/ECE4191/Code/atlas/install/atlas_msgs' for CMake module files
[3.422s] Level 1:colcon.colcon_core.environment:checking '/mnt/d/MOnash/ECE4191/Code/atlas/install/atlas_msgs' for CMake config files
[3.424s] Level 1:colcon.colcon_core.environment:checking '/mnt/d/MOnash/ECE4191/Code/atlas/install/atlas_msgs/bin'
[3.424s] Level 1:colcon.colcon_core.environment:checking '/mnt/d/MOnash/ECE4191/Code/atlas/install/atlas_msgs/lib/pkgconfig/atlas_msgs.pc'
[3.424s] Level 1:colcon.colcon_core.environment:checking '/mnt/d/MOnash/ECE4191/Code/atlas/install/atlas_msgs/lib/python3.10/site-packages'
[3.425s] Level 1:colcon.colcon_core.environment:checking '/mnt/d/MOnash/ECE4191/Code/atlas/install/atlas_msgs/bin'
[3.425s] INFO:colcon.colcon_core.shell:Creating package script '/mnt/d/MOnash/ECE4191/Code/atlas/install/atlas_msgs/share/atlas_msgs/package.ps1'
[3.433s] INFO:colcon.colcon_core.shell:Creating package descriptor '/mnt/d/MOnash/ECE4191/Code/atlas/install/atlas_msgs/share/atlas_msgs/package.dsv'
[3.442s] INFO:colcon.colcon_core.shell:Creating package script '/mnt/d/MOnash/ECE4191/Code/atlas/install/atlas_msgs/share/atlas_msgs/package.sh'
[3.449s] INFO:colcon.colcon_core.shell:Creating package script '/mnt/d/MOnash/ECE4191/Code/atlas/install/atlas_msgs/share/atlas_msgs/package.bash'
[3.457s] INFO:colcon.colcon_core.shell:Creating package script '/mnt/d/MOnash/ECE4191/Code/atlas/install/atlas_msgs/share/atlas_msgs/package.zsh'
[3.465s] Level 1:colcon.colcon_core.environment:create_file_with_runtime_dependencies(/mnt/d/MOnash/ECE4191/Code/atlas/install/atlas_msgs/share/colcon-core/packages/atlas_msgs)
[4.101s] DEBUG:colcon.colcon_parallel_executor.executor.parallel:closing loop
[4.101s] DEBUG:colcon.colcon_parallel_executor.executor.parallel:loop closed
[4.102s] DEBUG:colcon.colcon_parallel_executor.executor.parallel:run_until_complete finished with '1'
[4.102s] DEBUG:colcon.colcon_core.event_reactor:joining thread
[4.144s] INFO:colcon.colcon_core.plugin_system:Skipping extension 'colcon_notification.desktop_notification.notify_send': Could not find 'notify-send'
[4.144s] INFO:colcon.colcon_core.plugin_system:Skipping extension 'colcon_notification.desktop_notification.terminal_notifier': Not used on non-Darwin systems
[4.144s] INFO:colcon.colcon_core.plugin_system:Skipping extension 'colcon_notification.desktop_notification.win32': Not used on non-Windows systems
[4.144s] INFO:colcon.colcon_notification.desktop_notification:Sending desktop notification using 'notify2'
[4.145s] DEBUG:colcon.colcon_notification.desktop_notification.notify2:Failed to initialize notify2: org.freedesktop.DBus.Error.FileNotFound: Failed to connect to socket /run/user/1000/bus: No such file or directory
[4.146s] DEBUG:colcon.colcon_core.event_reactor:joined thread
[4.146s] INFO:colcon.colcon_core.shell:Creating prefix script '/mnt/d/MOnash/ECE4191/Code/atlas/install/local_setup.ps1'
[4.150s] INFO:colcon.colcon_core.shell:Creating prefix util module '/mnt/d/MOnash/ECE4191/Code/atlas/install/_local_setup_util_ps1.py'
[4.154s] INFO:colcon.colcon_core.shell:Creating prefix chain script '/mnt/d/MOnash/ECE4191/Code/atlas/install/setup.ps1'
[4.159s] INFO:colcon.colcon_core.shell:Creating prefix script '/mnt/d/MOnash/ECE4191/Code/atlas/install/local_setup.sh'
[4.163s] INFO:colcon.colcon_core.shell:Creating prefix util module '/mnt/d/MOnash/ECE4191/Code/atlas/install/_local_setup_util_sh.py'
[4.167s] INFO:colcon.colcon_core.shell:Creating prefix chain script '/mnt/d/MOnash/ECE4191/Code/atlas/install/setup.sh'
[4.171s] INFO:colcon.colcon_core.shell:Creating prefix script '/mnt/d/MOnash/ECE4191/Code/atlas/install/local_setup.bash'
[4.176s] INFO:colcon.colcon_core.shell:Creating prefix chain script '/mnt/d/MOnash/ECE4191/Code/atlas/install/setup.bash'
[4.181s] INFO:colcon.colcon_core.shell:Creating prefix script '/mnt/d/MOnash/ECE4191/Code/atlas/install/local_setup.zsh'
[4.184s] INFO:colcon.colcon_core.shell:Creating prefix chain script '/mnt/d/MOnash/ECE4191/Code/atlas/install/setup.zsh'
