running egg_info
creating ../../../build/atlas_python/atlas_python.egg-info
writing ../../../build/atlas_python/atlas_python.egg-info/PKG-INFO
writing dependency_links to ../../../build/atlas_python/atlas_python.egg-info/dependency_links.txt
writing entry points to ../../../build/atlas_python/atlas_python.egg-info/entry_points.txt
writing requirements to ../../../build/atlas_python/atlas_python.egg-info/requires.txt
writing top-level names to ../../../build/atlas_python/atlas_python.egg-info/top_level.txt
writing manifest file '../../../build/atlas_python/atlas_python.egg-info/SOURCES.txt'
reading manifest file '../../../build/atlas_python/atlas_python.egg-info/SOURCES.txt'
adding license file 'LICENSE'
writing manifest file '../../../build/atlas_python/atlas_python.egg-info/SOURCES.txt'
running build
running build_py
creating /mnt/d/MOnash/ECE4191/Code/atlas/build/atlas_python/build
creating /mnt/d/MOnash/ECE4191/Code/atlas/build/atlas_python/build/lib
creating /mnt/d/MOnash/ECE4191/Code/atlas/build/atlas_python/build/lib/atlas_python
copying atlas_python/hello.py -> /mnt/d/MOnash/ECE4191/Code/atlas/build/atlas_python/build/lib/atlas_python
copying atlas_python/object_detection.py -> /mnt/d/MOnash/ECE4191/Code/atlas/build/atlas_python/build/lib/atlas_python
copying atlas_python/planner.py -> /mnt/d/MOnash/ECE4191/Code/atlas/build/atlas_python/build/lib/atlas_python
copying atlas_python/pySerialTransfer_test.py -> /mnt/d/MOnash/ECE4191/Code/atlas/build/atlas_python/build/lib/atlas_python
copying atlas_python/__init__.py -> /mnt/d/MOnash/ECE4191/Code/atlas/build/atlas_python/build/lib/atlas_python
running install
running install_lib
creating /mnt/d/MOnash/ECE4191/Code/atlas/install/atlas_python/lib/python3.10/site-packages/atlas_python
copying /mnt/d/MOnash/ECE4191/Code/atlas/build/atlas_python/build/lib/atlas_python/hello.py -> /mnt/d/MOnash/ECE4191/Code/atlas/install/atlas_python/lib/python3.10/site-packages/atlas_python
copying /mnt/d/MOnash/ECE4191/Code/atlas/build/atlas_python/build/lib/atlas_python/object_detection.py -> /mnt/d/MOnash/ECE4191/Code/atlas/install/atlas_python/lib/python3.10/site-packages/atlas_python
copying /mnt/d/MOnash/ECE4191/Code/atlas/build/atlas_python/build/lib/atlas_python/planner.py -> /mnt/d/MOnash/ECE4191/Code/atlas/install/atlas_python/lib/python3.10/site-packages/atlas_python
copying /mnt/d/MOnash/ECE4191/Code/atlas/build/atlas_python/build/lib/atlas_python/pySerialTransfer_test.py -> /mnt/d/MOnash/ECE4191/Code/atlas/install/atlas_python/lib/python3.10/site-packages/atlas_python
copying /mnt/d/MOnash/ECE4191/Code/atlas/build/atlas_python/build/lib/atlas_python/__init__.py -> /mnt/d/MOnash/ECE4191/Code/atlas/install/atlas_python/lib/python3.10/site-packages/atlas_python
byte-compiling /mnt/d/MOnash/ECE4191/Code/atlas/install/atlas_python/lib/python3.10/site-packages/atlas_python/hello.py to hello.cpython-310.pyc
byte-compiling /mnt/d/MOnash/ECE4191/Code/atlas/install/atlas_python/lib/python3.10/site-packages/atlas_python/object_detection.py to object_detection.cpython-310.pyc
byte-compiling /mnt/d/MOnash/ECE4191/Code/atlas/install/atlas_python/lib/python3.10/site-packages/atlas_python/planner.py to planner.cpython-310.pyc
byte-compiling /mnt/d/MOnash/ECE4191/Code/atlas/install/atlas_python/lib/python3.10/site-packages/atlas_python/pySerialTransfer_test.py to pySerialTransfer_test.cpython-310.pyc
byte-compiling /mnt/d/MOnash/ECE4191/Code/atlas/install/atlas_python/lib/python3.10/site-packages/atlas_python/__init__.py to __init__.cpython-310.pyc
running install_data
creating /mnt/d/MOnash/ECE4191/Code/atlas/install/atlas_python/share/ament_index
creating /mnt/d/MOnash/ECE4191/Code/atlas/install/atlas_python/share/ament_index/resource_index
creating /mnt/d/MOnash/ECE4191/Code/atlas/install/atlas_python/share/ament_index/resource_index/packages
copying resource/atlas_python -> /mnt/d/MOnash/ECE4191/Code/atlas/install/atlas_python/share/ament_index/resource_index/packages
creating /mnt/d/MOnash/ECE4191/Code/atlas/install/atlas_python/share/atlas_python/launch
copying launch/atlas_launch.py -> /mnt/d/MOnash/ECE4191/Code/atlas/install/atlas_python/share/atlas_python/launch
creating /mnt/d/MOnash/ECE4191/Code/atlas/install/atlas_python/share/atlas_python/models
copying resource/models/26_08_640px.pt -> /mnt/d/MOnash/ECE4191/Code/atlas/install/atlas_python/share/atlas_python/models
copying resource/models/29_08_640px.pt -> /mnt/d/MOnash/ECE4191/Code/atlas/install/atlas_python/share/atlas_python/models
copying resource/models/old_best.pt -> /mnt/d/MOnash/ECE4191/Code/atlas/install/atlas_python/share/atlas_python/models
copying package.xml -> /mnt/d/MOnash/ECE4191/Code/atlas/install/atlas_python/share/atlas_python
running install_egg_info
Copying ../../../build/atlas_python/atlas_python.egg-info to /mnt/d/MOnash/ECE4191/Code/atlas/install/atlas_python/lib/python3.10/site-packages/atlas_python-0.0.0-py3.10.egg-info
running install_scripts
Installing hello script to /mnt/d/MOnash/ECE4191/Code/atlas/install/atlas_python/lib/atlas_python
Installing object_detection script to /mnt/d/MOnash/ECE4191/Code/atlas/install/atlas_python/lib/atlas_python
writing list of installed files to '/mnt/d/MOnash/ECE4191/Code/atlas/build/atlas_python/install.log'
