[0.078s] Invoking command in '/mnt/d/MOnash/ECE4191/Code/atlas/build/atlas_msgs': CMAKE_PREFIX_PATH=/opt/ros/humble WSLENV=ELECTRON_RUN_AS_NODE/w: /usr/bin/cmake /mnt/d/MOnash/ECE4191/Code/atlas/atlas_ws/src/atlas_msgs -DCMAKE_INSTALL_PREFIX=/mnt/d/MOnash/ECE4191/Code/atlas/install/atlas_msgs
[0.117s] -- Found ament_cmake: 1.3.10 (/opt/ros/humble/share/ament_cmake/cmake)
[0.241s] -- Found ament_lint_auto: 0.12.11 (/opt/ros/humble/share/ament_lint_auto/cmake)
[0.322s] -- Found geometry_msgs: 4.2.4 (/opt/ros/humble/share/geometry_msgs/cmake)
[0.461s] -- Found rosidl_generator_c: 3.1.5 (/opt/ros/humble/share/rosidl_generator_c/cmake)
[0.463s] -- Found rosidl_adapter: 3.1.5 (/opt/ros/humble/share/rosidl_adapter/cmake)
[0.467s] -- Found rosidl_generator_cpp: 3.1.5 (/opt/ros/humble/share/rosidl_generator_cpp/cmake)
[0.476s] -- Using all available rosidl_typesupport_c: rosidl_typesupport_fastrtps_c;rosidl_typesupport_introspection_c
[0.487s] -- Using all available rosidl_typesupport_cpp: rosidl_typesupport_fastrtps_cpp;rosidl_typesupport_introspection_cpp
[0.514s] -- Found rosidl_default_generators: 1.2.0 (/opt/ros/humble/share/rosidl_default_generators/cmake)
[0.524s] [31mCMake Error at /opt/ros/humble/share/rosidl_cmake/cmake/rosidl_generate_interfaces.cmake:93 (message):
[0.525s]   rosidl_generate_interfaces() the passed file 'srv/AtlasCommand.msg' doesn't
[0.525s]   exist relative to the CMAKE_CURRENT_SOURCE_DIR
[0.526s]   '/mnt/d/MOnash/ECE4191/Code/atlas/atlas_ws/src/atlas_msgs'
[0.527s] Call Stack (most recent call first):
[0.528s]   CMakeLists.txt:29 (rosidl_generate_interfaces)
[0.528s] 
[0.529s] [0m
[0.529s] -- Configuring incomplete, errors occurred!
[0.530s] See also "/mnt/d/MOnash/ECE4191/Code/atlas/build/atlas_msgs/CMakeFiles/CMakeOutput.log".
[0.549s] Invoked command in '/mnt/d/MOnash/ECE4191/Code/atlas/build/atlas_msgs' returned '1': CMAKE_PREFIX_PATH=/opt/ros/humble WSLENV=ELECTRON_RUN_AS_NODE/w: /usr/bin/cmake /mnt/d/MOnash/ECE4191/Code/atlas/atlas_ws/src/atlas_msgs -DCMAKE_INSTALL_PREFIX=/mnt/d/MOnash/ECE4191/Code/atlas/install/atlas_msgs
